{"/home/adarbeh/project-401/School-trip-app-backEnd/server.js": {"path":"/home/adarbeh/project-401/School-trip-app-backEnd/server.js","statementMap":{"0":{"start":{"line":3,"column":16},"end":{"line":3,"column":34}},"1":{"start":{"line":4,"column":13},"end":{"line":4,"column":28}},"2":{"start":{"line":5,"column":21},"end":{"line":5,"column":51}},"3":{"start":{"line":6,"column":26},"end":{"line":6,"column":56}},"4":{"start":{"line":7,"column":19},"end":{"line":7,"column":43}},"5":{"start":{"line":8,"column":22},"end":{"line":8,"column":55}},"6":{"start":{"line":9,"column":26},"end":{"line":9,"column":63}},"7":{"start":{"line":10,"column":21},"end":{"line":10,"column":53}},"8":{"start":{"line":11,"column":22},"end":{"line":11,"column":55}},"9":{"start":{"line":12,"column":22},"end":{"line":12,"column":55}},"10":{"start":{"line":15,"column":27},"end":{"line":15,"column":65}},"11":{"start":{"line":17,"column":15},"end":{"line":17,"column":63}},"12":{"start":{"line":20,"column":12},"end":{"line":20,"column":21}},"13":{"start":{"line":22,"column":0},"end":{"line":22,"column":16}},"14":{"start":{"line":23,"column":0},"end":{"line":23,"column":47}},"15":{"start":{"line":24,"column":0},"end":{"line":24,"column":24}},"16":{"start":{"line":25,"column":0},"end":{"line":25,"column":20}},"17":{"start":{"line":26,"column":0},"end":{"line":26,"column":23}},"18":{"start":{"line":27,"column":0},"end":{"line":27,"column":27}},"19":{"start":{"line":28,"column":0},"end":{"line":28,"column":22}},"20":{"start":{"line":29,"column":0},"end":{"line":29,"column":23}},"21":{"start":{"line":31,"column":0},"end":{"line":31,"column":23}},"22":{"start":{"line":33,"column":0},"end":{"line":33,"column":28}},"23":{"start":{"line":35,"column":0},"end":{"line":35,"column":18}},"24":{"start":{"line":36,"column":0},"end":{"line":36,"column":23}},"25":{"start":{"line":41,"column":14},"end":{"line":43,"column":1}},"26":{"start":{"line":42,"column":2},"end":{"line":42,"column":68}},"27":{"start":{"line":42,"column":25},"end":{"line":42,"column":66}},"28":{"start":{"line":45,"column":0},"end":{"line":48,"column":1}}},"fnMap":{"0":{"name":"(anonymous_0)","decl":{"start":{"line":41,"column":14},"end":{"line":41,"column":15}},"loc":{"start":{"line":41,"column":24},"end":{"line":43,"column":1}},"line":41},"1":{"name":"(anonymous_1)","decl":{"start":{"line":42,"column":19},"end":{"line":42,"column":20}},"loc":{"start":{"line":42,"column":25},"end":{"line":42,"column":66}},"line":42}},"branchMap":{},"s":{"0":8,"1":8,"2":8,"3":8,"4":8,"5":8,"6":8,"7":8,"8":8,"9":8,"10":8,"11":8,"12":8,"13":8,"14":8,"15":8,"16":8,"17":8,"18":8,"19":8,"20":8,"21":8,"22":8,"23":8,"24":8,"25":8,"26":0,"27":0,"28":8},"f":{"0":0,"1":0},"b":{},"_coverageSchema":"1a1c01bbd47fc00a2c39e90264f33305004495a9","hash":"4181a4c3320f4995d21f48913df018aa2caebb5a"}
,"/home/adarbeh/project-401/School-trip-app-backEnd/controllers/comment.js": {"path":"/home/adarbeh/project-401/School-trip-app-backEnd/controllers/comment.js","statementMap":{"0":{"start":{"line":3,"column":51},"end":{"line":3,"column":71}},"1":{"start":{"line":7,"column":4},"end":{"line":18,"column":5}},"2":{"start":{"line":8,"column":28},"end":{"line":12,"column":9}},"3":{"start":{"line":13,"column":24},"end":{"line":15,"column":58}},"4":{"start":{"line":14,"column":27},"end":{"line":14,"column":56}},"5":{"start":{"line":15,"column":27},"end":{"line":15,"column":55}},"6":{"start":{"line":17,"column":8},"end":{"line":17,"column":58}},"7":{"start":{"line":46,"column":4},"end":{"line":52,"column":5}},"8":{"start":{"line":47,"column":8},"end":{"line":49,"column":56}},"9":{"start":{"line":48,"column":33},"end":{"line":48,"column":55}},"10":{"start":{"line":49,"column":33},"end":{"line":49,"column":52}},"11":{"start":{"line":51,"column":8},"end":{"line":51,"column":61}},"12":{"start":{"line":56,"column":0},"end":{"line":61,"column":1}}},"fnMap":{"0":{"name":"addComment","decl":{"start":{"line":5,"column":15},"end":{"line":5,"column":25}},"loc":{"start":{"line":5,"column":42},"end":{"line":19,"column":1}},"line":5},"1":{"name":"(anonymous_1)","decl":{"start":{"line":14,"column":14},"end":{"line":14,"column":15}},"loc":{"start":{"line":14,"column":25},"end":{"line":14,"column":58}},"line":14},"2":{"name":"(anonymous_2)","decl":{"start":{"line":15,"column":15},"end":{"line":15,"column":16}},"loc":{"start":{"line":15,"column":25},"end":{"line":15,"column":57}},"line":15},"3":{"name":"deleteComment","decl":{"start":{"line":45,"column":9},"end":{"line":45,"column":22}},"loc":{"start":{"line":45,"column":39},"end":{"line":53,"column":1}},"line":45},"4":{"name":"(anonymous_4)","decl":{"start":{"line":48,"column":18},"end":{"line":48,"column":19}},"loc":{"start":{"line":48,"column":31},"end":{"line":48,"column":57}},"line":48},"5":{"name":"(anonymous_5)","decl":{"start":{"line":49,"column":19},"end":{"line":49,"column":20}},"loc":{"start":{"line":49,"column":31},"end":{"line":49,"column":54}},"line":49}},"branchMap":{},"s":{"0":8,"1":2,"2":2,"3":2,"4":1,"5":1,"6":0,"7":1,"8":1,"9":1,"10":0,"11":0,"12":8},"f":{"0":2,"1":1,"2":1,"3":1,"4":1,"5":0},"b":{},"_coverageSchema":"1a1c01bbd47fc00a2c39e90264f33305004495a9","hash":"906fdf6667bbb86d335893a17771cb88ac8367a2"}
,"/home/adarbeh/project-401/School-trip-app-backEnd/controllers/memory.js": {"path":"/home/adarbeh/project-401/School-trip-app-backEnd/controllers/memory.js","statementMap":{"0":{"start":{"line":4,"column":51},"end":{"line":4,"column":71}},"1":{"start":{"line":8,"column":2},"end":{"line":21,"column":3}},"2":{"start":{"line":9,"column":21},"end":{"line":15,"column":5}},"3":{"start":{"line":16,"column":4},"end":{"line":18,"column":57}},"4":{"start":{"line":17,"column":25},"end":{"line":17,"column":54}},"5":{"start":{"line":18,"column":25},"end":{"line":18,"column":53}},"6":{"start":{"line":20,"column":4},"end":{"line":20,"column":53}},"7":{"start":{"line":49,"column":2},"end":{"line":55,"column":3}},"8":{"start":{"line":50,"column":4},"end":{"line":52,"column":50}},"9":{"start":{"line":51,"column":27},"end":{"line":51,"column":49}},"10":{"start":{"line":52,"column":27},"end":{"line":52,"column":46}},"11":{"start":{"line":54,"column":4},"end":{"line":54,"column":56}},"12":{"start":{"line":84,"column":0},"end":{"line":91,"column":1}}},"fnMap":{"0":{"name":"addMemory","decl":{"start":{"line":6,"column":15},"end":{"line":6,"column":24}},"loc":{"start":{"line":6,"column":41},"end":{"line":22,"column":1}},"line":6},"1":{"name":"(anonymous_1)","decl":{"start":{"line":17,"column":12},"end":{"line":17,"column":13}},"loc":{"start":{"line":17,"column":23},"end":{"line":17,"column":56}},"line":17},"2":{"name":"(anonymous_2)","decl":{"start":{"line":18,"column":13},"end":{"line":18,"column":14}},"loc":{"start":{"line":18,"column":23},"end":{"line":18,"column":55}},"line":18},"3":{"name":"deleteMemory","decl":{"start":{"line":48,"column":15},"end":{"line":48,"column":27}},"loc":{"start":{"line":48,"column":44},"end":{"line":56,"column":1}},"line":48},"4":{"name":"(anonymous_4)","decl":{"start":{"line":51,"column":12},"end":{"line":51,"column":13}},"loc":{"start":{"line":51,"column":25},"end":{"line":51,"column":51}},"line":51},"5":{"name":"(anonymous_5)","decl":{"start":{"line":52,"column":13},"end":{"line":52,"column":14}},"loc":{"start":{"line":52,"column":25},"end":{"line":52,"column":48}},"line":52}},"branchMap":{},"s":{"0":8,"1":3,"2":3,"3":3,"4":3,"5":0,"6":0,"7":1,"8":1,"9":1,"10":0,"11":0,"12":8},"f":{"0":3,"1":3,"2":0,"3":1,"4":1,"5":0},"b":{},"_coverageSchema":"1a1c01bbd47fc00a2c39e90264f33305004495a9","hash":"f42a1b4155352c3e35f4dd2a20e32d11ca7888af"}
,"/home/adarbeh/project-401/School-trip-app-backEnd/controllers/package.js": {"path":"/home/adarbeh/project-401/School-trip-app-backEnd/controllers/package.js","statementMap":{"0":{"start":{"line":3,"column":143},"end":{"line":3,"column":163}},"1":{"start":{"line":5,"column":14},"end":{"line":5,"column":30}},"2":{"start":{"line":74,"column":4},"end":{"line":82,"column":5}},"3":{"start":{"line":75,"column":8},"end":{"line":79,"column":59}},"4":{"start":{"line":77,"column":16},"end":{"line":77,"column":46}},"5":{"start":{"line":79,"column":33},"end":{"line":79,"column":55}},"6":{"start":{"line":81,"column":8},"end":{"line":81,"column":59}},"7":{"start":{"line":120,"column":4},"end":{"line":126,"column":5}},"8":{"start":{"line":121,"column":8},"end":{"line":123,"column":63}},"9":{"start":{"line":122,"column":33},"end":{"line":122,"column":64}},"10":{"start":{"line":123,"column":33},"end":{"line":123,"column":59}},"11":{"start":{"line":125,"column":8},"end":{"line":125,"column":61}},"12":{"start":{"line":146,"column":4},"end":{"line":159,"column":5}},"13":{"start":{"line":147,"column":23},"end":{"line":147,"column":83}},"14":{"start":{"line":150,"column":28},"end":{"line":150,"column":77}},"15":{"start":{"line":151,"column":29},"end":{"line":151,"column":53}},"16":{"start":{"line":152,"column":22},"end":{"line":152,"column":59}},"17":{"start":{"line":154,"column":6},"end":{"line":156,"column":55}},"18":{"start":{"line":155,"column":27},"end":{"line":155,"column":63}},"19":{"start":{"line":156,"column":27},"end":{"line":156,"column":51}},"20":{"start":{"line":158,"column":6},"end":{"line":158,"column":56}},"21":{"start":{"line":163,"column":4},"end":{"line":180,"column":5}},"22":{"start":{"line":164,"column":22},"end":{"line":174,"column":9}},"23":{"start":{"line":175,"column":8},"end":{"line":177,"column":84}},"24":{"start":{"line":176,"column":31},"end":{"line":176,"column":65}},"25":{"start":{"line":177,"column":31},"end":{"line":177,"column":80}},"26":{"start":{"line":179,"column":8},"end":{"line":179,"column":60}},"27":{"start":{"line":184,"column":4},"end":{"line":190,"column":5}},"28":{"start":{"line":185,"column":8},"end":{"line":187,"column":84}},"29":{"start":{"line":186,"column":31},"end":{"line":186,"column":60}},"30":{"start":{"line":187,"column":31},"end":{"line":187,"column":80}},"31":{"start":{"line":189,"column":8},"end":{"line":189,"column":60}},"32":{"start":{"line":235,"column":0},"end":{"line":245,"column":2}}},"fnMap":{"0":{"name":"getPackages","decl":{"start":{"line":73,"column":9},"end":{"line":73,"column":20}},"loc":{"start":{"line":73,"column":37},"end":{"line":83,"column":1}},"line":73},"1":{"name":"(anonymous_1)","decl":{"start":{"line":76,"column":18},"end":{"line":76,"column":19}},"loc":{"start":{"line":76,"column":31},"end":{"line":78,"column":13}},"line":76},"2":{"name":"(anonymous_2)","decl":{"start":{"line":79,"column":19},"end":{"line":79,"column":20}},"loc":{"start":{"line":79,"column":31},"end":{"line":79,"column":57}},"line":79},"3":{"name":"deletePackage","decl":{"start":{"line":119,"column":9},"end":{"line":119,"column":22}},"loc":{"start":{"line":119,"column":39},"end":{"line":127,"column":1}},"line":119},"4":{"name":"(anonymous_4)","decl":{"start":{"line":122,"column":18},"end":{"line":122,"column":19}},"loc":{"start":{"line":122,"column":31},"end":{"line":122,"column":66}},"line":122},"5":{"name":"(anonymous_5)","decl":{"start":{"line":123,"column":19},"end":{"line":123,"column":20}},"loc":{"start":{"line":123,"column":31},"end":{"line":123,"column":61}},"line":123},"6":{"name":"updateRate","decl":{"start":{"line":145,"column":15},"end":{"line":145,"column":25}},"loc":{"start":{"line":145,"column":42},"end":{"line":160,"column":3}},"line":145},"7":{"name":"(anonymous_7)","decl":{"start":{"line":155,"column":14},"end":{"line":155,"column":15}},"loc":{"start":{"line":155,"column":25},"end":{"line":155,"column":65}},"line":155},"8":{"name":"(anonymous_8)","decl":{"start":{"line":156,"column":15},"end":{"line":156,"column":16}},"loc":{"start":{"line":156,"column":25},"end":{"line":156,"column":53}},"line":156},"9":{"name":"orderPackage","decl":{"start":{"line":162,"column":15},"end":{"line":162,"column":27}},"loc":{"start":{"line":162,"column":44},"end":{"line":181,"column":1}},"line":162},"10":{"name":"(anonymous_10)","decl":{"start":{"line":176,"column":18},"end":{"line":176,"column":19}},"loc":{"start":{"line":176,"column":29},"end":{"line":176,"column":67}},"line":176},"11":{"name":"(anonymous_11)","decl":{"start":{"line":177,"column":19},"end":{"line":177,"column":20}},"loc":{"start":{"line":177,"column":29},"end":{"line":177,"column":82}},"line":177},"12":{"name":"getOrders","decl":{"start":{"line":183,"column":15},"end":{"line":183,"column":24}},"loc":{"start":{"line":183,"column":41},"end":{"line":191,"column":1}},"line":183},"13":{"name":"(anonymous_13)","decl":{"start":{"line":186,"column":18},"end":{"line":186,"column":19}},"loc":{"start":{"line":186,"column":29},"end":{"line":186,"column":62}},"line":186},"14":{"name":"(anonymous_14)","decl":{"start":{"line":187,"column":19},"end":{"line":187,"column":20}},"loc":{"start":{"line":187,"column":29},"end":{"line":187,"column":82}},"line":187}},"branchMap":{},"s":{"0":8,"1":8,"2":4,"3":4,"4":4,"5":0,"6":0,"7":1,"8":1,"9":1,"10":0,"11":0,"12":1,"13":1,"14":1,"15":1,"16":1,"17":1,"18":1,"19":0,"20":0,"21":1,"22":1,"23":1,"24":1,"25":0,"26":0,"27":2,"28":2,"29":2,"30":0,"31":0,"32":8},"f":{"0":4,"1":4,"2":0,"3":1,"4":1,"5":0,"6":1,"7":1,"8":0,"9":1,"10":1,"11":0,"12":2,"13":2,"14":0},"b":{},"_coverageSchema":"1a1c01bbd47fc00a2c39e90264f33305004495a9","hash":"1e2d493a8f0b90dfcf6d16370f982a7005a22f2f"}
,"/home/adarbeh/project-401/School-trip-app-backEnd/controllers/photograhper.js": {"path":"/home/adarbeh/project-401/School-trip-app-backEnd/controllers/photograhper.js","statementMap":{"0":{"start":{"line":3,"column":30},"end":{"line":3,"column":56}},"1":{"start":{"line":5,"column":24},"end":{"line":24,"column":1}},"2":{"start":{"line":6,"column":17},"end":{"line":6,"column":25}},"3":{"start":{"line":7,"column":4},"end":{"line":22,"column":5}},"4":{"start":{"line":8,"column":32},"end":{"line":16,"column":9}},"5":{"start":{"line":17,"column":29},"end":{"line":17,"column":76}},"6":{"start":{"line":18,"column":8},"end":{"line":18,"column":43}},"7":{"start":{"line":21,"column":8},"end":{"line":21,"column":27}},"8":{"start":{"line":26,"column":27},"end":{"line":34,"column":1}},"9":{"start":{"line":27,"column":4},"end":{"line":33,"column":5}},"10":{"start":{"line":28,"column":24},"end":{"line":28,"column":57}},"11":{"start":{"line":30,"column":8},"end":{"line":30,"column":38}},"12":{"start":{"line":32,"column":8},"end":{"line":32,"column":27}},"13":{"start":{"line":36,"column":16},"end":{"line":55,"column":1}},"14":{"start":{"line":37,"column":4},"end":{"line":54,"column":5}},"15":{"start":{"line":38,"column":19},"end":{"line":38,"column":32}},"16":{"start":{"line":39,"column":26},"end":{"line":39,"column":44}},"17":{"start":{"line":40,"column":29},"end":{"line":40,"column":79}},"18":{"start":{"line":41,"column":8},"end":{"line":43,"column":11}},"19":{"start":{"line":44,"column":8},"end":{"line":46,"column":10}},"20":{"start":{"line":47,"column":8},"end":{"line":49,"column":11}},"21":{"start":{"line":50,"column":8},"end":{"line":50,"column":43}},"22":{"start":{"line":53,"column":8},"end":{"line":53,"column":27}},"23":{"start":{"line":63,"column":0},"end":{"line":67,"column":1}}},"fnMap":{"0":{"name":"(anonymous_0)","decl":{"start":{"line":5,"column":24},"end":{"line":5,"column":25}},"loc":{"start":{"line":5,"column":44},"end":{"line":24,"column":1}},"line":5},"1":{"name":"(anonymous_1)","decl":{"start":{"line":26,"column":27},"end":{"line":26,"column":28}},"loc":{"start":{"line":26,"column":47},"end":{"line":34,"column":1}},"line":26},"2":{"name":"(anonymous_2)","decl":{"start":{"line":36,"column":16},"end":{"line":36,"column":17}},"loc":{"start":{"line":36,"column":36},"end":{"line":55,"column":1}},"line":36}},"branchMap":{},"s":{"0":8,"1":8,"2":3,"3":3,"4":3,"5":3,"6":3,"7":0,"8":8,"9":1,"10":1,"11":1,"12":0,"13":8,"14":1,"15":1,"16":1,"17":1,"18":1,"19":1,"20":1,"21":1,"22":0,"23":8},"f":{"0":3,"1":1,"2":1},"b":{},"_coverageSchema":"1a1c01bbd47fc00a2c39e90264f33305004495a9","hash":"94eaa033f28497196f2e663c87a3236df3cf8eb9"}
,"/home/adarbeh/project-401/School-trip-app-backEnd/controllers/product.js": {"path":"/home/adarbeh/project-401/School-trip-app-backEnd/controllers/product.js","statementMap":{"0":{"start":{"line":4,"column":35},"end":{"line":4,"column":55}},"1":{"start":{"line":8,"column":2},"end":{"line":14,"column":3}},"2":{"start":{"line":9,"column":6},"end":{"line":11,"column":57}},"3":{"start":{"line":10,"column":25},"end":{"line":10,"column":54}},"4":{"start":{"line":11,"column":25},"end":{"line":11,"column":53}},"5":{"start":{"line":13,"column":4},"end":{"line":13,"column":54}},"6":{"start":{"line":53,"column":0},"end":{"line":58,"column":1}}},"fnMap":{"0":{"name":"addProduct","decl":{"start":{"line":6,"column":9},"end":{"line":6,"column":19}},"loc":{"start":{"line":6,"column":36},"end":{"line":15,"column":1}},"line":6},"1":{"name":"(anonymous_1)","decl":{"start":{"line":10,"column":12},"end":{"line":10,"column":13}},"loc":{"start":{"line":10,"column":23},"end":{"line":10,"column":56}},"line":10},"2":{"name":"(anonymous_2)","decl":{"start":{"line":11,"column":13},"end":{"line":11,"column":14}},"loc":{"start":{"line":11,"column":23},"end":{"line":11,"column":55}},"line":11}},"branchMap":{},"s":{"0":8,"1":2,"2":2,"3":2,"4":0,"5":0,"6":8},"f":{"0":2,"1":2,"2":0},"b":{},"_coverageSchema":"1a1c01bbd47fc00a2c39e90264f33305004495a9","hash":"3e2d1b77f90876793eb7007bb27cfa874a3f7d0d"}
,"/home/adarbeh/project-401/School-trip-app-backEnd/controllers/tripRequest.js": {"path":"/home/adarbeh/project-401/School-trip-app-backEnd/controllers/tripRequest.js","statementMap":{"0":{"start":{"line":3,"column":40},"end":{"line":3,"column":60}},"1":{"start":{"line":8,"column":2},"end":{"line":14,"column":3}},"2":{"start":{"line":9,"column":4},"end":{"line":11,"column":57}},"3":{"start":{"line":10,"column":25},"end":{"line":10,"column":54}},"4":{"start":{"line":11,"column":25},"end":{"line":11,"column":53}},"5":{"start":{"line":13,"column":4},"end":{"line":13,"column":58}},"6":{"start":{"line":18,"column":2},"end":{"line":26,"column":3}},"7":{"start":{"line":19,"column":4},"end":{"line":23,"column":50}},"8":{"start":{"line":21,"column":8},"end":{"line":21,"column":38}},"9":{"start":{"line":23,"column":27},"end":{"line":23,"column":46}},"10":{"start":{"line":25,"column":4},"end":{"line":25,"column":58}},"11":{"start":{"line":30,"column":2},"end":{"line":36,"column":3}},"12":{"start":{"line":31,"column":4},"end":{"line":33,"column":48}},"13":{"start":{"line":32,"column":25},"end":{"line":32,"column":56}},"14":{"start":{"line":33,"column":25},"end":{"line":33,"column":44}},"15":{"start":{"line":35,"column":4},"end":{"line":35,"column":61}},"16":{"start":{"line":51,"column":2},"end":{"line":56,"column":3}},"17":{"start":{"line":52,"column":27},"end":{"line":52,"column":80}},"18":{"start":{"line":53,"column":5},"end":{"line":53,"column":43}},"19":{"start":{"line":55,"column":4},"end":{"line":55,"column":23}},"20":{"start":{"line":59,"column":0},"end":{"line":65,"column":2}}},"fnMap":{"0":{"name":"addTripRequest","decl":{"start":{"line":5,"column":9},"end":{"line":5,"column":23}},"loc":{"start":{"line":5,"column":40},"end":{"line":15,"column":1}},"line":5},"1":{"name":"(anonymous_1)","decl":{"start":{"line":10,"column":12},"end":{"line":10,"column":13}},"loc":{"start":{"line":10,"column":23},"end":{"line":10,"column":56}},"line":10},"2":{"name":"(anonymous_2)","decl":{"start":{"line":11,"column":13},"end":{"line":11,"column":14}},"loc":{"start":{"line":11,"column":23},"end":{"line":11,"column":55}},"line":11},"3":{"name":"getTripRequest","decl":{"start":{"line":17,"column":9},"end":{"line":17,"column":23}},"loc":{"start":{"line":17,"column":40},"end":{"line":27,"column":1}},"line":17},"4":{"name":"(anonymous_4)","decl":{"start":{"line":20,"column":12},"end":{"line":20,"column":13}},"loc":{"start":{"line":20,"column":25},"end":{"line":22,"column":7}},"line":20},"5":{"name":"(anonymous_5)","decl":{"start":{"line":23,"column":13},"end":{"line":23,"column":14}},"loc":{"start":{"line":23,"column":25},"end":{"line":23,"column":48}},"line":23},"6":{"name":"updateTripRequest","decl":{"start":{"line":29,"column":9},"end":{"line":29,"column":26}},"loc":{"start":{"line":29,"column":43},"end":{"line":37,"column":1}},"line":29},"7":{"name":"(anonymous_7)","decl":{"start":{"line":32,"column":12},"end":{"line":32,"column":13}},"loc":{"start":{"line":32,"column":23},"end":{"line":32,"column":58}},"line":32},"8":{"name":"(anonymous_8)","decl":{"start":{"line":33,"column":13},"end":{"line":33,"column":14}},"loc":{"start":{"line":33,"column":23},"end":{"line":33,"column":46}},"line":33},"9":{"name":"getUserWithRequest","decl":{"start":{"line":50,"column":15},"end":{"line":50,"column":33}},"loc":{"start":{"line":50,"column":44},"end":{"line":57,"column":1}},"line":50}},"branchMap":{},"s":{"0":8,"1":1,"2":1,"3":1,"4":0,"5":0,"6":2,"7":2,"8":2,"9":0,"10":0,"11":1,"12":1,"13":1,"14":0,"15":0,"16":1,"17":1,"18":1,"19":0,"20":8},"f":{"0":1,"1":1,"2":0,"3":2,"4":2,"5":0,"6":1,"7":1,"8":0,"9":1},"b":{},"_coverageSchema":"1a1c01bbd47fc00a2c39e90264f33305004495a9","hash":"fd360c58c0dbb0ff729caa43a72b7f72f359a0c7"}
,"/home/adarbeh/project-401/School-trip-app-backEnd/controllers/user.js": {"path":"/home/adarbeh/project-401/School-trip-app-backEnd/controllers/user.js","statementMap":{"0":{"start":{"line":3,"column":15},"end":{"line":3,"column":32}},"1":{"start":{"line":4,"column":15},"end":{"line":4,"column":33}},"2":{"start":{"line":7,"column":22},"end":{"line":7,"column":42}},"3":{"start":{"line":11,"column":22},"end":{"line":45,"column":1}},"4":{"start":{"line":12,"column":4},"end":{"line":44,"column":5}},"5":{"start":{"line":13,"column":25},"end":{"line":13,"column":33}},"6":{"start":{"line":14,"column":22},"end":{"line":14,"column":24}},"7":{"start":{"line":15,"column":8},"end":{"line":35,"column":9}},"8":{"start":{"line":16,"column":12},"end":{"line":24,"column":14}},"9":{"start":{"line":27,"column":12},"end":{"line":34,"column":14}},"10":{"start":{"line":37,"column":21},"end":{"line":37,"column":52}},"11":{"start":{"line":38,"column":8},"end":{"line":38,"column":45}},"12":{"start":{"line":38,"column":18},"end":{"line":38,"column":45}},"13":{"start":{"line":42,"column":8},"end":{"line":42,"column":27}},"14":{"start":{"line":47,"column":15},"end":{"line":73,"column":1}},"15":{"start":{"line":48,"column":4},"end":{"line":72,"column":5}},"16":{"start":{"line":50,"column":25},"end":{"line":50,"column":64}},"17":{"start":{"line":51,"column":24},"end":{"line":51,"column":47}},"18":{"start":{"line":52,"column":37},"end":{"line":52,"column":55}},"19":{"start":{"line":53,"column":21},"end":{"line":53,"column":79}},"20":{"start":{"line":54,"column":8},"end":{"line":67,"column":9}},"21":{"start":{"line":55,"column":34},"end":{"line":55,"column":79}},"22":{"start":{"line":56,"column":12},"end":{"line":63,"column":13}},"23":{"start":{"line":57,"column":16},"end":{"line":57,"column":50}},"24":{"start":{"line":60,"column":16},"end":{"line":62,"column":19}},"25":{"start":{"line":66,"column":12},"end":{"line":66,"column":84}},"26":{"start":{"line":71,"column":8},"end":{"line":71,"column":27}},"27":{"start":{"line":75,"column":20},"end":{"line":82,"column":1}},"28":{"start":{"line":76,"column":4},"end":{"line":81,"column":5}},"29":{"start":{"line":77,"column":21},"end":{"line":77,"column":72}},"30":{"start":{"line":78,"column":8},"end":{"line":78,"column":35}},"31":{"start":{"line":80,"column":8},"end":{"line":80,"column":54}},"32":{"start":{"line":85,"column":24},"end":{"line":97,"column":1}},"33":{"start":{"line":86,"column":4},"end":{"line":96,"column":5}},"34":{"start":{"line":87,"column":19},"end":{"line":87,"column":32}},"35":{"start":{"line":88,"column":21},"end":{"line":88,"column":63}},"36":{"start":{"line":89,"column":8},"end":{"line":91,"column":11}},"37":{"start":{"line":92,"column":8},"end":{"line":92,"column":35}},"38":{"start":{"line":95,"column":8},"end":{"line":95,"column":27}},"39":{"start":{"line":100,"column":19},"end":{"line":108,"column":1}},"40":{"start":{"line":101,"column":4},"end":{"line":107,"column":5}},"41":{"start":{"line":102,"column":19},"end":{"line":102,"column":32}},"42":{"start":{"line":103,"column":8},"end":{"line":103,"column":51}},"43":{"start":{"line":104,"column":8},"end":{"line":104,"column":30}},"44":{"start":{"line":106,"column":8},"end":{"line":106,"column":27}},"45":{"start":{"line":115,"column":0},"end":{"line":122,"column":2}}},"fnMap":{"0":{"name":"(anonymous_0)","decl":{"start":{"line":11,"column":22},"end":{"line":11,"column":23}},"loc":{"start":{"line":11,"column":42},"end":{"line":45,"column":1}},"line":11},"1":{"name":"(anonymous_1)","decl":{"start":{"line":47,"column":15},"end":{"line":47,"column":16}},"loc":{"start":{"line":47,"column":35},"end":{"line":73,"column":1}},"line":47},"2":{"name":"(anonymous_2)","decl":{"start":{"line":75,"column":20},"end":{"line":75,"column":21}},"loc":{"start":{"line":75,"column":40},"end":{"line":82,"column":1}},"line":75},"3":{"name":"(anonymous_3)","decl":{"start":{"line":85,"column":24},"end":{"line":85,"column":25}},"loc":{"start":{"line":85,"column":44},"end":{"line":97,"column":1}},"line":85},"4":{"name":"(anonymous_4)","decl":{"start":{"line":100,"column":19},"end":{"line":100,"column":20}},"loc":{"start":{"line":100,"column":39},"end":{"line":108,"column":1}},"line":100}},"branchMap":{"0":{"loc":{"start":{"line":15,"column":8},"end":{"line":35,"column":9}},"type":"if","locations":[{"start":{"line":15,"column":8},"end":{"line":35,"column":9}},{"start":{"line":26,"column":13},"end":{"line":35,"column":9}}],"line":15},"1":{"loc":{"start":{"line":38,"column":8},"end":{"line":38,"column":45}},"type":"if","locations":[{"start":{"line":38,"column":8},"end":{"line":38,"column":45}},{"start":{},"end":{}}],"line":38},"2":{"loc":{"start":{"line":54,"column":8},"end":{"line":67,"column":9}},"type":"if","locations":[{"start":{"line":54,"column":8},"end":{"line":67,"column":9}},{"start":{"line":65,"column":13},"end":{"line":67,"column":9}}],"line":54},"3":{"loc":{"start":{"line":56,"column":12},"end":{"line":63,"column":13}},"type":"if","locations":[{"start":{"line":56,"column":12},"end":{"line":63,"column":13}},{"start":{"line":59,"column":17},"end":{"line":63,"column":13}}],"line":56}},"s":{"0":8,"1":8,"2":8,"3":8,"4":6,"5":6,"6":6,"7":6,"8":0,"9":6,"10":6,"11":6,"12":6,"13":0,"14":8,"15":1,"16":1,"17":1,"18":1,"19":1,"20":1,"21":1,"22":1,"23":1,"24":0,"25":0,"26":0,"27":8,"28":1,"29":1,"30":1,"31":0,"32":8,"33":0,"34":0,"35":0,"36":0,"37":0,"38":0,"39":8,"40":1,"41":1,"42":1,"43":1,"44":0,"45":8},"f":{"0":6,"1":1,"2":1,"3":0,"4":1},"b":{"0":[0,6],"1":[6,0],"2":[1,0],"3":[1,0]},"_coverageSchema":"1a1c01bbd47fc00a2c39e90264f33305004495a9","hash":"2b9c6b3d4eb35aced9bca81611416ac6ed55aaaa"}
,"/home/adarbeh/project-401/School-trip-app-backEnd/errorHandlers/404.js": {"path":"/home/adarbeh/project-401/School-trip-app-backEnd/errorHandlers/404.js","statementMap":{"0":{"start":{"line":5,"column":2},"end":{"line":14,"column":3}},"1":{"start":{"line":6,"column":4},"end":{"line":11,"column":5}},"2":{"start":{"line":13,"column":4},"end":{"line":13,"column":53}},"3":{"start":{"line":19,"column":0},"end":{"line":19,"column":30}}},"fnMap":{"0":{"name":"notFound","decl":{"start":{"line":4,"column":9},"end":{"line":4,"column":17}},"loc":{"start":{"line":4,"column":34},"end":{"line":15,"column":1}},"line":4}},"branchMap":{},"s":{"0":1,"1":1,"2":0,"3":8},"f":{"0":1},"b":{},"_coverageSchema":"1a1c01bbd47fc00a2c39e90264f33305004495a9","hash":"8211132496ec17d0065400c3ad33393e367bce9c"}
,"/home/adarbeh/project-401/School-trip-app-backEnd/errorHandlers/500.js": {"path":"/home/adarbeh/project-401/School-trip-app-backEnd/errorHandlers/500.js","statementMap":{"0":{"start":{"line":5,"column":2},"end":{"line":14,"column":3}},"1":{"start":{"line":6,"column":4},"end":{"line":11,"column":5}},"2":{"start":{"line":13,"column":4},"end":{"line":13,"column":65}},"3":{"start":{"line":19,"column":0},"end":{"line":19,"column":35}}},"fnMap":{"0":{"name":"internalError","decl":{"start":{"line":4,"column":9},"end":{"line":4,"column":22}},"loc":{"start":{"line":4,"column":46},"end":{"line":15,"column":1}},"line":4}},"branchMap":{},"s":{"0":0,"1":0,"2":0,"3":8},"f":{"0":0},"b":{},"_coverageSchema":"1a1c01bbd47fc00a2c39e90264f33305004495a9","hash":"11b0275183594bbe7a5bef9a541134aa08614c9f"}
,"/home/adarbeh/project-401/School-trip-app-backEnd/middlewares/bearerAuth.js": {"path":"/home/adarbeh/project-401/School-trip-app-backEnd/middlewares/bearerAuth.js","statementMap":{"0":{"start":{"line":3,"column":22},"end":{"line":3,"column":48}},"1":{"start":{"line":5,"column":0},"end":{"line":27,"column":1}},"2":{"start":{"line":6,"column":4},"end":{"line":8,"column":5}},"3":{"start":{"line":6,"column":36},"end":{"line":8,"column":5}},"4":{"start":{"line":9,"column":4},"end":{"line":26,"column":9}},"5":{"start":{"line":10,"column":22},"end":{"line":10,"column":61}},"6":{"start":{"line":11,"column":8},"end":{"line":13,"column":9}},"7":{"start":{"line":12,"column":12},"end":{"line":12,"column":46}},"8":{"start":{"line":14,"column":26},"end":{"line":14,"column":60}},"9":{"start":{"line":15,"column":25},"end":{"line":15,"column":93}},"10":{"start":{"line":16,"column":8},"end":{"line":22,"column":9}},"11":{"start":{"line":17,"column":12},"end":{"line":17,"column":32}},"12":{"start":{"line":18,"column":12},"end":{"line":18,"column":39}},"13":{"start":{"line":19,"column":12},"end":{"line":19,"column":19}},"14":{"start":{"line":21,"column":12},"end":{"line":21,"column":33}},"15":{"start":{"line":25,"column":8},"end":{"line":25,"column":37}}},"fnMap":{"0":{"name":"(anonymous_0)","decl":{"start":{"line":5,"column":17},"end":{"line":5,"column":18}},"loc":{"start":{"line":5,"column":43},"end":{"line":27,"column":1}},"line":5}},"branchMap":{"0":{"loc":{"start":{"line":6,"column":4},"end":{"line":8,"column":5}},"type":"if","locations":[{"start":{"line":6,"column":4},"end":{"line":8,"column":5}},{"start":{},"end":{}}],"line":6},"1":{"loc":{"start":{"line":11,"column":8},"end":{"line":13,"column":9}},"type":"if","locations":[{"start":{"line":11,"column":8},"end":{"line":13,"column":9}},{"start":{},"end":{}}],"line":11},"2":{"loc":{"start":{"line":16,"column":8},"end":{"line":22,"column":9}},"type":"if","locations":[{"start":{"line":16,"column":8},"end":{"line":22,"column":9}},{"start":{"line":20,"column":15},"end":{"line":22,"column":9}}],"line":16},"3":{"loc":{"start":{"line":25,"column":13},"end":{"line":25,"column":35}},"type":"binary-expr","locations":[{"start":{"line":25,"column":13},"end":{"line":25,"column":26}},{"start":{"line":25,"column":30},"end":{"line":25,"column":35}}],"line":25}},"s":{"0":8,"1":8,"2":0,"3":0,"4":0,"5":0,"6":0,"7":0,"8":0,"9":0,"10":0,"11":0,"12":0,"13":0,"14":0,"15":0},"f":{"0":0},"b":{"0":[0,0],"1":[0,0],"2":[0,0],"3":[0,0]},"_coverageSchema":"1a1c01bbd47fc00a2c39e90264f33305004495a9","hash":"a2ed842f26cf726314c1db9a6d8fbc6c272141e4"}
,"/home/adarbeh/project-401/School-trip-app-backEnd/middlewares/userCheck.js": {"path":"/home/adarbeh/project-401/School-trip-app-backEnd/middlewares/userCheck.js","statementMap":{"0":{"start":{"line":4,"column":22},"end":{"line":4,"column":42}},"1":{"start":{"line":7,"column":18},"end":{"line":25,"column":1}},"2":{"start":{"line":8,"column":2},"end":{"line":24,"column":3}},"3":{"start":{"line":9,"column":21},"end":{"line":9,"column":88}},"4":{"start":{"line":10,"column":4},"end":{"line":14,"column":5}},"5":{"start":{"line":11,"column":6},"end":{"line":13,"column":9}},"6":{"start":{"line":15,"column":18},"end":{"line":15,"column":79}},"7":{"start":{"line":16,"column":4},"end":{"line":20,"column":5}},"8":{"start":{"line":17,"column":6},"end":{"line":19,"column":9}},"9":{"start":{"line":21,"column":4},"end":{"line":21,"column":11}},"10":{"start":{"line":23,"column":4},"end":{"line":23,"column":23}},"11":{"start":{"line":27,"column":0},"end":{"line":29,"column":1}}},"fnMap":{"0":{"name":"(anonymous_0)","decl":{"start":{"line":7,"column":18},"end":{"line":7,"column":19}},"loc":{"start":{"line":7,"column":44},"end":{"line":25,"column":1}},"line":7}},"branchMap":{"0":{"loc":{"start":{"line":10,"column":4},"end":{"line":14,"column":5}},"type":"if","locations":[{"start":{"line":10,"column":4},"end":{"line":14,"column":5}},{"start":{},"end":{}}],"line":10},"1":{"loc":{"start":{"line":16,"column":4},"end":{"line":20,"column":5}},"type":"if","locations":[{"start":{"line":16,"column":4},"end":{"line":20,"column":5}},{"start":{},"end":{}}],"line":16}},"s":{"0":8,"1":8,"2":6,"3":6,"4":6,"5":0,"6":6,"7":6,"8":0,"9":6,"10":0,"11":8},"f":{"0":6},"b":{"0":[0,6],"1":[0,6]},"_coverageSchema":"1a1c01bbd47fc00a2c39e90264f33305004495a9","hash":"cf76499db1f8027af08907cb1b86d85ec12088ff"}
,"/home/adarbeh/project-401/School-trip-app-backEnd/models/comment.model.js": {"path":"/home/adarbeh/project-401/School-trip-app-backEnd/models/comment.model.js","statementMap":{"0":{"start":{"line":3,"column":0},"end":{"line":10,"column":1}},"1":{"start":{"line":4,"column":23},"end":{"line":8,"column":4}},"2":{"start":{"line":9,"column":2},"end":{"line":9,"column":22}}},"fnMap":{"0":{"name":"(anonymous_0)","decl":{"start":{"line":3,"column":17},"end":{"line":3,"column":18}},"loc":{"start":{"line":3,"column":43},"end":{"line":10,"column":1}},"line":3}},"branchMap":{},"s":{"0":8,"1":8,"2":8},"f":{"0":8},"b":{},"_coverageSchema":"1a1c01bbd47fc00a2c39e90264f33305004495a9","hash":"c47813be08e9064b171eef6c341646a029048431"}
,"/home/adarbeh/project-401/School-trip-app-backEnd/models/hospital.model.js": {"path":"/home/adarbeh/project-401/School-trip-app-backEnd/models/hospital.model.js","statementMap":{"0":{"start":{"line":3,"column":0},"end":{"line":13,"column":1}},"1":{"start":{"line":5,"column":24},"end":{"line":11,"column":4}},"2":{"start":{"line":12,"column":2},"end":{"line":12,"column":23}}},"fnMap":{"0":{"name":"(anonymous_0)","decl":{"start":{"line":3,"column":17},"end":{"line":3,"column":18}},"loc":{"start":{"line":3,"column":43},"end":{"line":13,"column":1}},"line":3}},"branchMap":{},"s":{"0":8,"1":8,"2":8},"f":{"0":8},"b":{},"_coverageSchema":"1a1c01bbd47fc00a2c39e90264f33305004495a9","hash":"0f34f6f740941dd49bdb47181a497e57774247d2"}
,"/home/adarbeh/project-401/School-trip-app-backEnd/models/index.js": {"path":"/home/adarbeh/project-401/School-trip-app-backEnd/models/index.js","statementMap":{"0":{"start":{"line":2,"column":0},"end":{"line":2,"column":27}},"1":{"start":{"line":4,"column":33},"end":{"line":4,"column":53}},"2":{"start":{"line":6,"column":24},"end":{"line":13,"column":1}},"3":{"start":{"line":14,"column":21},"end":{"line":14,"column":45}},"4":{"start":{"line":16,"column":16},"end":{"line":16,"column":60}},"5":{"start":{"line":18,"column":18},"end":{"line":18,"column":57}},"6":{"start":{"line":19,"column":21},"end":{"line":19,"column":69}},"7":{"start":{"line":20,"column":22},"end":{"line":20,"column":71}},"8":{"start":{"line":21,"column":21},"end":{"line":21,"column":69}},"9":{"start":{"line":22,"column":28},"end":{"line":22,"column":83}},"10":{"start":{"line":23,"column":27},"end":{"line":23,"column":81}},"11":{"start":{"line":24,"column":25},"end":{"line":24,"column":77}},"12":{"start":{"line":25,"column":25},"end":{"line":25,"column":77}},"13":{"start":{"line":26,"column":22},"end":{"line":26,"column":71}},"14":{"start":{"line":27,"column":21},"end":{"line":27,"column":69}},"15":{"start":{"line":28,"column":26},"end":{"line":28,"column":79}},"16":{"start":{"line":31,"column":0},"end":{"line":31,"column":87}},"17":{"start":{"line":32,"column":0},"end":{"line":32,"column":89}},"18":{"start":{"line":34,"column":0},"end":{"line":34,"column":87}},"19":{"start":{"line":35,"column":0},"end":{"line":35,"column":88}},"20":{"start":{"line":37,"column":0},"end":{"line":37,"column":82}},"21":{"start":{"line":38,"column":0},"end":{"line":38,"column":83}},"22":{"start":{"line":40,"column":0},"end":{"line":40,"column":76}},"23":{"start":{"line":41,"column":0},"end":{"line":41,"column":77}},"24":{"start":{"line":43,"column":0},"end":{"line":43,"column":75}},"25":{"start":{"line":44,"column":0},"end":{"line":44,"column":76}},"26":{"start":{"line":46,"column":0},"end":{"line":46,"column":81}},"27":{"start":{"line":47,"column":0},"end":{"line":47,"column":82}},"28":{"start":{"line":49,"column":0},"end":{"line":49,"column":79}},"29":{"start":{"line":50,"column":0},"end":{"line":50,"column":80}},"30":{"start":{"line":52,"column":0},"end":{"line":52,"column":85}},"31":{"start":{"line":53,"column":0},"end":{"line":53,"column":86}},"32":{"start":{"line":55,"column":0},"end":{"line":55,"column":94}},"33":{"start":{"line":56,"column":0},"end":{"line":56,"column":96}},"34":{"start":{"line":58,"column":0},"end":{"line":58,"column":71}},"35":{"start":{"line":59,"column":0},"end":{"line":59,"column":75}},"36":{"start":{"line":62,"column":0},"end":{"line":67,"column":4}},"37":{"start":{"line":64,"column":2},"end":{"line":64,"column":48}},"38":{"start":{"line":66,"column":2},"end":{"line":66,"column":19}},"39":{"start":{"line":70,"column":0},"end":{"line":83,"column":1}}},"fnMap":{"0":{"name":"(anonymous_0)","decl":{"start":{"line":63,"column":7},"end":{"line":63,"column":8}},"loc":{"start":{"line":63,"column":13},"end":{"line":65,"column":2}},"line":63},"1":{"name":"(anonymous_1)","decl":{"start":{"line":65,"column":10},"end":{"line":65,"column":11}},"loc":{"start":{"line":65,"column":19},"end":{"line":67,"column":2}},"line":65}},"branchMap":{},"s":{"0":8,"1":8,"2":8,"3":8,"4":8,"5":8,"6":8,"7":8,"8":8,"9":8,"10":8,"11":8,"12":8,"13":8,"14":8,"15":8,"16":8,"17":8,"18":8,"19":8,"20":8,"21":8,"22":8,"23":8,"24":8,"25":8,"26":8,"27":8,"28":8,"29":8,"30":8,"31":8,"32":8,"33":8,"34":8,"35":8,"36":8,"37":7,"38":0,"39":8},"f":{"0":7,"1":0},"b":{},"_coverageSchema":"1a1c01bbd47fc00a2c39e90264f33305004495a9","hash":"94cc2241ae88b25c050b70f0325e430235ebf25f"}
,"/home/adarbeh/project-401/School-trip-app-backEnd/models/memories.model.js": {"path":"/home/adarbeh/project-401/School-trip-app-backEnd/models/memories.model.js","statementMap":{"0":{"start":{"line":3,"column":0},"end":{"line":13,"column":1}},"1":{"start":{"line":5,"column":24},"end":{"line":11,"column":4}},"2":{"start":{"line":12,"column":2},"end":{"line":12,"column":23}}},"fnMap":{"0":{"name":"(anonymous_0)","decl":{"start":{"line":3,"column":17},"end":{"line":3,"column":18}},"loc":{"start":{"line":3,"column":43},"end":{"line":13,"column":1}},"line":3}},"branchMap":{},"s":{"0":8,"1":8,"2":8},"f":{"0":8},"b":{},"_coverageSchema":"1a1c01bbd47fc00a2c39e90264f33305004495a9","hash":"c032a88fec3eb8c225c0d5eb7803009e880fe909"}
,"/home/adarbeh/project-401/School-trip-app-backEnd/models/package.model.js": {"path":"/home/adarbeh/project-401/School-trip-app-backEnd/models/package.model.js","statementMap":{"0":{"start":{"line":3,"column":0},"end":{"line":25,"column":1}},"1":{"start":{"line":5,"column":22},"end":{"line":23,"column":3}},"2":{"start":{"line":24,"column":1},"end":{"line":24,"column":21}}},"fnMap":{"0":{"name":"(anonymous_0)","decl":{"start":{"line":3,"column":17},"end":{"line":3,"column":18}},"loc":{"start":{"line":3,"column":43},"end":{"line":25,"column":1}},"line":3}},"branchMap":{},"s":{"0":8,"1":8,"2":8},"f":{"0":8},"b":{},"_coverageSchema":"1a1c01bbd47fc00a2c39e90264f33305004495a9","hash":"fa07bdef8518cd50a0fb02d2c58fc8a8309a921e"}
,"/home/adarbeh/project-401/School-trip-app-backEnd/models/packageImages.model.js": {"path":"/home/adarbeh/project-401/School-trip-app-backEnd/models/packageImages.model.js","statementMap":{"0":{"start":{"line":3,"column":0},"end":{"line":10,"column":1}},"1":{"start":{"line":5,"column":4},"end":{"line":8,"column":6}},"2":{"start":{"line":9,"column":2},"end":{"line":9,"column":28}}},"fnMap":{"0":{"name":"(anonymous_0)","decl":{"start":{"line":3,"column":17},"end":{"line":3,"column":18}},"loc":{"start":{"line":3,"column":43},"end":{"line":10,"column":1}},"line":3}},"branchMap":{},"s":{"0":8,"1":8,"2":8},"f":{"0":8},"b":{},"_coverageSchema":"1a1c01bbd47fc00a2c39e90264f33305004495a9","hash":"64b4167a22cda2be546520e8dca572585f19eb90"}
,"/home/adarbeh/project-401/School-trip-app-backEnd/models/packageWeather.model.js": {"path":"/home/adarbeh/project-401/School-trip-app-backEnd/models/packageWeather.model.js","statementMap":{"0":{"start":{"line":3,"column":0},"end":{"line":13,"column":1}},"1":{"start":{"line":4,"column":30},"end":{"line":11,"column":4}},"2":{"start":{"line":12,"column":2},"end":{"line":12,"column":29}}},"fnMap":{"0":{"name":"(anonymous_0)","decl":{"start":{"line":3,"column":17},"end":{"line":3,"column":18}},"loc":{"start":{"line":3,"column":43},"end":{"line":13,"column":1}},"line":3}},"branchMap":{},"s":{"0":8,"1":8,"2":8},"f":{"0":8},"b":{},"_coverageSchema":"1a1c01bbd47fc00a2c39e90264f33305004495a9","hash":"871aded7e57472b6e7533473bb2854472759a1ab"}
,"/home/adarbeh/project-401/School-trip-app-backEnd/models/photographer.model.js": {"path":"/home/adarbeh/project-401/School-trip-app-backEnd/models/photographer.model.js","statementMap":{"0":{"start":{"line":3,"column":0},"end":{"line":40,"column":1}},"1":{"start":{"line":5,"column":30},"end":{"line":38,"column":6}},"2":{"start":{"line":39,"column":4},"end":{"line":39,"column":29}}},"fnMap":{"0":{"name":"(anonymous_0)","decl":{"start":{"line":3,"column":17},"end":{"line":3,"column":18}},"loc":{"start":{"line":3,"column":43},"end":{"line":40,"column":1}},"line":3}},"branchMap":{},"s":{"0":8,"1":8,"2":8},"f":{"0":8},"b":{},"_coverageSchema":"1a1c01bbd47fc00a2c39e90264f33305004495a9","hash":"2c56c012e874a668e0e406ad5db9dcb0e02bf836"}
,"/home/adarbeh/project-401/School-trip-app-backEnd/models/product.model.js": {"path":"/home/adarbeh/project-401/School-trip-app-backEnd/models/product.model.js","statementMap":{"0":{"start":{"line":3,"column":0},"end":{"line":14,"column":1}},"1":{"start":{"line":5,"column":19},"end":{"line":12,"column":4}},"2":{"start":{"line":13,"column":1},"end":{"line":13,"column":21}}},"fnMap":{"0":{"name":"(anonymous_0)","decl":{"start":{"line":3,"column":15},"end":{"line":3,"column":16}},"loc":{"start":{"line":3,"column":39},"end":{"line":14,"column":1}},"line":3}},"branchMap":{},"s":{"0":8,"1":8,"2":8},"f":{"0":8},"b":{},"_coverageSchema":"1a1c01bbd47fc00a2c39e90264f33305004495a9","hash":"fe1b1706a89a3095ada2a83fbba77fd45e0d4249"}
,"/home/adarbeh/project-401/School-trip-app-backEnd/models/tripRequest.model.js": {"path":"/home/adarbeh/project-401/School-trip-app-backEnd/models/tripRequest.model.js","statementMap":{"0":{"start":{"line":3,"column":0},"end":{"line":17,"column":1}},"1":{"start":{"line":4,"column":27},"end":{"line":14,"column":4}},"2":{"start":{"line":15,"column":2},"end":{"line":15,"column":26}}},"fnMap":{"0":{"name":"(anonymous_0)","decl":{"start":{"line":3,"column":17},"end":{"line":3,"column":18}},"loc":{"start":{"line":3,"column":43},"end":{"line":17,"column":1}},"line":3}},"branchMap":{},"s":{"0":8,"1":8,"2":8},"f":{"0":8},"b":{},"_coverageSchema":"1a1c01bbd47fc00a2c39e90264f33305004495a9","hash":"dbf720660914ed3f568f3177fa2e1955c350171e"}
,"/home/adarbeh/project-401/School-trip-app-backEnd/models/tripsOrders.model.js": {"path":"/home/adarbeh/project-401/School-trip-app-backEnd/models/tripsOrders.model.js","statementMap":{"0":{"start":{"line":4,"column":0},"end":{"line":20,"column":1}},"1":{"start":{"line":6,"column":27},"end":{"line":18,"column":4}},"2":{"start":{"line":19,"column":2},"end":{"line":19,"column":26}}},"fnMap":{"0":{"name":"(anonymous_0)","decl":{"start":{"line":4,"column":17},"end":{"line":4,"column":18}},"loc":{"start":{"line":4,"column":43},"end":{"line":20,"column":1}},"line":4}},"branchMap":{},"s":{"0":8,"1":8,"2":8},"f":{"0":8},"b":{},"_coverageSchema":"1a1c01bbd47fc00a2c39e90264f33305004495a9","hash":"3bddc9222bf3310952a672dca8552f4c9672d2b3"}
,"/home/adarbeh/project-401/School-trip-app-backEnd/models/user.js": {"path":"/home/adarbeh/project-401/School-trip-app-backEnd/models/user.js","statementMap":{"0":{"start":{"line":3,"column":12},"end":{"line":3,"column":35}},"1":{"start":{"line":5,"column":0},"end":{"line":81,"column":1}},"2":{"start":{"line":6,"column":17},"end":{"line":70,"column":6}},"3":{"start":{"line":24,"column":16},"end":{"line":26,"column":42}},"4":{"start":{"line":29,"column":16},"end":{"line":29,"column":65}},"5":{"start":{"line":40,"column":28},"end":{"line":45,"column":17}},"6":{"start":{"line":46,"column":16},"end":{"line":46,"column":42}},"7":{"start":{"line":63,"column":28},"end":{"line":66,"column":17}},"8":{"start":{"line":67,"column":16},"end":{"line":67,"column":40}},"9":{"start":{"line":71,"column":4},"end":{"line":79,"column":5}},"10":{"start":{"line":72,"column":8},"end":{"line":78,"column":10}},"11":{"start":{"line":73,"column":12},"end":{"line":77,"column":13}},"12":{"start":{"line":74,"column":16},"end":{"line":74,"column":27}},"13":{"start":{"line":76,"column":16},"end":{"line":76,"column":30}},"14":{"start":{"line":80,"column":4},"end":{"line":80,"column":16}}},"fnMap":{"0":{"name":"(anonymous_0)","decl":{"start":{"line":5,"column":17},"end":{"line":5,"column":18}},"loc":{"start":{"line":5,"column":43},"end":{"line":81,"column":1}},"line":5},"1":{"name":"(anonymous_1)","decl":{"start":{"line":23,"column":17},"end":{"line":23,"column":18}},"loc":{"start":{"line":23,"column":29},"end":{"line":27,"column":13}},"line":23},"2":{"name":"(anonymous_2)","decl":{"start":{"line":28,"column":12},"end":{"line":28,"column":13}},"loc":{"start":{"line":28,"column":26},"end":{"line":30,"column":13}},"line":28},"3":{"name":"(anonymous_3)","decl":{"start":{"line":39,"column":17},"end":{"line":39,"column":18}},"loc":{"start":{"line":39,"column":29},"end":{"line":47,"column":13}},"line":39},"4":{"name":"(anonymous_4)","decl":{"start":{"line":62,"column":17},"end":{"line":62,"column":18}},"loc":{"start":{"line":62,"column":29},"end":{"line":68,"column":13}},"line":62},"5":{"name":"(anonymous_5)","decl":{"start":{"line":71,"column":29},"end":{"line":71,"column":30}},"loc":{"start":{"line":71,"column":40},"end":{"line":79,"column":5}},"line":71},"6":{"name":"(anonymous_6)","decl":{"start":{"line":72,"column":57},"end":{"line":72,"column":58}},"loc":{"start":{"line":72,"column":74},"end":{"line":78,"column":9}},"line":72}},"branchMap":{"0":{"loc":{"start":{"line":73,"column":12},"end":{"line":77,"column":13}},"type":"if","locations":[{"start":{"line":73,"column":12},"end":{"line":77,"column":13}},{"start":{"line":75,"column":19},"end":{"line":77,"column":13}}],"line":73}},"s":{"0":8,"1":8,"2":8,"3":20,"4":0,"5":20,"6":20,"7":20,"8":20,"9":8,"10":0,"11":0,"12":0,"13":0,"14":8},"f":{"0":8,"1":20,"2":0,"3":20,"4":20,"5":0,"6":0},"b":{"0":[0,0]},"_coverageSchema":"1a1c01bbd47fc00a2c39e90264f33305004495a9","hash":"d6e6c95c781ffaaf4fd59aee1f5cce3b1c0c22e1"}
,"/home/adarbeh/project-401/School-trip-app-backEnd/routes/comment.route.js": {"path":"/home/adarbeh/project-401/School-trip-app-backEnd/routes/comment.route.js","statementMap":{"0":{"start":{"line":3,"column":15},"end":{"line":3,"column":42}},"1":{"start":{"line":5,"column":72},"end":{"line":5,"column":105}},"2":{"start":{"line":8,"column":0},"end":{"line":8,"column":52}},"3":{"start":{"line":9,"column":0},"end":{"line":9,"column":42}},"4":{"start":{"line":10,"column":0},"end":{"line":10,"column":45}},"5":{"start":{"line":12,"column":0},"end":{"line":12,"column":24}}},"fnMap":{},"branchMap":{},"s":{"0":8,"1":8,"2":8,"3":8,"4":8,"5":8},"f":{},"b":{},"_coverageSchema":"1a1c01bbd47fc00a2c39e90264f33305004495a9","hash":"9a8917ac8ffddba6e8401d4b39725332c849c157"}
,"/home/adarbeh/project-401/School-trip-app-backEnd/routes/memory.route.js": {"path":"/home/adarbeh/project-401/School-trip-app-backEnd/routes/memory.route.js","statementMap":{"0":{"start":{"line":3,"column":15},"end":{"line":3,"column":42}},"1":{"start":{"line":10,"column":19},"end":{"line":10,"column":51}},"2":{"start":{"line":12,"column":0},"end":{"line":12,"column":42}},"3":{"start":{"line":13,"column":0},"end":{"line":13,"column":34}},"4":{"start":{"line":14,"column":0},"end":{"line":14,"column":40}},"5":{"start":{"line":15,"column":0},"end":{"line":15,"column":43}},"6":{"start":{"line":16,"column":0},"end":{"line":16,"column":38}},"7":{"start":{"line":17,"column":0},"end":{"line":17,"column":44}},"8":{"start":{"line":20,"column":0},"end":{"line":20,"column":24}}},"fnMap":{},"branchMap":{},"s":{"0":8,"1":8,"2":8,"3":8,"4":8,"5":8,"6":8,"7":8,"8":8},"f":{},"b":{},"_coverageSchema":"1a1c01bbd47fc00a2c39e90264f33305004495a9","hash":"f4beda16a44f8ac90fbcc0744043e5bc4c61e31a"}
,"/home/adarbeh/project-401/School-trip-app-backEnd/routes/package.route.js": {"path":"/home/adarbeh/project-401/School-trip-app-backEnd/routes/package.route.js","statementMap":{"0":{"start":{"line":3,"column":15},"end":{"line":3,"column":42}},"1":{"start":{"line":12,"column":17},"end":{"line":12,"column":50}},"2":{"start":{"line":15,"column":0},"end":{"line":15,"column":36}},"3":{"start":{"line":16,"column":0},"end":{"line":16,"column":36}},"4":{"start":{"line":17,"column":0},"end":{"line":17,"column":42}},"5":{"start":{"line":18,"column":0},"end":{"line":18,"column":45}},"6":{"start":{"line":19,"column":0},"end":{"line":19,"column":44}},"7":{"start":{"line":21,"column":0},"end":{"line":21,"column":79}},"8":{"start":{"line":22,"column":0},"end":{"line":22,"column":40}},"9":{"start":{"line":23,"column":0},"end":{"line":23,"column":46}},"10":{"start":{"line":25,"column":0},"end":{"line":25,"column":49}},"11":{"start":{"line":28,"column":0},"end":{"line":28,"column":24}}},"fnMap":{},"branchMap":{},"s":{"0":8,"1":8,"2":8,"3":8,"4":8,"5":8,"6":8,"7":8,"8":8,"9":8,"10":8,"11":8},"f":{},"b":{},"_coverageSchema":"1a1c01bbd47fc00a2c39e90264f33305004495a9","hash":"879bb1a8dab1090d732057332b98a41951b6a334"}
,"/home/adarbeh/project-401/School-trip-app-backEnd/routes/photographer.route.js": {"path":"/home/adarbeh/project-401/School-trip-app-backEnd/routes/photographer.route.js","statementMap":{"0":{"start":{"line":3,"column":15},"end":{"line":3,"column":42}},"1":{"start":{"line":7,"column":27},"end":{"line":7,"column":65}},"2":{"start":{"line":9,"column":0},"end":{"line":9,"column":41}},"3":{"start":{"line":10,"column":0},"end":{"line":10,"column":46}},"4":{"start":{"line":11,"column":0},"end":{"line":11,"column":48}},"5":{"start":{"line":14,"column":0},"end":{"line":14,"column":24}}},"fnMap":{},"branchMap":{},"s":{"0":8,"1":8,"2":8,"3":8,"4":8,"5":8},"f":{},"b":{},"_coverageSchema":"1a1c01bbd47fc00a2c39e90264f33305004495a9","hash":"042e5cfc0114f7c1da788092f7f33b8bf7f47df3"}
,"/home/adarbeh/project-401/School-trip-app-backEnd/routes/product.route.js": {"path":"/home/adarbeh/project-401/School-trip-app-backEnd/routes/product.route.js","statementMap":{"0":{"start":{"line":3,"column":15},"end":{"line":3,"column":42}},"1":{"start":{"line":8,"column":17},"end":{"line":8,"column":50}},"2":{"start":{"line":12,"column":0},"end":{"line":12,"column":36}},"3":{"start":{"line":13,"column":0},"end":{"line":13,"column":35}},"4":{"start":{"line":14,"column":0},"end":{"line":14,"column":42}},"5":{"start":{"line":15,"column":0},"end":{"line":15,"column":45}},"6":{"start":{"line":19,"column":0},"end":{"line":19,"column":24}}},"fnMap":{},"branchMap":{},"s":{"0":8,"1":8,"2":8,"3":8,"4":8,"5":8,"6":8},"f":{},"b":{},"_coverageSchema":"1a1c01bbd47fc00a2c39e90264f33305004495a9","hash":"5e863827b322f97e990da517c2772397ecb7a517"}
,"/home/adarbeh/project-401/School-trip-app-backEnd/routes/tripRequest.route.js": {"path":"/home/adarbeh/project-401/School-trip-app-backEnd/routes/tripRequest.route.js","statementMap":{"0":{"start":{"line":3,"column":15},"end":{"line":3,"column":42}},"1":{"start":{"line":8,"column":21},"end":{"line":8,"column":58}},"2":{"start":{"line":11,"column":0},"end":{"line":11,"column":44}},"3":{"start":{"line":12,"column":0},"end":{"line":12,"column":43}},"4":{"start":{"line":13,"column":0},"end":{"line":13,"column":50}},"5":{"start":{"line":14,"column":0},"end":{"line":14,"column":53}},"6":{"start":{"line":15,"column":0},"end":{"line":15,"column":52}},"7":{"start":{"line":17,"column":0},"end":{"line":17,"column":24}}},"fnMap":{},"branchMap":{},"s":{"0":8,"1":8,"2":8,"3":8,"4":8,"5":8,"6":8,"7":8},"f":{},"b":{},"_coverageSchema":"1a1c01bbd47fc00a2c39e90264f33305004495a9","hash":"579244852099ef8d1150f113a30369f167fcbd30"}
,"/home/adarbeh/project-401/School-trip-app-backEnd/routes/user.js": {"path":"/home/adarbeh/project-401/School-trip-app-backEnd/routes/user.js","statementMap":{"0":{"start":{"line":1,"column":15},"end":{"line":1,"column":42}},"1":{"start":{"line":3,"column":15},"end":{"line":3,"column":32}},"2":{"start":{"line":4,"column":13},"end":{"line":4,"column":28}},"3":{"start":{"line":6,"column":22},"end":{"line":6,"column":57}},"4":{"start":{"line":7,"column":19},"end":{"line":7,"column":55}},"5":{"start":{"line":12,"column":23},"end":{"line":12,"column":53}},"6":{"start":{"line":14,"column":16},"end":{"line":21,"column":2}},"7":{"start":{"line":16,"column":8},"end":{"line":16,"column":26}},"8":{"start":{"line":19,"column":8},"end":{"line":19,"column":62}},"9":{"start":{"line":23,"column":15},"end":{"line":36,"column":18}},"10":{"start":{"line":27,"column":26},"end":{"line":27,"column":44}},"11":{"start":{"line":28,"column":25},"end":{"line":28,"column":54}},"12":{"start":{"line":29,"column":24},"end":{"line":29,"column":71}},"13":{"start":{"line":31,"column":8},"end":{"line":33,"column":9}},"14":{"start":{"line":32,"column":12},"end":{"line":32,"column":33}},"15":{"start":{"line":34,"column":8},"end":{"line":34,"column":49}},"16":{"start":{"line":39,"column":0},"end":{"line":39,"column":55}},"17":{"start":{"line":42,"column":0},"end":{"line":42,"column":31}},"18":{"start":{"line":46,"column":0},"end":{"line":46,"column":34}},"19":{"start":{"line":49,"column":0},"end":{"line":49,"column":40}},"20":{"start":{"line":52,"column":0},"end":{"line":52,"column":38}},"21":{"start":{"line":57,"column":0},"end":{"line":57,"column":24}}},"fnMap":{"0":{"name":"(anonymous_0)","decl":{"start":{"line":15,"column":17},"end":{"line":15,"column":18}},"loc":{"start":{"line":15,"column":36},"end":{"line":17,"column":5}},"line":15},"1":{"name":"(anonymous_1)","decl":{"start":{"line":18,"column":14},"end":{"line":18,"column":15}},"loc":{"start":{"line":18,"column":33},"end":{"line":20,"column":5}},"line":18},"2":{"name":"(anonymous_2)","decl":{"start":{"line":26,"column":16},"end":{"line":26,"column":17}},"loc":{"start":{"line":26,"column":35},"end":{"line":35,"column":5}},"line":26}},"branchMap":{"0":{"loc":{"start":{"line":31,"column":8},"end":{"line":33,"column":9}},"type":"if","locations":[{"start":{"line":31,"column":8},"end":{"line":33,"column":9}},{"start":{},"end":{}}],"line":31},"1":{"loc":{"start":{"line":31,"column":12},"end":{"line":31,"column":31}},"type":"binary-expr","locations":[{"start":{"line":31,"column":12},"end":{"line":31,"column":20}},{"start":{"line":31,"column":24},"end":{"line":31,"column":31}}],"line":31}},"s":{"0":8,"1":8,"2":8,"3":8,"4":8,"5":8,"6":8,"7":0,"8":0,"9":8,"10":0,"11":0,"12":0,"13":0,"14":0,"15":0,"16":8,"17":8,"18":8,"19":8,"20":8,"21":8},"f":{"0":0,"1":0,"2":0},"b":{"0":[0,0],"1":[0,0]},"_coverageSchema":"1a1c01bbd47fc00a2c39e90264f33305004495a9","hash":"b65669cfbc42e010f1b94fd337700bb4826a724e"}
}
