{"/home/wlla/School-trip-app-backEnd/server.js": {"path":"/home/wlla/School-trip-app-backEnd/server.js","statementMap":{"0":{"start":{"line":3,"column":16},"end":{"line":3,"column":34}},"1":{"start":{"line":4,"column":13},"end":{"line":4,"column":28}},"2":{"start":{"line":5,"column":21},"end":{"line":5,"column":51}},"3":{"start":{"line":6,"column":26},"end":{"line":6,"column":56}},"4":{"start":{"line":7,"column":19},"end":{"line":7,"column":43}},"5":{"start":{"line":8,"column":22},"end":{"line":8,"column":55}},"6":{"start":{"line":9,"column":29},"end":{"line":9,"column":69}},"7":{"start":{"line":10,"column":28},"end":{"line":10,"column":67}},"8":{"start":{"line":11,"column":26},"end":{"line":11,"column":63}},"9":{"start":{"line":12,"column":21},"end":{"line":12,"column":53}},"10":{"start":{"line":13,"column":22},"end":{"line":13,"column":56}},"11":{"start":{"line":15,"column":22},"end":{"line":15,"column":55}},"12":{"start":{"line":16,"column":27},"end":{"line":16,"column":64}},"13":{"start":{"line":19,"column":27},"end":{"line":19,"column":65}},"14":{"start":{"line":21,"column":15},"end":{"line":21,"column":63}},"15":{"start":{"line":24,"column":12},"end":{"line":24,"column":21}},"16":{"start":{"line":26,"column":0},"end":{"line":26,"column":16}},"17":{"start":{"line":27,"column":0},"end":{"line":27,"column":47}},"18":{"start":{"line":28,"column":0},"end":{"line":28,"column":24}},"19":{"start":{"line":29,"column":0},"end":{"line":29,"column":20}},"20":{"start":{"line":30,"column":0},"end":{"line":30,"column":23}},"21":{"start":{"line":31,"column":0},"end":{"line":31,"column":30}},"22":{"start":{"line":32,"column":0},"end":{"line":32,"column":29}},"23":{"start":{"line":33,"column":0},"end":{"line":33,"column":27}},"24":{"start":{"line":34,"column":0},"end":{"line":34,"column":22}},"25":{"start":{"line":35,"column":0},"end":{"line":35,"column":23}},"26":{"start":{"line":37,"column":0},"end":{"line":37,"column":23}},"27":{"start":{"line":38,"column":0},"end":{"line":38,"column":28}},"28":{"start":{"line":40,"column":0},"end":{"line":40,"column":28}},"29":{"start":{"line":42,"column":0},"end":{"line":42,"column":18}},"30":{"start":{"line":43,"column":0},"end":{"line":43,"column":23}},"31":{"start":{"line":48,"column":14},"end":{"line":50,"column":1}},"32":{"start":{"line":49,"column":2},"end":{"line":49,"column":68}},"33":{"start":{"line":49,"column":25},"end":{"line":49,"column":66}},"34":{"start":{"line":52,"column":0},"end":{"line":55,"column":1}}},"fnMap":{"0":{"name":"(anonymous_0)","decl":{"start":{"line":48,"column":14},"end":{"line":48,"column":15}},"loc":{"start":{"line":48,"column":24},"end":{"line":50,"column":1}},"line":48},"1":{"name":"(anonymous_1)","decl":{"start":{"line":49,"column":19},"end":{"line":49,"column":20}},"loc":{"start":{"line":49,"column":25},"end":{"line":49,"column":66}},"line":49}},"branchMap":{},"s":{"0":1,"1":1,"2":1,"3":1,"4":1,"5":1,"6":1,"7":1,"8":1,"9":1,"10":1,"11":1,"12":1,"13":1,"14":1,"15":1,"16":1,"17":1,"18":1,"19":1,"20":1,"21":1,"22":1,"23":1,"24":1,"25":1,"26":1,"27":1,"28":1,"29":1,"30":1,"31":1,"32":0,"33":0,"34":1},"f":{"0":0,"1":0},"b":{},"_coverageSchema":"1a1c01bbd47fc00a2c39e90264f33305004495a9","hash":"3517733468dc8f3740313028ea1f1af014e13386"}
,"/home/wlla/School-trip-app-backEnd/errorHandlers/404.js": {"path":"/home/wlla/School-trip-app-backEnd/errorHandlers/404.js","statementMap":{"0":{"start":{"line":5,"column":2},"end":{"line":14,"column":3}},"1":{"start":{"line":6,"column":4},"end":{"line":11,"column":5}},"2":{"start":{"line":13,"column":4},"end":{"line":13,"column":53}},"3":{"start":{"line":19,"column":0},"end":{"line":19,"column":30}}},"fnMap":{"0":{"name":"notFound","decl":{"start":{"line":4,"column":9},"end":{"line":4,"column":17}},"loc":{"start":{"line":4,"column":34},"end":{"line":15,"column":1}},"line":4}},"branchMap":{},"s":{"0":0,"1":0,"2":0,"3":1},"f":{"0":0},"b":{},"_coverageSchema":"1a1c01bbd47fc00a2c39e90264f33305004495a9","hash":"ed60ca81490d7d1e5a5b85bb1bd4777987e6328b"}
,"/home/wlla/School-trip-app-backEnd/errorHandlers/500.js": {"path":"/home/wlla/School-trip-app-backEnd/errorHandlers/500.js","statementMap":{"0":{"start":{"line":5,"column":2},"end":{"line":14,"column":3}},"1":{"start":{"line":6,"column":4},"end":{"line":11,"column":5}},"2":{"start":{"line":13,"column":4},"end":{"line":13,"column":65}},"3":{"start":{"line":19,"column":0},"end":{"line":19,"column":35}}},"fnMap":{"0":{"name":"internalError","decl":{"start":{"line":4,"column":9},"end":{"line":4,"column":22}},"loc":{"start":{"line":4,"column":46},"end":{"line":15,"column":1}},"line":4}},"branchMap":{},"s":{"0":0,"1":0,"2":0,"3":1},"f":{"0":0},"b":{},"_coverageSchema":"1a1c01bbd47fc00a2c39e90264f33305004495a9","hash":"c032037f637adbe0e08d0c939dd9f0d13de63be3"}
,"/home/wlla/School-trip-app-backEnd/middlewares/bearerAuth.js": {"path":"/home/wlla/School-trip-app-backEnd/middlewares/bearerAuth.js","statementMap":{"0":{"start":{"line":3,"column":22},"end":{"line":3,"column":48}},"1":{"start":{"line":5,"column":0},"end":{"line":27,"column":1}},"2":{"start":{"line":6,"column":4},"end":{"line":8,"column":5}},"3":{"start":{"line":6,"column":36},"end":{"line":8,"column":5}},"4":{"start":{"line":9,"column":4},"end":{"line":26,"column":9}},"5":{"start":{"line":10,"column":22},"end":{"line":10,"column":61}},"6":{"start":{"line":11,"column":8},"end":{"line":13,"column":9}},"7":{"start":{"line":12,"column":12},"end":{"line":12,"column":46}},"8":{"start":{"line":14,"column":26},"end":{"line":14,"column":60}},"9":{"start":{"line":15,"column":25},"end":{"line":15,"column":93}},"10":{"start":{"line":16,"column":8},"end":{"line":22,"column":9}},"11":{"start":{"line":17,"column":12},"end":{"line":17,"column":32}},"12":{"start":{"line":18,"column":12},"end":{"line":18,"column":39}},"13":{"start":{"line":19,"column":12},"end":{"line":19,"column":19}},"14":{"start":{"line":21,"column":12},"end":{"line":21,"column":33}},"15":{"start":{"line":25,"column":8},"end":{"line":25,"column":37}}},"fnMap":{"0":{"name":"(anonymous_0)","decl":{"start":{"line":5,"column":17},"end":{"line":5,"column":18}},"loc":{"start":{"line":5,"column":43},"end":{"line":27,"column":1}},"line":5}},"branchMap":{"0":{"loc":{"start":{"line":6,"column":4},"end":{"line":8,"column":5}},"type":"if","locations":[{"start":{"line":6,"column":4},"end":{"line":8,"column":5}},{"start":{},"end":{}}],"line":6},"1":{"loc":{"start":{"line":11,"column":8},"end":{"line":13,"column":9}},"type":"if","locations":[{"start":{"line":11,"column":8},"end":{"line":13,"column":9}},{"start":{},"end":{}}],"line":11},"2":{"loc":{"start":{"line":16,"column":8},"end":{"line":22,"column":9}},"type":"if","locations":[{"start":{"line":16,"column":8},"end":{"line":22,"column":9}},{"start":{"line":20,"column":15},"end":{"line":22,"column":9}}],"line":16},"3":{"loc":{"start":{"line":25,"column":13},"end":{"line":25,"column":35}},"type":"binary-expr","locations":[{"start":{"line":25,"column":13},"end":{"line":25,"column":26}},{"start":{"line":25,"column":30},"end":{"line":25,"column":35}}],"line":25}},"s":{"0":1,"1":1,"2":0,"3":0,"4":0,"5":0,"6":0,"7":0,"8":0,"9":0,"10":0,"11":0,"12":0,"13":0,"14":0,"15":0},"f":{"0":0},"b":{"0":[0,0],"1":[0,0],"2":[0,0],"3":[0,0]},"_coverageSchema":"1a1c01bbd47fc00a2c39e90264f33305004495a9","hash":"13defe41386555ac71f757d16401cb9fe2872e6e"}
,"/home/wlla/School-trip-app-backEnd/middlewares/userCheck.js": {"path":"/home/wlla/School-trip-app-backEnd/middlewares/userCheck.js","statementMap":{"0":{"start":{"line":4,"column":22},"end":{"line":4,"column":42}},"1":{"start":{"line":7,"column":18},"end":{"line":25,"column":1}},"2":{"start":{"line":8,"column":2},"end":{"line":24,"column":3}},"3":{"start":{"line":9,"column":21},"end":{"line":9,"column":88}},"4":{"start":{"line":10,"column":4},"end":{"line":14,"column":5}},"5":{"start":{"line":11,"column":6},"end":{"line":13,"column":9}},"6":{"start":{"line":15,"column":18},"end":{"line":15,"column":79}},"7":{"start":{"line":16,"column":4},"end":{"line":20,"column":5}},"8":{"start":{"line":17,"column":6},"end":{"line":19,"column":9}},"9":{"start":{"line":21,"column":4},"end":{"line":21,"column":11}},"10":{"start":{"line":23,"column":4},"end":{"line":23,"column":23}},"11":{"start":{"line":27,"column":0},"end":{"line":29,"column":1}}},"fnMap":{"0":{"name":"(anonymous_0)","decl":{"start":{"line":7,"column":18},"end":{"line":7,"column":19}},"loc":{"start":{"line":7,"column":44},"end":{"line":25,"column":1}},"line":7}},"branchMap":{"0":{"loc":{"start":{"line":10,"column":4},"end":{"line":14,"column":5}},"type":"if","locations":[{"start":{"line":10,"column":4},"end":{"line":14,"column":5}},{"start":{},"end":{}}],"line":10},"1":{"loc":{"start":{"line":16,"column":4},"end":{"line":20,"column":5}},"type":"if","locations":[{"start":{"line":16,"column":4},"end":{"line":20,"column":5}},{"start":{},"end":{}}],"line":16}},"s":{"0":1,"1":1,"2":0,"3":0,"4":0,"5":0,"6":0,"7":0,"8":0,"9":0,"10":0,"11":1},"f":{"0":0},"b":{"0":[0,0],"1":[0,0]},"_coverageSchema":"1a1c01bbd47fc00a2c39e90264f33305004495a9","hash":"0444b1f45bf7299a36ee7a8149e5ac41cf610517"}
,"/home/wlla/School-trip-app-backEnd/models/comment.model.js": {"path":"/home/wlla/School-trip-app-backEnd/models/comment.model.js","statementMap":{"0":{"start":{"line":4,"column":2},"end":{"line":10,"column":3}},"1":{"start":{"line":12,"column":0},"end":{"line":12,"column":40}}},"fnMap":{"0":{"name":"createCommentTable","decl":{"start":{"line":3,"column":9},"end":{"line":3,"column":27}},"loc":{"start":{"line":3,"column":50},"end":{"line":11,"column":1}},"line":3}},"branchMap":{},"s":{"0":1,"1":1},"f":{"0":1},"b":{},"_coverageSchema":"1a1c01bbd47fc00a2c39e90264f33305004495a9","hash":"81d9d0445215248d72bf68b387727c0519146f15"}
,"/home/wlla/School-trip-app-backEnd/models/hospital.model.js": {"path":"/home/wlla/School-trip-app-backEnd/models/hospital.model.js","statementMap":{"0":{"start":{"line":4,"column":2},"end":{"line":12,"column":3}},"1":{"start":{"line":14,"column":0},"end":{"line":14,"column":41}}},"fnMap":{"0":{"name":"createHospitalTable","decl":{"start":{"line":3,"column":9},"end":{"line":3,"column":28}},"loc":{"start":{"line":3,"column":51},"end":{"line":13,"column":1}},"line":3}},"branchMap":{},"s":{"0":1,"1":1},"f":{"0":1},"b":{},"_coverageSchema":"1a1c01bbd47fc00a2c39e90264f33305004495a9","hash":"5494f517ca6eef1400ee177a30ab5c76efbda9c5"}
,"/home/wlla/School-trip-app-backEnd/models/index.js": {"path":"/home/wlla/School-trip-app-backEnd/models/index.js","statementMap":{"0":{"start":{"line":2,"column":0},"end":{"line":2,"column":27}},"1":{"start":{"line":4,"column":33},"end":{"line":4,"column":53}},"2":{"start":{"line":6,"column":13},"end":{"line":6,"column":30}},"3":{"start":{"line":7,"column":31},"end":{"line":7,"column":57}},"4":{"start":{"line":8,"column":32},"end":{"line":8,"column":59}},"5":{"start":{"line":9,"column":31},"end":{"line":9,"column":57}},"6":{"start":{"line":10,"column":38},"end":{"line":10,"column":71}},"7":{"start":{"line":11,"column":37},"end":{"line":11,"column":69}},"8":{"start":{"line":12,"column":35},"end":{"line":12,"column":65}},"9":{"start":{"line":13,"column":34},"end":{"line":13,"column":64}},"10":{"start":{"line":14,"column":32},"end":{"line":14,"column":59}},"11":{"start":{"line":15,"column":31},"end":{"line":15,"column":57}},"12":{"start":{"line":16,"column":36},"end":{"line":16,"column":67}},"13":{"start":{"line":17,"column":31},"end":{"line":17,"column":62}},"14":{"start":{"line":19,"column":21},"end":{"line":19,"column":45}},"15":{"start":{"line":21,"column":24},"end":{"line":28,"column":1}},"16":{"start":{"line":30,"column":16},"end":{"line":30,"column":60}},"17":{"start":{"line":33,"column":18},"end":{"line":33,"column":44}},"18":{"start":{"line":34,"column":21},"end":{"line":34,"column":61}},"19":{"start":{"line":35,"column":22},"end":{"line":35,"column":63}},"20":{"start":{"line":36,"column":21},"end":{"line":36,"column":61}},"21":{"start":{"line":37,"column":28},"end":{"line":37,"column":75}},"22":{"start":{"line":38,"column":27},"end":{"line":38,"column":73}},"23":{"start":{"line":39,"column":25},"end":{"line":39,"column":68}},"24":{"start":{"line":40,"column":21},"end":{"line":40,"column":61}},"25":{"start":{"line":41,"column":26},"end":{"line":41,"column":71}},"26":{"start":{"line":42,"column":22},"end":{"line":42,"column":63}},"27":{"start":{"line":43,"column":26},"end":{"line":43,"column":66}},"28":{"start":{"line":44,"column":25},"end":{"line":44,"column":69}},"29":{"start":{"line":47,"column":0},"end":{"line":47,"column":87}},"30":{"start":{"line":48,"column":0},"end":{"line":48,"column":89}},"31":{"start":{"line":50,"column":0},"end":{"line":50,"column":87}},"32":{"start":{"line":51,"column":0},"end":{"line":51,"column":88}},"33":{"start":{"line":53,"column":0},"end":{"line":53,"column":82}},"34":{"start":{"line":54,"column":0},"end":{"line":54,"column":83}},"35":{"start":{"line":56,"column":0},"end":{"line":56,"column":76}},"36":{"start":{"line":57,"column":0},"end":{"line":57,"column":77}},"37":{"start":{"line":59,"column":0},"end":{"line":59,"column":75}},"38":{"start":{"line":60,"column":0},"end":{"line":60,"column":76}},"39":{"start":{"line":62,"column":0},"end":{"line":62,"column":81}},"40":{"start":{"line":63,"column":0},"end":{"line":63,"column":82}},"41":{"start":{"line":65,"column":0},"end":{"line":65,"column":79}},"42":{"start":{"line":66,"column":0},"end":{"line":66,"column":80}},"43":{"start":{"line":71,"column":0},"end":{"line":71,"column":85}},"44":{"start":{"line":72,"column":0},"end":{"line":72,"column":86}},"45":{"start":{"line":78,"column":0},"end":{"line":78,"column":94}},"46":{"start":{"line":79,"column":0},"end":{"line":79,"column":96}},"47":{"start":{"line":84,"column":0},"end":{"line":84,"column":77}},"48":{"start":{"line":85,"column":0},"end":{"line":85,"column":80}},"49":{"start":{"line":88,"column":0},"end":{"line":93,"column":4}},"50":{"start":{"line":90,"column":2},"end":{"line":90,"column":48}},"51":{"start":{"line":92,"column":2},"end":{"line":92,"column":19}},"52":{"start":{"line":96,"column":0},"end":{"line":110,"column":1}}},"fnMap":{"0":{"name":"(anonymous_0)","decl":{"start":{"line":89,"column":7},"end":{"line":89,"column":8}},"loc":{"start":{"line":89,"column":13},"end":{"line":91,"column":2}},"line":89},"1":{"name":"(anonymous_1)","decl":{"start":{"line":91,"column":10},"end":{"line":91,"column":11}},"loc":{"start":{"line":91,"column":19},"end":{"line":93,"column":2}},"line":91}},"branchMap":{},"s":{"0":1,"1":1,"2":1,"3":1,"4":1,"5":1,"6":1,"7":1,"8":1,"9":1,"10":1,"11":1,"12":1,"13":1,"14":1,"15":1,"16":1,"17":1,"18":1,"19":1,"20":1,"21":1,"22":1,"23":1,"24":1,"25":1,"26":1,"27":1,"28":1,"29":1,"30":1,"31":1,"32":1,"33":1,"34":1,"35":1,"36":1,"37":1,"38":1,"39":1,"40":1,"41":1,"42":1,"43":1,"44":1,"45":1,"46":1,"47":1,"48":1,"49":1,"50":1,"51":0,"52":1},"f":{"0":1,"1":0},"b":{},"_coverageSchema":"1a1c01bbd47fc00a2c39e90264f33305004495a9","hash":"9175e219731fa0fdd57655735d821f63e7cd6cf1"}
,"/home/wlla/School-trip-app-backEnd/models/memories.model.js": {"path":"/home/wlla/School-trip-app-backEnd/models/memories.model.js","statementMap":{"0":{"start":{"line":4,"column":2},"end":{"line":12,"column":3}},"1":{"start":{"line":14,"column":0},"end":{"line":14,"column":41}}},"fnMap":{"0":{"name":"createMemoriesTable","decl":{"start":{"line":3,"column":9},"end":{"line":3,"column":28}},"loc":{"start":{"line":3,"column":51},"end":{"line":13,"column":1}},"line":3}},"branchMap":{},"s":{"0":1,"1":1},"f":{"0":1},"b":{},"_coverageSchema":"1a1c01bbd47fc00a2c39e90264f33305004495a9","hash":"41ad6496a239b34d3532a3e7afbfb42a8ed4c5d7"}
,"/home/wlla/School-trip-app-backEnd/models/package.model.js": {"path":"/home/wlla/School-trip-app-backEnd/models/package.model.js","statementMap":{"0":{"start":{"line":4,"column":1},"end":{"line":24,"column":3}},"1":{"start":{"line":26,"column":0},"end":{"line":26,"column":40}}},"fnMap":{"0":{"name":"createPackageTable","decl":{"start":{"line":3,"column":9},"end":{"line":3,"column":27}},"loc":{"start":{"line":3,"column":50},"end":{"line":25,"column":1}},"line":3}},"branchMap":{},"s":{"0":1,"1":1},"f":{"0":1},"b":{},"_coverageSchema":"1a1c01bbd47fc00a2c39e90264f33305004495a9","hash":"672e50c360e0ad6980d095ee7ddb6f92f21a9033"}
,"/home/wlla/School-trip-app-backEnd/models/packageImages.model.js": {"path":"/home/wlla/School-trip-app-backEnd/models/packageImages.model.js","statementMap":{"0":{"start":{"line":4,"column":2},"end":{"line":9,"column":3}},"1":{"start":{"line":11,"column":0},"end":{"line":11,"column":46}}},"fnMap":{"0":{"name":"createPackageImagesTable","decl":{"start":{"line":3,"column":9},"end":{"line":3,"column":33}},"loc":{"start":{"line":3,"column":56},"end":{"line":10,"column":1}},"line":3}},"branchMap":{},"s":{"0":1,"1":1},"f":{"0":1},"b":{},"_coverageSchema":"1a1c01bbd47fc00a2c39e90264f33305004495a9","hash":"75dd07a9aa0ccff99e18b65042dab4bde5be5353"}
,"/home/wlla/School-trip-app-backEnd/models/packageWeather.model.js": {"path":"/home/wlla/School-trip-app-backEnd/models/packageWeather.model.js","statementMap":{"0":{"start":{"line":4,"column":2},"end":{"line":13,"column":3}},"1":{"start":{"line":16,"column":0},"end":{"line":16,"column":47}}},"fnMap":{"0":{"name":"createPackageWeatherTable","decl":{"start":{"line":3,"column":9},"end":{"line":3,"column":34}},"loc":{"start":{"line":3,"column":57},"end":{"line":14,"column":1}},"line":3}},"branchMap":{},"s":{"0":1,"1":1},"f":{"0":1},"b":{},"_coverageSchema":"1a1c01bbd47fc00a2c39e90264f33305004495a9","hash":"b4136e52b0af52d883342442ba8b828be19d153c"}
,"/home/wlla/School-trip-app-backEnd/models/photographer.model.js": {"path":"/home/wlla/School-trip-app-backEnd/models/photographer.model.js","statementMap":{"0":{"start":{"line":4,"column":4},"end":{"line":39,"column":6}},"1":{"start":{"line":42,"column":0},"end":{"line":42,"column":40}}},"fnMap":{"0":{"name":"createPhotographer","decl":{"start":{"line":3,"column":9},"end":{"line":3,"column":27}},"loc":{"start":{"line":3,"column":50},"end":{"line":40,"column":1}},"line":3}},"branchMap":{},"s":{"0":1,"1":1},"f":{"0":1},"b":{},"_coverageSchema":"1a1c01bbd47fc00a2c39e90264f33305004495a9","hash":"5ad1fd58b6fe14a4da964d61db463a7f12825b0e"}
,"/home/wlla/School-trip-app-backEnd/models/product.model.js": {"path":"/home/wlla/School-trip-app-backEnd/models/product.model.js","statementMap":{"0":{"start":{"line":4,"column":1},"end":{"line":13,"column":3}},"1":{"start":{"line":15,"column":0},"end":{"line":15,"column":40}}},"fnMap":{"0":{"name":"createProductTable","decl":{"start":{"line":3,"column":9},"end":{"line":3,"column":27}},"loc":{"start":{"line":3,"column":50},"end":{"line":14,"column":1}},"line":3}},"branchMap":{},"s":{"0":1,"1":1},"f":{"0":1},"b":{},"_coverageSchema":"1a1c01bbd47fc00a2c39e90264f33305004495a9","hash":"6a79effefdcaf00fc6cca33cff59b1bc832abac0"}
,"/home/wlla/School-trip-app-backEnd/models/productOrder.model.js": {"path":"/home/wlla/School-trip-app-backEnd/models/productOrder.model.js","statementMap":{"0":{"start":{"line":4,"column":2},"end":{"line":9,"column":4}},"1":{"start":{"line":11,"column":0},"end":{"line":11,"column":45}}},"fnMap":{"0":{"name":"createProductOrderTable","decl":{"start":{"line":3,"column":9},"end":{"line":3,"column":32}},"loc":{"start":{"line":3,"column":55},"end":{"line":10,"column":1}},"line":3}},"branchMap":{},"s":{"0":1,"1":1},"f":{"0":1},"b":{},"_coverageSchema":"1a1c01bbd47fc00a2c39e90264f33305004495a9","hash":"8e1f4affc02b97f01a0afc0fa497359e2be398d5"}
,"/home/wlla/School-trip-app-backEnd/models/tripRequest.model.js": {"path":"/home/wlla/School-trip-app-backEnd/models/tripRequest.model.js","statementMap":{"0":{"start":{"line":4,"column":2},"end":{"line":16,"column":3}},"1":{"start":{"line":18,"column":0},"end":{"line":18,"column":44}}},"fnMap":{"0":{"name":"createTripRequestTable","decl":{"start":{"line":3,"column":9},"end":{"line":3,"column":31}},"loc":{"start":{"line":3,"column":54},"end":{"line":17,"column":1}},"line":3}},"branchMap":{},"s":{"0":1,"1":1},"f":{"0":1},"b":{},"_coverageSchema":"1a1c01bbd47fc00a2c39e90264f33305004495a9","hash":"83c2b33f1b0960b753fd7b004fcd57c2b9ac7d33"}
,"/home/wlla/School-trip-app-backEnd/models/tripsOrders.model.js": {"path":"/home/wlla/School-trip-app-backEnd/models/tripsOrders.model.js","statementMap":{"0":{"start":{"line":4,"column":2},"end":{"line":18,"column":3}},"1":{"start":{"line":21,"column":0},"end":{"line":21,"column":43}}},"fnMap":{"0":{"name":"createTripsOrderTable","decl":{"start":{"line":3,"column":9},"end":{"line":3,"column":30}},"loc":{"start":{"line":3,"column":53},"end":{"line":19,"column":1}},"line":3}},"branchMap":{},"s":{"0":1,"1":1},"f":{"0":1},"b":{},"_coverageSchema":"1a1c01bbd47fc00a2c39e90264f33305004495a9","hash":"cfe216ebbaf8534fab0b3b57b641d5de2843f1dd"}
,"/home/wlla/School-trip-app-backEnd/models/user.js": {"path":"/home/wlla/School-trip-app-backEnd/models/user.js","statementMap":{"0":{"start":{"line":3,"column":12},"end":{"line":3,"column":35}},"1":{"start":{"line":5,"column":0},"end":{"line":81,"column":1}},"2":{"start":{"line":6,"column":17},"end":{"line":70,"column":6}},"3":{"start":{"line":24,"column":16},"end":{"line":26,"column":42}},"4":{"start":{"line":29,"column":16},"end":{"line":29,"column":65}},"5":{"start":{"line":40,"column":28},"end":{"line":45,"column":17}},"6":{"start":{"line":46,"column":16},"end":{"line":46,"column":42}},"7":{"start":{"line":63,"column":28},"end":{"line":66,"column":17}},"8":{"start":{"line":67,"column":16},"end":{"line":67,"column":40}},"9":{"start":{"line":71,"column":4},"end":{"line":79,"column":5}},"10":{"start":{"line":72,"column":8},"end":{"line":78,"column":10}},"11":{"start":{"line":73,"column":12},"end":{"line":77,"column":13}},"12":{"start":{"line":74,"column":16},"end":{"line":74,"column":27}},"13":{"start":{"line":76,"column":16},"end":{"line":76,"column":30}},"14":{"start":{"line":80,"column":4},"end":{"line":80,"column":16}}},"fnMap":{"0":{"name":"(anonymous_0)","decl":{"start":{"line":5,"column":17},"end":{"line":5,"column":18}},"loc":{"start":{"line":5,"column":43},"end":{"line":81,"column":1}},"line":5},"1":{"name":"(anonymous_1)","decl":{"start":{"line":23,"column":17},"end":{"line":23,"column":18}},"loc":{"start":{"line":23,"column":29},"end":{"line":27,"column":13}},"line":23},"2":{"name":"(anonymous_2)","decl":{"start":{"line":28,"column":12},"end":{"line":28,"column":13}},"loc":{"start":{"line":28,"column":26},"end":{"line":30,"column":13}},"line":28},"3":{"name":"(anonymous_3)","decl":{"start":{"line":39,"column":17},"end":{"line":39,"column":18}},"loc":{"start":{"line":39,"column":29},"end":{"line":47,"column":13}},"line":39},"4":{"name":"(anonymous_4)","decl":{"start":{"line":62,"column":17},"end":{"line":62,"column":18}},"loc":{"start":{"line":62,"column":29},"end":{"line":68,"column":13}},"line":62},"5":{"name":"(anonymous_5)","decl":{"start":{"line":71,"column":29},"end":{"line":71,"column":30}},"loc":{"start":{"line":71,"column":40},"end":{"line":79,"column":5}},"line":71},"6":{"name":"(anonymous_6)","decl":{"start":{"line":72,"column":57},"end":{"line":72,"column":58}},"loc":{"start":{"line":72,"column":74},"end":{"line":78,"column":9}},"line":72}},"branchMap":{"0":{"loc":{"start":{"line":73,"column":12},"end":{"line":77,"column":13}},"type":"if","locations":[{"start":{"line":73,"column":12},"end":{"line":77,"column":13}},{"start":{"line":75,"column":19},"end":{"line":77,"column":13}}],"line":73}},"s":{"0":1,"1":1,"2":1,"3":60,"4":0,"5":60,"6":60,"7":60,"8":60,"9":1,"10":0,"11":0,"12":0,"13":0,"14":1},"f":{"0":1,"1":60,"2":0,"3":60,"4":60,"5":0,"6":0},"b":{"0":[0,0]},"_coverageSchema":"1a1c01bbd47fc00a2c39e90264f33305004495a9","hash":"ea9cbcfd6c9c7a448ccefd49f1355db7ee8bb72c"}
,"/home/wlla/School-trip-app-backEnd/routes/comment.route.js": {"path":"/home/wlla/School-trip-app-backEnd/routes/comment.route.js","statementMap":{"0":{"start":{"line":3,"column":16},"end":{"line":3,"column":34}},"1":{"start":{"line":4,"column":15},"end":{"line":4,"column":31}},"2":{"start":{"line":5,"column":51},"end":{"line":5,"column":71}},"3":{"start":{"line":7,"column":0},"end":{"line":7,"column":54}},"4":{"start":{"line":8,"column":0},"end":{"line":8,"column":52}},"5":{"start":{"line":9,"column":0},"end":{"line":9,"column":42}},"6":{"start":{"line":10,"column":0},"end":{"line":10,"column":45}},"7":{"start":{"line":14,"column":2},"end":{"line":25,"column":3}},"8":{"start":{"line":15,"column":23},"end":{"line":19,"column":5}},"9":{"start":{"line":20,"column":4},"end":{"line":22,"column":57}},"10":{"start":{"line":21,"column":25},"end":{"line":21,"column":54}},"11":{"start":{"line":22,"column":25},"end":{"line":22,"column":53}},"12":{"start":{"line":24,"column":4},"end":{"line":24,"column":54}},"13":{"start":{"line":29,"column":2},"end":{"line":37,"column":3}},"14":{"start":{"line":30,"column":4},"end":{"line":34,"column":53}},"15":{"start":{"line":32,"column":8},"end":{"line":32,"column":38}},"16":{"start":{"line":34,"column":27},"end":{"line":34,"column":49}},"17":{"start":{"line":36,"column":4},"end":{"line":36,"column":61}},"18":{"start":{"line":41,"column":2},"end":{"line":47,"column":3}},"19":{"start":{"line":42,"column":4},"end":{"line":44,"column":57}},"20":{"start":{"line":43,"column":25},"end":{"line":43,"column":54}},"21":{"start":{"line":44,"column":25},"end":{"line":44,"column":53}},"22":{"start":{"line":46,"column":4},"end":{"line":46,"column":57}},"23":{"start":{"line":51,"column":2},"end":{"line":57,"column":3}},"24":{"start":{"line":52,"column":4},"end":{"line":54,"column":57}},"25":{"start":{"line":53,"column":27},"end":{"line":53,"column":58}},"26":{"start":{"line":54,"column":27},"end":{"line":54,"column":53}},"27":{"start":{"line":56,"column":4},"end":{"line":56,"column":57}},"28":{"start":{"line":60,"column":0},"end":{"line":60,"column":24}}},"fnMap":{"0":{"name":"addComment","decl":{"start":{"line":12,"column":9},"end":{"line":12,"column":19}},"loc":{"start":{"line":12,"column":36},"end":{"line":26,"column":1}},"line":12},"1":{"name":"(anonymous_1)","decl":{"start":{"line":21,"column":12},"end":{"line":21,"column":13}},"loc":{"start":{"line":21,"column":23},"end":{"line":21,"column":56}},"line":21},"2":{"name":"(anonymous_2)","decl":{"start":{"line":22,"column":13},"end":{"line":22,"column":14}},"loc":{"start":{"line":22,"column":23},"end":{"line":22,"column":55}},"line":22},"3":{"name":"getMemoryComments","decl":{"start":{"line":28,"column":9},"end":{"line":28,"column":26}},"loc":{"start":{"line":28,"column":43},"end":{"line":38,"column":1}},"line":28},"4":{"name":"(anonymous_4)","decl":{"start":{"line":31,"column":12},"end":{"line":31,"column":13}},"loc":{"start":{"line":31,"column":25},"end":{"line":33,"column":7}},"line":31},"5":{"name":"(anonymous_5)","decl":{"start":{"line":34,"column":13},"end":{"line":34,"column":14}},"loc":{"start":{"line":34,"column":25},"end":{"line":34,"column":51}},"line":34},"6":{"name":"updateComment","decl":{"start":{"line":40,"column":9},"end":{"line":40,"column":22}},"loc":{"start":{"line":40,"column":39},"end":{"line":48,"column":1}},"line":40},"7":{"name":"(anonymous_7)","decl":{"start":{"line":43,"column":12},"end":{"line":43,"column":13}},"loc":{"start":{"line":43,"column":23},"end":{"line":43,"column":56}},"line":43},"8":{"name":"(anonymous_8)","decl":{"start":{"line":44,"column":13},"end":{"line":44,"column":14}},"loc":{"start":{"line":44,"column":23},"end":{"line":44,"column":55}},"line":44},"9":{"name":"deleteComment","decl":{"start":{"line":50,"column":9},"end":{"line":50,"column":22}},"loc":{"start":{"line":50,"column":39},"end":{"line":58,"column":1}},"line":50},"10":{"name":"(anonymous_10)","decl":{"start":{"line":53,"column":12},"end":{"line":53,"column":13}},"loc":{"start":{"line":53,"column":25},"end":{"line":53,"column":60}},"line":53},"11":{"name":"(anonymous_11)","decl":{"start":{"line":54,"column":13},"end":{"line":54,"column":14}},"loc":{"start":{"line":54,"column":25},"end":{"line":54,"column":55}},"line":54}},"branchMap":{},"s":{"0":1,"1":1,"2":1,"3":1,"4":1,"5":1,"6":1,"7":0,"8":0,"9":0,"10":0,"11":0,"12":0,"13":0,"14":0,"15":0,"16":0,"17":0,"18":0,"19":0,"20":0,"21":0,"22":0,"23":0,"24":0,"25":0,"26":0,"27":0,"28":1},"f":{"0":0,"1":0,"2":0,"3":0,"4":0,"5":0,"6":0,"7":0,"8":0,"9":0,"10":0,"11":0},"b":{},"_coverageSchema":"1a1c01bbd47fc00a2c39e90264f33305004495a9","hash":"acdff61fd62140411bca091f4d0cef133c891c92"}
,"/home/wlla/School-trip-app-backEnd/routes/memory.route.js": {"path":"/home/wlla/School-trip-app-backEnd/routes/memory.route.js","statementMap":{"0":{"start":{"line":3,"column":16},"end":{"line":3,"column":34}},"1":{"start":{"line":4,"column":15},"end":{"line":4,"column":31}},"2":{"start":{"line":5,"column":51},"end":{"line":5,"column":71}},"3":{"start":{"line":7,"column":0},"end":{"line":7,"column":42}},"4":{"start":{"line":8,"column":0},"end":{"line":8,"column":34}},"5":{"start":{"line":9,"column":0},"end":{"line":9,"column":40}},"6":{"start":{"line":10,"column":0},"end":{"line":10,"column":43}},"7":{"start":{"line":11,"column":0},"end":{"line":11,"column":38}},"8":{"start":{"line":12,"column":0},"end":{"line":12,"column":44}},"9":{"start":{"line":16,"column":2},"end":{"line":29,"column":3}},"10":{"start":{"line":17,"column":21},"end":{"line":23,"column":5}},"11":{"start":{"line":24,"column":4},"end":{"line":26,"column":57}},"12":{"start":{"line":25,"column":25},"end":{"line":25,"column":54}},"13":{"start":{"line":26,"column":25},"end":{"line":26,"column":53}},"14":{"start":{"line":28,"column":4},"end":{"line":28,"column":53}},"15":{"start":{"line":33,"column":2},"end":{"line":41,"column":3}},"16":{"start":{"line":34,"column":4},"end":{"line":38,"column":53}},"17":{"start":{"line":36,"column":8},"end":{"line":36,"column":38}},"18":{"start":{"line":38,"column":27},"end":{"line":38,"column":49}},"19":{"start":{"line":40,"column":4},"end":{"line":40,"column":54}},"20":{"start":{"line":45,"column":2},"end":{"line":51,"column":3}},"21":{"start":{"line":46,"column":4},"end":{"line":48,"column":57}},"22":{"start":{"line":47,"column":25},"end":{"line":47,"column":54}},"23":{"start":{"line":48,"column":25},"end":{"line":48,"column":53}},"24":{"start":{"line":50,"column":4},"end":{"line":50,"column":56}},"25":{"start":{"line":55,"column":2},"end":{"line":61,"column":3}},"26":{"start":{"line":56,"column":4},"end":{"line":58,"column":57}},"27":{"start":{"line":57,"column":27},"end":{"line":57,"column":58}},"28":{"start":{"line":58,"column":27},"end":{"line":58,"column":53}},"29":{"start":{"line":60,"column":4},"end":{"line":60,"column":56}},"30":{"start":{"line":65,"column":2},"end":{"line":73,"column":3}},"31":{"start":{"line":66,"column":19},"end":{"line":66,"column":80}},"32":{"start":{"line":67,"column":18},"end":{"line":67,"column":34}},"33":{"start":{"line":68,"column":4},"end":{"line":70,"column":57}},"34":{"start":{"line":69,"column":25},"end":{"line":69,"column":54}},"35":{"start":{"line":70,"column":25},"end":{"line":70,"column":53}},"36":{"start":{"line":72,"column":4},"end":{"line":72,"column":54}},"37":{"start":{"line":76,"column":2},"end":{"line":84,"column":3}},"38":{"start":{"line":77,"column":19},"end":{"line":77,"column":80}},"39":{"start":{"line":78,"column":21},"end":{"line":78,"column":40}},"40":{"start":{"line":79,"column":4},"end":{"line":81,"column":57}},"41":{"start":{"line":80,"column":25},"end":{"line":80,"column":54}},"42":{"start":{"line":81,"column":25},"end":{"line":81,"column":53}},"43":{"start":{"line":83,"column":4},"end":{"line":83,"column":57}},"44":{"start":{"line":87,"column":0},"end":{"line":87,"column":24}}},"fnMap":{"0":{"name":"addMemory","decl":{"start":{"line":14,"column":15},"end":{"line":14,"column":24}},"loc":{"start":{"line":14,"column":41},"end":{"line":30,"column":1}},"line":14},"1":{"name":"(anonymous_1)","decl":{"start":{"line":25,"column":12},"end":{"line":25,"column":13}},"loc":{"start":{"line":25,"column":23},"end":{"line":25,"column":56}},"line":25},"2":{"name":"(anonymous_2)","decl":{"start":{"line":26,"column":13},"end":{"line":26,"column":14}},"loc":{"start":{"line":26,"column":23},"end":{"line":26,"column":55}},"line":26},"3":{"name":"getMemorys","decl":{"start":{"line":32,"column":15},"end":{"line":32,"column":25}},"loc":{"start":{"line":32,"column":42},"end":{"line":42,"column":1}},"line":32},"4":{"name":"(anonymous_4)","decl":{"start":{"line":35,"column":12},"end":{"line":35,"column":13}},"loc":{"start":{"line":35,"column":25},"end":{"line":37,"column":7}},"line":35},"5":{"name":"(anonymous_5)","decl":{"start":{"line":38,"column":13},"end":{"line":38,"column":14}},"loc":{"start":{"line":38,"column":25},"end":{"line":38,"column":51}},"line":38},"6":{"name":"updateMemory","decl":{"start":{"line":44,"column":15},"end":{"line":44,"column":27}},"loc":{"start":{"line":44,"column":44},"end":{"line":52,"column":1}},"line":44},"7":{"name":"(anonymous_7)","decl":{"start":{"line":47,"column":12},"end":{"line":47,"column":13}},"loc":{"start":{"line":47,"column":23},"end":{"line":47,"column":56}},"line":47},"8":{"name":"(anonymous_8)","decl":{"start":{"line":48,"column":13},"end":{"line":48,"column":14}},"loc":{"start":{"line":48,"column":23},"end":{"line":48,"column":55}},"line":48},"9":{"name":"deleteMemory","decl":{"start":{"line":54,"column":15},"end":{"line":54,"column":27}},"loc":{"start":{"line":54,"column":44},"end":{"line":62,"column":1}},"line":54},"10":{"name":"(anonymous_10)","decl":{"start":{"line":57,"column":12},"end":{"line":57,"column":13}},"loc":{"start":{"line":57,"column":25},"end":{"line":57,"column":60}},"line":57},"11":{"name":"(anonymous_11)","decl":{"start":{"line":58,"column":13},"end":{"line":58,"column":14}},"loc":{"start":{"line":58,"column":25},"end":{"line":58,"column":55}},"line":58},"12":{"name":"updateLike","decl":{"start":{"line":64,"column":15},"end":{"line":64,"column":25}},"loc":{"start":{"line":64,"column":42},"end":{"line":74,"column":1}},"line":64},"13":{"name":"(anonymous_13)","decl":{"start":{"line":69,"column":12},"end":{"line":69,"column":13}},"loc":{"start":{"line":69,"column":23},"end":{"line":69,"column":56}},"line":69},"14":{"name":"(anonymous_14)","decl":{"start":{"line":70,"column":13},"end":{"line":70,"column":14}},"loc":{"start":{"line":70,"column":23},"end":{"line":70,"column":55}},"line":70},"15":{"name":"updateDislike","decl":{"start":{"line":75,"column":15},"end":{"line":75,"column":28}},"loc":{"start":{"line":75,"column":45},"end":{"line":85,"column":1}},"line":75},"16":{"name":"(anonymous_16)","decl":{"start":{"line":80,"column":12},"end":{"line":80,"column":13}},"loc":{"start":{"line":80,"column":23},"end":{"line":80,"column":56}},"line":80},"17":{"name":"(anonymous_17)","decl":{"start":{"line":81,"column":13},"end":{"line":81,"column":14}},"loc":{"start":{"line":81,"column":23},"end":{"line":81,"column":55}},"line":81}},"branchMap":{},"s":{"0":1,"1":1,"2":1,"3":1,"4":1,"5":1,"6":1,"7":1,"8":1,"9":2,"10":2,"11":2,"12":2,"13":0,"14":0,"15":1,"16":1,"17":1,"18":0,"19":0,"20":0,"21":0,"22":0,"23":0,"24":0,"25":0,"26":0,"27":0,"28":0,"29":0,"30":0,"31":0,"32":0,"33":0,"34":0,"35":0,"36":0,"37":0,"38":0,"39":0,"40":0,"41":0,"42":0,"43":0,"44":1},"f":{"0":2,"1":2,"2":0,"3":1,"4":1,"5":0,"6":0,"7":0,"8":0,"9":0,"10":0,"11":0,"12":0,"13":0,"14":0,"15":0,"16":0,"17":0},"b":{},"_coverageSchema":"1a1c01bbd47fc00a2c39e90264f33305004495a9","hash":"703b73432e09bec0a87bc17664a97eee9b48a071"}
,"/home/wlla/School-trip-app-backEnd/routes/package.route.js": {"path":"/home/wlla/School-trip-app-backEnd/routes/package.route.js","statementMap":{"0":{"start":{"line":3,"column":143},"end":{"line":3,"column":163}},"1":{"start":{"line":4,"column":16},"end":{"line":4,"column":34}},"2":{"start":{"line":5,"column":15},"end":{"line":5,"column":31}},"3":{"start":{"line":6,"column":14},"end":{"line":6,"column":30}},"4":{"start":{"line":7,"column":20},"end":{"line":7,"column":35}},"5":{"start":{"line":11,"column":0},"end":{"line":11,"column":36}},"6":{"start":{"line":12,"column":0},"end":{"line":12,"column":36}},"7":{"start":{"line":13,"column":0},"end":{"line":13,"column":42}},"8":{"start":{"line":14,"column":0},"end":{"line":14,"column":45}},"9":{"start":{"line":15,"column":0},"end":{"line":15,"column":44}},"10":{"start":{"line":17,"column":0},"end":{"line":17,"column":79}},"11":{"start":{"line":18,"column":0},"end":{"line":18,"column":40}},"12":{"start":{"line":19,"column":0},"end":{"line":19,"column":46}},"13":{"start":{"line":21,"column":0},"end":{"line":21,"column":49}},"14":{"start":{"line":26,"column":2},"end":{"line":86,"column":3}},"15":{"start":{"line":27,"column":23},"end":{"line":27,"column":36}},"16":{"start":{"line":28,"column":29},"end":{"line":28,"column":151}},"17":{"start":{"line":29,"column":4},"end":{"line":29,"column":55}},"18":{"start":{"line":30,"column":4},"end":{"line":30,"column":55}},"19":{"start":{"line":31,"column":25},"end":{"line":31,"column":53}},"20":{"start":{"line":32,"column":25},"end":{"line":32,"column":88}},"21":{"start":{"line":32,"column":51},"end":{"line":32,"column":87}},"22":{"start":{"line":33,"column":4},"end":{"line":83,"column":85}},"23":{"start":{"line":35,"column":27},"end":{"line":42,"column":9}},"24":{"start":{"line":43,"column":8},"end":{"line":45,"column":83}},"25":{"start":{"line":45,"column":27},"end":{"line":45,"column":81}},"26":{"start":{"line":46,"column":8},"end":{"line":59,"column":82}},"27":{"start":{"line":48,"column":32},"end":{"line":48,"column":53}},"28":{"start":{"line":49,"column":12},"end":{"line":57,"column":14}},"29":{"start":{"line":50,"column":26},"end":{"line":53,"column":15}},"30":{"start":{"line":54,"column":14},"end":{"line":56,"column":90}},"31":{"start":{"line":56,"column":33},"end":{"line":56,"column":88}},"32":{"start":{"line":59,"column":27},"end":{"line":59,"column":80}},"33":{"start":{"line":60,"column":8},"end":{"line":80,"column":86}},"34":{"start":{"line":67,"column":12},"end":{"line":78,"column":14}},"35":{"start":{"line":68,"column":26},"end":{"line":74,"column":15}},"36":{"start":{"line":75,"column":14},"end":{"line":77,"column":91}},"37":{"start":{"line":77,"column":33},"end":{"line":77,"column":89}},"38":{"start":{"line":80,"column":27},"end":{"line":80,"column":85}},"39":{"start":{"line":81,"column":8},"end":{"line":81,"column":60}},"40":{"start":{"line":83,"column":25},"end":{"line":83,"column":81}},"41":{"start":{"line":85,"column":4},"end":{"line":85,"column":54}},"42":{"start":{"line":90,"column":2},"end":{"line":98,"column":3}},"43":{"start":{"line":91,"column":4},"end":{"line":95,"column":53}},"44":{"start":{"line":93,"column":8},"end":{"line":93,"column":38}},"45":{"start":{"line":95,"column":27},"end":{"line":95,"column":49}},"46":{"start":{"line":97,"column":4},"end":{"line":97,"column":55}},"47":{"start":{"line":102,"column":2},"end":{"line":131,"column":3}},"48":{"start":{"line":103,"column":19},"end":{"line":103,"column":79}},"49":{"start":{"line":104,"column":4},"end":{"line":128,"column":57}},"50":{"start":{"line":106,"column":23},"end":{"line":106,"column":44}},"51":{"start":{"line":107,"column":8},"end":{"line":126,"column":9}},"52":{"start":{"line":108,"column":10},"end":{"line":123,"column":92}},"53":{"start":{"line":110,"column":35},"end":{"line":110,"column":56}},"54":{"start":{"line":111,"column":35},"end":{"line":111,"column":98}},"55":{"start":{"line":111,"column":61},"end":{"line":111,"column":97}},"56":{"start":{"line":112,"column":33},"end":{"line":118,"column":15}},"57":{"start":{"line":119,"column":14},"end":{"line":121,"column":89}},"58":{"start":{"line":120,"column":42},"end":{"line":120,"column":86}},"59":{"start":{"line":121,"column":33},"end":{"line":121,"column":87}},"60":{"start":{"line":123,"column":29},"end":{"line":123,"column":90}},"61":{"start":{"line":125,"column":10},"end":{"line":125,"column":41}},"62":{"start":{"line":128,"column":25},"end":{"line":128,"column":53}},"63":{"start":{"line":130,"column":4},"end":{"line":130,"column":57}},"64":{"start":{"line":135,"column":2},"end":{"line":141,"column":3}},"65":{"start":{"line":136,"column":4},"end":{"line":138,"column":57}},"66":{"start":{"line":137,"column":27},"end":{"line":137,"column":58}},"67":{"start":{"line":138,"column":27},"end":{"line":138,"column":53}},"68":{"start":{"line":140,"column":4},"end":{"line":140,"column":57}},"69":{"start":{"line":145,"column":2},"end":{"line":157,"column":3}},"70":{"start":{"line":146,"column":15},"end":{"line":146,"column":28}},"71":{"start":{"line":147,"column":22},"end":{"line":147,"column":40}},"72":{"start":{"line":148,"column":17},"end":{"line":148,"column":62}},"73":{"start":{"line":149,"column":4},"end":{"line":153,"column":7}},"74":{"start":{"line":154,"column":4},"end":{"line":154,"column":31}},"75":{"start":{"line":156,"column":4},"end":{"line":156,"column":54}},"76":{"start":{"line":161,"column":2},"end":{"line":177,"column":3}},"77":{"start":{"line":162,"column":18},"end":{"line":171,"column":5}},"78":{"start":{"line":172,"column":4},"end":{"line":174,"column":78}},"79":{"start":{"line":173,"column":25},"end":{"line":173,"column":59}},"80":{"start":{"line":174,"column":25},"end":{"line":174,"column":74}},"81":{"start":{"line":176,"column":4},"end":{"line":176,"column":56}},"82":{"start":{"line":181,"column":2},"end":{"line":187,"column":3}},"83":{"start":{"line":182,"column":4},"end":{"line":184,"column":78}},"84":{"start":{"line":183,"column":25},"end":{"line":183,"column":54}},"85":{"start":{"line":184,"column":25},"end":{"line":184,"column":74}},"86":{"start":{"line":186,"column":4},"end":{"line":186,"column":56}},"87":{"start":{"line":191,"column":2},"end":{"line":197,"column":3}},"88":{"start":{"line":192,"column":4},"end":{"line":194,"column":78}},"89":{"start":{"line":193,"column":25},"end":{"line":193,"column":54}},"90":{"start":{"line":194,"column":25},"end":{"line":194,"column":74}},"91":{"start":{"line":196,"column":4},"end":{"line":196,"column":56}},"92":{"start":{"line":201,"column":2},"end":{"line":222,"column":3}},"93":{"start":{"line":202,"column":15},"end":{"line":202,"column":28}},"94":{"start":{"line":203,"column":24},"end":{"line":203,"column":128}},"95":{"start":{"line":204,"column":23},"end":{"line":204,"column":48}},"96":{"start":{"line":205,"column":24},"end":{"line":205,"column":54}},"97":{"start":{"line":207,"column":21},"end":{"line":207,"column":43}},"98":{"start":{"line":208,"column":21},"end":{"line":208,"column":78}},"99":{"start":{"line":209,"column":23},"end":{"line":209,"column":77}},"100":{"start":{"line":209,"column":54},"end":{"line":209,"column":76}},"101":{"start":{"line":211,"column":4},"end":{"line":213,"column":7}},"102":{"start":{"line":216,"column":4},"end":{"line":219,"column":7}},"103":{"start":{"line":221,"column":4},"end":{"line":221,"column":23}},"104":{"start":{"line":229,"column":0},"end":{"line":229,"column":24}}},"fnMap":{"0":{"name":"addPackage","decl":{"start":{"line":25,"column":15},"end":{"line":25,"column":25}},"loc":{"start":{"line":25,"column":42},"end":{"line":87,"column":1}},"line":25},"1":{"name":"(anonymous_1)","decl":{"start":{"line":32,"column":43},"end":{"line":32,"column":44}},"loc":{"start":{"line":32,"column":51},"end":{"line":32,"column":87}},"line":32},"2":{"name":"(anonymous_2)","decl":{"start":{"line":34,"column":12},"end":{"line":34,"column":13}},"loc":{"start":{"line":34,"column":30},"end":{"line":82,"column":7}},"line":34},"3":{"name":"(anonymous_3)","decl":{"start":{"line":44,"column":16},"end":{"line":44,"column":17}},"loc":{"start":{"line":44,"column":34},"end":{"line":44,"column":37}},"line":44},"4":{"name":"(anonymous_4)","decl":{"start":{"line":45,"column":17},"end":{"line":45,"column":18}},"loc":{"start":{"line":45,"column":27},"end":{"line":45,"column":81}},"line":45},"5":{"name":"(anonymous_5)","decl":{"start":{"line":47,"column":16},"end":{"line":47,"column":17}},"loc":{"start":{"line":47,"column":28},"end":{"line":58,"column":11}},"line":47},"6":{"name":"(anonymous_6)","decl":{"start":{"line":49,"column":28},"end":{"line":49,"column":29}},"loc":{"start":{"line":49,"column":36},"end":{"line":57,"column":13}},"line":49},"7":{"name":"(anonymous_7)","decl":{"start":{"line":55,"column":22},"end":{"line":55,"column":23}},"loc":{"start":{"line":55,"column":38},"end":{"line":55,"column":41}},"line":55},"8":{"name":"(anonymous_8)","decl":{"start":{"line":56,"column":23},"end":{"line":56,"column":24}},"loc":{"start":{"line":56,"column":33},"end":{"line":56,"column":88}},"line":56},"9":{"name":"(anonymous_9)","decl":{"start":{"line":59,"column":17},"end":{"line":59,"column":18}},"loc":{"start":{"line":59,"column":27},"end":{"line":59,"column":80}},"line":59},"10":{"name":"(anonymous_10)","decl":{"start":{"line":66,"column":16},"end":{"line":66,"column":17}},"loc":{"start":{"line":66,"column":27},"end":{"line":79,"column":11}},"line":66},"11":{"name":"(anonymous_11)","decl":{"start":{"line":67,"column":37},"end":{"line":67,"column":38}},"loc":{"start":{"line":67,"column":49},"end":{"line":78,"column":13}},"line":67},"12":{"name":"(anonymous_12)","decl":{"start":{"line":76,"column":22},"end":{"line":76,"column":23}},"loc":{"start":{"line":76,"column":40},"end":{"line":76,"column":43}},"line":76},"13":{"name":"(anonymous_13)","decl":{"start":{"line":77,"column":23},"end":{"line":77,"column":24}},"loc":{"start":{"line":77,"column":33},"end":{"line":77,"column":89}},"line":77},"14":{"name":"(anonymous_14)","decl":{"start":{"line":80,"column":17},"end":{"line":80,"column":18}},"loc":{"start":{"line":80,"column":27},"end":{"line":80,"column":85}},"line":80},"15":{"name":"(anonymous_15)","decl":{"start":{"line":83,"column":13},"end":{"line":83,"column":14}},"loc":{"start":{"line":83,"column":23},"end":{"line":83,"column":83}},"line":83},"16":{"name":"getPackages","decl":{"start":{"line":89,"column":9},"end":{"line":89,"column":20}},"loc":{"start":{"line":89,"column":37},"end":{"line":99,"column":1}},"line":89},"17":{"name":"(anonymous_17)","decl":{"start":{"line":92,"column":12},"end":{"line":92,"column":13}},"loc":{"start":{"line":92,"column":25},"end":{"line":94,"column":7}},"line":92},"18":{"name":"(anonymous_18)","decl":{"start":{"line":95,"column":13},"end":{"line":95,"column":14}},"loc":{"start":{"line":95,"column":25},"end":{"line":95,"column":51}},"line":95},"19":{"name":"updatePackage","decl":{"start":{"line":101,"column":15},"end":{"line":101,"column":28}},"loc":{"start":{"line":101,"column":45},"end":{"line":132,"column":1}},"line":101},"20":{"name":"(anonymous_20)","decl":{"start":{"line":105,"column":12},"end":{"line":105,"column":13}},"loc":{"start":{"line":105,"column":23},"end":{"line":127,"column":7}},"line":105},"21":{"name":"(anonymous_21)","decl":{"start":{"line":109,"column":18},"end":{"line":109,"column":19}},"loc":{"start":{"line":109,"column":33},"end":{"line":122,"column":13}},"line":109},"22":{"name":"(anonymous_22)","decl":{"start":{"line":111,"column":53},"end":{"line":111,"column":54}},"loc":{"start":{"line":111,"column":61},"end":{"line":111,"column":97}},"line":111},"23":{"name":"(anonymous_23)","decl":{"start":{"line":120,"column":22},"end":{"line":120,"column":23}},"loc":{"start":{"line":120,"column":40},"end":{"line":120,"column":88}},"line":120},"24":{"name":"(anonymous_24)","decl":{"start":{"line":121,"column":23},"end":{"line":121,"column":24}},"loc":{"start":{"line":121,"column":33},"end":{"line":121,"column":87}},"line":121},"25":{"name":"(anonymous_25)","decl":{"start":{"line":123,"column":19},"end":{"line":123,"column":20}},"loc":{"start":{"line":123,"column":29},"end":{"line":123,"column":90}},"line":123},"26":{"name":"(anonymous_26)","decl":{"start":{"line":128,"column":13},"end":{"line":128,"column":14}},"loc":{"start":{"line":128,"column":23},"end":{"line":128,"column":55}},"line":128},"27":{"name":"deletePackage","decl":{"start":{"line":134,"column":9},"end":{"line":134,"column":22}},"loc":{"start":{"line":134,"column":39},"end":{"line":142,"column":1}},"line":134},"28":{"name":"(anonymous_28)","decl":{"start":{"line":137,"column":12},"end":{"line":137,"column":13}},"loc":{"start":{"line":137,"column":25},"end":{"line":137,"column":60}},"line":137},"29":{"name":"(anonymous_29)","decl":{"start":{"line":138,"column":13},"end":{"line":138,"column":14}},"loc":{"start":{"line":138,"column":25},"end":{"line":138,"column":55}},"line":138},"30":{"name":"updateRate","decl":{"start":{"line":144,"column":15},"end":{"line":144,"column":25}},"loc":{"start":{"line":144,"column":42},"end":{"line":158,"column":1}},"line":144},"31":{"name":"orderPackage","decl":{"start":{"line":160,"column":15},"end":{"line":160,"column":27}},"loc":{"start":{"line":160,"column":44},"end":{"line":178,"column":1}},"line":160},"32":{"name":"(anonymous_32)","decl":{"start":{"line":173,"column":12},"end":{"line":173,"column":13}},"loc":{"start":{"line":173,"column":23},"end":{"line":173,"column":61}},"line":173},"33":{"name":"(anonymous_33)","decl":{"start":{"line":174,"column":13},"end":{"line":174,"column":14}},"loc":{"start":{"line":174,"column":23},"end":{"line":174,"column":76}},"line":174},"34":{"name":"getOrders","decl":{"start":{"line":180,"column":15},"end":{"line":180,"column":24}},"loc":{"start":{"line":180,"column":41},"end":{"line":188,"column":1}},"line":180},"35":{"name":"(anonymous_35)","decl":{"start":{"line":183,"column":12},"end":{"line":183,"column":13}},"loc":{"start":{"line":183,"column":23},"end":{"line":183,"column":56}},"line":183},"36":{"name":"(anonymous_36)","decl":{"start":{"line":184,"column":13},"end":{"line":184,"column":14}},"loc":{"start":{"line":184,"column":23},"end":{"line":184,"column":76}},"line":184},"37":{"name":"deleteOrder","decl":{"start":{"line":190,"column":15},"end":{"line":190,"column":26}},"loc":{"start":{"line":190,"column":43},"end":{"line":198,"column":1}},"line":190},"38":{"name":"(anonymous_38)","decl":{"start":{"line":193,"column":12},"end":{"line":193,"column":13}},"loc":{"start":{"line":193,"column":23},"end":{"line":193,"column":56}},"line":193},"39":{"name":"(anonymous_39)","decl":{"start":{"line":194,"column":13},"end":{"line":194,"column":14}},"loc":{"start":{"line":194,"column":23},"end":{"line":194,"column":76}},"line":194},"40":{"name":"selectOrder","decl":{"start":{"line":200,"column":15},"end":{"line":200,"column":26}},"loc":{"start":{"line":200,"column":37},"end":{"line":223,"column":1}},"line":200},"41":{"name":"(anonymous_41)","decl":{"start":{"line":209,"column":39},"end":{"line":209,"column":40}},"loc":{"start":{"line":209,"column":54},"end":{"line":209,"column":76}},"line":209}},"branchMap":{"0":{"loc":{"start":{"line":107,"column":8},"end":{"line":126,"column":9}},"type":"if","locations":[{"start":{"line":107,"column":8},"end":{"line":126,"column":9}},{"start":{"line":124,"column":15},"end":{"line":126,"column":9}}],"line":107}},"s":{"0":1,"1":1,"2":1,"3":1,"4":1,"5":1,"6":1,"7":1,"8":1,"9":1,"10":1,"11":1,"12":1,"13":1,"14":0,"15":0,"16":0,"17":0,"18":0,"19":0,"20":0,"21":0,"22":0,"23":0,"24":0,"25":0,"26":0,"27":0,"28":0,"29":0,"30":0,"31":0,"32":0,"33":0,"34":0,"35":0,"36":0,"37":0,"38":0,"39":0,"40":0,"41":0,"42":0,"43":0,"44":0,"45":0,"46":0,"47":0,"48":0,"49":0,"50":0,"51":0,"52":0,"53":0,"54":0,"55":0,"56":0,"57":0,"58":0,"59":0,"60":0,"61":0,"62":0,"63":0,"64":0,"65":0,"66":0,"67":0,"68":0,"69":0,"70":0,"71":0,"72":0,"73":0,"74":0,"75":0,"76":0,"77":0,"78":0,"79":0,"80":0,"81":0,"82":0,"83":0,"84":0,"85":0,"86":0,"87":0,"88":0,"89":0,"90":0,"91":0,"92":0,"93":0,"94":0,"95":0,"96":0,"97":0,"98":0,"99":0,"100":0,"101":0,"102":0,"103":0,"104":1},"f":{"0":0,"1":0,"2":0,"3":0,"4":0,"5":0,"6":0,"7":0,"8":0,"9":0,"10":0,"11":0,"12":0,"13":0,"14":0,"15":0,"16":0,"17":0,"18":0,"19":0,"20":0,"21":0,"22":0,"23":0,"24":0,"25":0,"26":0,"27":0,"28":0,"29":0,"30":0,"31":0,"32":0,"33":0,"34":0,"35":0,"36":0,"37":0,"38":0,"39":0,"40":0,"41":0},"b":{"0":[0,0]},"_coverageSchema":"1a1c01bbd47fc00a2c39e90264f33305004495a9","hash":"41b8aca2197fae426ddc690e9b1f3de3f96f3712"}
,"/home/wlla/School-trip-app-backEnd/routes/packageDetails.route.js": {"path":"/home/wlla/School-trip-app-backEnd/routes/packageDetails.route.js","statementMap":{"0":{"start":{"line":3,"column":16},"end":{"line":3,"column":34}},"1":{"start":{"line":4,"column":15},"end":{"line":4,"column":31}},"2":{"start":{"line":5,"column":46},"end":{"line":5,"column":66}},"3":{"start":{"line":7,"column":0},"end":{"line":7,"column":61}},"4":{"start":{"line":8,"column":0},"end":{"line":8,"column":60}},"5":{"start":{"line":9,"column":0},"end":{"line":9,"column":56}},"6":{"start":{"line":10,"column":0},"end":{"line":10,"column":59}},"7":{"start":{"line":17,"column":2},"end":{"line":33,"column":3}},"8":{"start":{"line":18,"column":31},"end":{"line":27,"column":5}},"9":{"start":{"line":28,"column":4},"end":{"line":30,"column":57}},"10":{"start":{"line":29,"column":25},"end":{"line":29,"column":53}},"11":{"start":{"line":30,"column":25},"end":{"line":30,"column":53}},"12":{"start":{"line":32,"column":4},"end":{"line":32,"column":61}},"13":{"start":{"line":37,"column":2},"end":{"line":45,"column":3}},"14":{"start":{"line":38,"column":4},"end":{"line":42,"column":53}},"15":{"start":{"line":40,"column":8},"end":{"line":40,"column":38}},"16":{"start":{"line":42,"column":27},"end":{"line":42,"column":49}},"17":{"start":{"line":44,"column":4},"end":{"line":44,"column":61}},"18":{"start":{"line":49,"column":2},"end":{"line":55,"column":3}},"19":{"start":{"line":50,"column":4},"end":{"line":52,"column":57}},"20":{"start":{"line":51,"column":25},"end":{"line":51,"column":56}},"21":{"start":{"line":52,"column":25},"end":{"line":52,"column":53}},"22":{"start":{"line":54,"column":4},"end":{"line":54,"column":64}},"23":{"start":{"line":59,"column":2},"end":{"line":65,"column":3}},"24":{"start":{"line":60,"column":4},"end":{"line":62,"column":57}},"25":{"start":{"line":61,"column":27},"end":{"line":61,"column":58}},"26":{"start":{"line":62,"column":27},"end":{"line":62,"column":53}},"27":{"start":{"line":64,"column":4},"end":{"line":64,"column":64}},"28":{"start":{"line":67,"column":0},"end":{"line":67,"column":24}}},"fnMap":{"0":{"name":"addPackageDetails","decl":{"start":{"line":12,"column":9},"end":{"line":12,"column":26}},"loc":{"start":{"line":12,"column":43},"end":{"line":34,"column":1}},"line":12},"1":{"name":"(anonymous_1)","decl":{"start":{"line":29,"column":12},"end":{"line":29,"column":13}},"loc":{"start":{"line":29,"column":23},"end":{"line":29,"column":55}},"line":29},"2":{"name":"(anonymous_2)","decl":{"start":{"line":30,"column":13},"end":{"line":30,"column":14}},"loc":{"start":{"line":30,"column":23},"end":{"line":30,"column":55}},"line":30},"3":{"name":"getPackageDetails","decl":{"start":{"line":36,"column":9},"end":{"line":36,"column":26}},"loc":{"start":{"line":36,"column":43},"end":{"line":46,"column":1}},"line":36},"4":{"name":"(anonymous_4)","decl":{"start":{"line":39,"column":12},"end":{"line":39,"column":13}},"loc":{"start":{"line":39,"column":25},"end":{"line":41,"column":7}},"line":39},"5":{"name":"(anonymous_5)","decl":{"start":{"line":42,"column":13},"end":{"line":42,"column":14}},"loc":{"start":{"line":42,"column":25},"end":{"line":42,"column":51}},"line":42},"6":{"name":"updatePackageDetails","decl":{"start":{"line":48,"column":9},"end":{"line":48,"column":29}},"loc":{"start":{"line":48,"column":46},"end":{"line":56,"column":1}},"line":48},"7":{"name":"(anonymous_7)","decl":{"start":{"line":51,"column":12},"end":{"line":51,"column":13}},"loc":{"start":{"line":51,"column":23},"end":{"line":51,"column":58}},"line":51},"8":{"name":"(anonymous_8)","decl":{"start":{"line":52,"column":13},"end":{"line":52,"column":14}},"loc":{"start":{"line":52,"column":23},"end":{"line":52,"column":55}},"line":52},"9":{"name":"deletePackageDetails","decl":{"start":{"line":58,"column":9},"end":{"line":58,"column":29}},"loc":{"start":{"line":58,"column":46},"end":{"line":66,"column":1}},"line":58},"10":{"name":"(anonymous_10)","decl":{"start":{"line":61,"column":12},"end":{"line":61,"column":13}},"loc":{"start":{"line":61,"column":25},"end":{"line":61,"column":60}},"line":61},"11":{"name":"(anonymous_11)","decl":{"start":{"line":62,"column":13},"end":{"line":62,"column":14}},"loc":{"start":{"line":62,"column":25},"end":{"line":62,"column":55}},"line":62}},"branchMap":{},"s":{"0":1,"1":1,"2":1,"3":1,"4":1,"5":1,"6":1,"7":0,"8":0,"9":0,"10":0,"11":0,"12":0,"13":0,"14":0,"15":0,"16":0,"17":0,"18":0,"19":0,"20":0,"21":0,"22":0,"23":0,"24":0,"25":0,"26":0,"27":0,"28":1},"f":{"0":0,"1":0,"2":0,"3":0,"4":0,"5":0,"6":0,"7":0,"8":0,"9":0,"10":0,"11":0},"b":{},"_coverageSchema":"1a1c01bbd47fc00a2c39e90264f33305004495a9","hash":"2b2179e0a9aebbcda5f446948fc97043f6eef457"}
,"/home/wlla/School-trip-app-backEnd/routes/packageImages.route.js": {"path":"/home/wlla/School-trip-app-backEnd/routes/packageImages.route.js","statementMap":{"0":{"start":{"line":3,"column":16},"end":{"line":3,"column":34}},"1":{"start":{"line":4,"column":15},"end":{"line":4,"column":31}},"2":{"start":{"line":5,"column":45},"end":{"line":5,"column":65}},"3":{"start":{"line":7,"column":0},"end":{"line":7,"column":59}},"4":{"start":{"line":8,"column":0},"end":{"line":8,"column":58}},"5":{"start":{"line":9,"column":0},"end":{"line":9,"column":54}},"6":{"start":{"line":10,"column":0},"end":{"line":10,"column":57}},"7":{"start":{"line":14,"column":2},"end":{"line":24,"column":3}},"8":{"start":{"line":15,"column":30},"end":{"line":18,"column":5}},"9":{"start":{"line":19,"column":4},"end":{"line":21,"column":57}},"10":{"start":{"line":20,"column":25},"end":{"line":20,"column":53}},"11":{"start":{"line":21,"column":25},"end":{"line":21,"column":53}},"12":{"start":{"line":23,"column":4},"end":{"line":23,"column":60}},"13":{"start":{"line":28,"column":2},"end":{"line":36,"column":3}},"14":{"start":{"line":29,"column":4},"end":{"line":33,"column":53}},"15":{"start":{"line":31,"column":8},"end":{"line":31,"column":38}},"16":{"start":{"line":33,"column":27},"end":{"line":33,"column":49}},"17":{"start":{"line":35,"column":4},"end":{"line":35,"column":60}},"18":{"start":{"line":40,"column":2},"end":{"line":46,"column":3}},"19":{"start":{"line":41,"column":4},"end":{"line":43,"column":57}},"20":{"start":{"line":42,"column":25},"end":{"line":42,"column":56}},"21":{"start":{"line":43,"column":25},"end":{"line":43,"column":53}},"22":{"start":{"line":45,"column":4},"end":{"line":45,"column":63}},"23":{"start":{"line":50,"column":2},"end":{"line":56,"column":3}},"24":{"start":{"line":51,"column":4},"end":{"line":53,"column":57}},"25":{"start":{"line":52,"column":27},"end":{"line":52,"column":58}},"26":{"start":{"line":53,"column":27},"end":{"line":53,"column":53}},"27":{"start":{"line":55,"column":4},"end":{"line":55,"column":63}},"28":{"start":{"line":58,"column":0},"end":{"line":58,"column":24}}},"fnMap":{"0":{"name":"addPackageImages","decl":{"start":{"line":12,"column":9},"end":{"line":12,"column":25}},"loc":{"start":{"line":12,"column":42},"end":{"line":25,"column":1}},"line":12},"1":{"name":"(anonymous_1)","decl":{"start":{"line":20,"column":12},"end":{"line":20,"column":13}},"loc":{"start":{"line":20,"column":23},"end":{"line":20,"column":55}},"line":20},"2":{"name":"(anonymous_2)","decl":{"start":{"line":21,"column":13},"end":{"line":21,"column":14}},"loc":{"start":{"line":21,"column":23},"end":{"line":21,"column":55}},"line":21},"3":{"name":"getPackageImages","decl":{"start":{"line":27,"column":9},"end":{"line":27,"column":25}},"loc":{"start":{"line":27,"column":42},"end":{"line":37,"column":1}},"line":27},"4":{"name":"(anonymous_4)","decl":{"start":{"line":30,"column":12},"end":{"line":30,"column":13}},"loc":{"start":{"line":30,"column":25},"end":{"line":32,"column":7}},"line":30},"5":{"name":"(anonymous_5)","decl":{"start":{"line":33,"column":13},"end":{"line":33,"column":14}},"loc":{"start":{"line":33,"column":25},"end":{"line":33,"column":51}},"line":33},"6":{"name":"updatePackageImages","decl":{"start":{"line":39,"column":9},"end":{"line":39,"column":28}},"loc":{"start":{"line":39,"column":45},"end":{"line":47,"column":1}},"line":39},"7":{"name":"(anonymous_7)","decl":{"start":{"line":42,"column":12},"end":{"line":42,"column":13}},"loc":{"start":{"line":42,"column":23},"end":{"line":42,"column":58}},"line":42},"8":{"name":"(anonymous_8)","decl":{"start":{"line":43,"column":13},"end":{"line":43,"column":14}},"loc":{"start":{"line":43,"column":23},"end":{"line":43,"column":55}},"line":43},"9":{"name":"deletePackageImages","decl":{"start":{"line":49,"column":9},"end":{"line":49,"column":28}},"loc":{"start":{"line":49,"column":45},"end":{"line":57,"column":1}},"line":49},"10":{"name":"(anonymous_10)","decl":{"start":{"line":52,"column":12},"end":{"line":52,"column":13}},"loc":{"start":{"line":52,"column":25},"end":{"line":52,"column":60}},"line":52},"11":{"name":"(anonymous_11)","decl":{"start":{"line":53,"column":13},"end":{"line":53,"column":14}},"loc":{"start":{"line":53,"column":25},"end":{"line":53,"column":55}},"line":53}},"branchMap":{},"s":{"0":1,"1":1,"2":1,"3":1,"4":1,"5":1,"6":1,"7":0,"8":0,"9":0,"10":0,"11":0,"12":0,"13":0,"14":0,"15":0,"16":0,"17":0,"18":0,"19":0,"20":0,"21":0,"22":0,"23":0,"24":0,"25":0,"26":0,"27":0,"28":1},"f":{"0":0,"1":0,"2":0,"3":0,"4":0,"5":0,"6":0,"7":0,"8":0,"9":0,"10":0,"11":0},"b":{},"_coverageSchema":"1a1c01bbd47fc00a2c39e90264f33305004495a9","hash":"65a1de196219ff7ab1d72b65dbfb66928b659900"}
,"/home/wlla/School-trip-app-backEnd/routes/photographer.route.js": {"path":"/home/wlla/School-trip-app-backEnd/routes/photographer.route.js","statementMap":{"0":{"start":{"line":3,"column":30},"end":{"line":3,"column":56}},"1":{"start":{"line":4,"column":15},"end":{"line":4,"column":42}},"2":{"start":{"line":7,"column":24},"end":{"line":26,"column":1}},"3":{"start":{"line":8,"column":17},"end":{"line":8,"column":25}},"4":{"start":{"line":9,"column":4},"end":{"line":24,"column":5}},"5":{"start":{"line":10,"column":32},"end":{"line":18,"column":9}},"6":{"start":{"line":19,"column":29},"end":{"line":19,"column":76}},"7":{"start":{"line":20,"column":8},"end":{"line":20,"column":43}},"8":{"start":{"line":23,"column":8},"end":{"line":23,"column":27}},"9":{"start":{"line":27,"column":0},"end":{"line":27,"column":46}},"10":{"start":{"line":29,"column":27},"end":{"line":37,"column":1}},"11":{"start":{"line":30,"column":4},"end":{"line":36,"column":5}},"12":{"start":{"line":31,"column":24},"end":{"line":31,"column":57}},"13":{"start":{"line":33,"column":8},"end":{"line":33,"column":38}},"14":{"start":{"line":35,"column":8},"end":{"line":35,"column":27}},"15":{"start":{"line":39,"column":0},"end":{"line":39,"column":48}},"16":{"start":{"line":40,"column":16},"end":{"line":59,"column":1}},"17":{"start":{"line":41,"column":4},"end":{"line":58,"column":5}},"18":{"start":{"line":42,"column":19},"end":{"line":42,"column":32}},"19":{"start":{"line":43,"column":26},"end":{"line":43,"column":44}},"20":{"start":{"line":44,"column":29},"end":{"line":44,"column":79}},"21":{"start":{"line":45,"column":8},"end":{"line":47,"column":11}},"22":{"start":{"line":48,"column":8},"end":{"line":50,"column":10}},"23":{"start":{"line":51,"column":8},"end":{"line":53,"column":11}},"24":{"start":{"line":54,"column":8},"end":{"line":54,"column":43}},"25":{"start":{"line":57,"column":8},"end":{"line":57,"column":27}},"26":{"start":{"line":62,"column":0},"end":{"line":62,"column":41}},"27":{"start":{"line":68,"column":0},"end":{"line":68,"column":24}}},"fnMap":{"0":{"name":"(anonymous_0)","decl":{"start":{"line":7,"column":24},"end":{"line":7,"column":25}},"loc":{"start":{"line":7,"column":44},"end":{"line":26,"column":1}},"line":7},"1":{"name":"(anonymous_1)","decl":{"start":{"line":29,"column":27},"end":{"line":29,"column":28}},"loc":{"start":{"line":29,"column":47},"end":{"line":37,"column":1}},"line":29},"2":{"name":"(anonymous_2)","decl":{"start":{"line":40,"column":16},"end":{"line":40,"column":17}},"loc":{"start":{"line":40,"column":36},"end":{"line":59,"column":1}},"line":40}},"branchMap":{},"s":{"0":1,"1":1,"2":1,"3":0,"4":0,"5":0,"6":0,"7":0,"8":0,"9":1,"10":1,"11":0,"12":0,"13":0,"14":0,"15":1,"16":1,"17":0,"18":0,"19":0,"20":0,"21":0,"22":0,"23":0,"24":0,"25":0,"26":1,"27":1},"f":{"0":0,"1":0,"2":0},"b":{},"_coverageSchema":"1a1c01bbd47fc00a2c39e90264f33305004495a9","hash":"6ed5c5f4811ceeb2d2a1c03a2ad75fb48ee0934c"}
,"/home/wlla/School-trip-app-backEnd/routes/product.route.js": {"path":"/home/wlla/School-trip-app-backEnd/routes/product.route.js","statementMap":{"0":{"start":{"line":3,"column":16},"end":{"line":3,"column":34}},"1":{"start":{"line":4,"column":15},"end":{"line":4,"column":31}},"2":{"start":{"line":5,"column":54},"end":{"line":5,"column":74}},"3":{"start":{"line":7,"column":0},"end":{"line":7,"column":36}},"4":{"start":{"line":8,"column":0},"end":{"line":8,"column":35}},"5":{"start":{"line":9,"column":0},"end":{"line":9,"column":42}},"6":{"start":{"line":10,"column":0},"end":{"line":10,"column":45}},"7":{"start":{"line":14,"column":2},"end":{"line":20,"column":3}},"8":{"start":{"line":15,"column":6},"end":{"line":17,"column":57}},"9":{"start":{"line":16,"column":25},"end":{"line":16,"column":54}},"10":{"start":{"line":17,"column":25},"end":{"line":17,"column":53}},"11":{"start":{"line":19,"column":4},"end":{"line":19,"column":54}},"12":{"start":{"line":24,"column":2},"end":{"line":30,"column":3}},"13":{"start":{"line":25,"column":4},"end":{"line":27,"column":57}},"14":{"start":{"line":26,"column":25},"end":{"line":26,"column":54}},"15":{"start":{"line":27,"column":25},"end":{"line":27,"column":53}},"16":{"start":{"line":29,"column":4},"end":{"line":29,"column":54}},"17":{"start":{"line":34,"column":2},"end":{"line":40,"column":3}},"18":{"start":{"line":35,"column":4},"end":{"line":37,"column":55}},"19":{"start":{"line":36,"column":23},"end":{"line":36,"column":52}},"20":{"start":{"line":37,"column":23},"end":{"line":37,"column":51}},"21":{"start":{"line":39,"column":4},"end":{"line":39,"column":56}},"22":{"start":{"line":44,"column":2},"end":{"line":50,"column":3}},"23":{"start":{"line":45,"column":4},"end":{"line":47,"column":55}},"24":{"start":{"line":46,"column":23},"end":{"line":46,"column":54}},"25":{"start":{"line":47,"column":23},"end":{"line":47,"column":51}},"26":{"start":{"line":49,"column":4},"end":{"line":49,"column":56}},"27":{"start":{"line":55,"column":0},"end":{"line":55,"column":24}}},"fnMap":{"0":{"name":"addProduct","decl":{"start":{"line":12,"column":9},"end":{"line":12,"column":19}},"loc":{"start":{"line":12,"column":36},"end":{"line":21,"column":1}},"line":12},"1":{"name":"(anonymous_1)","decl":{"start":{"line":16,"column":12},"end":{"line":16,"column":13}},"loc":{"start":{"line":16,"column":23},"end":{"line":16,"column":56}},"line":16},"2":{"name":"(anonymous_2)","decl":{"start":{"line":17,"column":13},"end":{"line":17,"column":14}},"loc":{"start":{"line":17,"column":23},"end":{"line":17,"column":55}},"line":17},"3":{"name":"getProduct","decl":{"start":{"line":23,"column":15},"end":{"line":23,"column":25}},"loc":{"start":{"line":23,"column":42},"end":{"line":31,"column":1}},"line":23},"4":{"name":"(anonymous_4)","decl":{"start":{"line":26,"column":12},"end":{"line":26,"column":13}},"loc":{"start":{"line":26,"column":23},"end":{"line":26,"column":56}},"line":26},"5":{"name":"(anonymous_5)","decl":{"start":{"line":27,"column":13},"end":{"line":27,"column":14}},"loc":{"start":{"line":27,"column":23},"end":{"line":27,"column":55}},"line":27},"6":{"name":"updateProduct","decl":{"start":{"line":33,"column":15},"end":{"line":33,"column":28}},"loc":{"start":{"line":33,"column":46},"end":{"line":41,"column":1}},"line":33},"7":{"name":"(anonymous_7)","decl":{"start":{"line":36,"column":10},"end":{"line":36,"column":11}},"loc":{"start":{"line":36,"column":21},"end":{"line":36,"column":54}},"line":36},"8":{"name":"(anonymous_8)","decl":{"start":{"line":37,"column":11},"end":{"line":37,"column":12}},"loc":{"start":{"line":37,"column":21},"end":{"line":37,"column":53}},"line":37},"9":{"name":"deleteProduct","decl":{"start":{"line":43,"column":9},"end":{"line":43,"column":22}},"loc":{"start":{"line":43,"column":40},"end":{"line":51,"column":1}},"line":43},"10":{"name":"(anonymous_10)","decl":{"start":{"line":46,"column":10},"end":{"line":46,"column":11}},"loc":{"start":{"line":46,"column":21},"end":{"line":46,"column":56}},"line":46},"11":{"name":"(anonymous_11)","decl":{"start":{"line":47,"column":11},"end":{"line":47,"column":12}},"loc":{"start":{"line":47,"column":21},"end":{"line":47,"column":53}},"line":47}},"branchMap":{},"s":{"0":1,"1":1,"2":1,"3":1,"4":1,"5":1,"6":1,"7":0,"8":0,"9":0,"10":0,"11":0,"12":0,"13":0,"14":0,"15":0,"16":0,"17":0,"18":0,"19":0,"20":0,"21":0,"22":0,"23":0,"24":0,"25":0,"26":0,"27":1},"f":{"0":0,"1":0,"2":0,"3":0,"4":0,"5":0,"6":0,"7":0,"8":0,"9":0,"10":0,"11":0},"b":{},"_coverageSchema":"1a1c01bbd47fc00a2c39e90264f33305004495a9","hash":"eb885bc22309df53992975919e6edb7362ea951c"}
,"/home/wlla/School-trip-app-backEnd/routes/productOrder.rote.js": {"path":"/home/wlla/School-trip-app-backEnd/routes/productOrder.rote.js","statementMap":{"0":{"start":{"line":3,"column":16},"end":{"line":3,"column":34}},"1":{"start":{"line":4,"column":15},"end":{"line":4,"column":31}},"2":{"start":{"line":5,"column":55},"end":{"line":5,"column":75}},"3":{"start":{"line":7,"column":0},"end":{"line":7,"column":57}},"4":{"start":{"line":8,"column":0},"end":{"line":8,"column":45}},"5":{"start":{"line":9,"column":0},"end":{"line":9,"column":52}},"6":{"start":{"line":10,"column":0},"end":{"line":10,"column":55}},"7":{"start":{"line":14,"column":2},"end":{"line":24,"column":3}},"8":{"start":{"line":15,"column":25},"end":{"line":18,"column":5}},"9":{"start":{"line":19,"column":4},"end":{"line":21,"column":57}},"10":{"start":{"line":20,"column":25},"end":{"line":20,"column":54}},"11":{"start":{"line":21,"column":25},"end":{"line":21,"column":53}},"12":{"start":{"line":23,"column":4},"end":{"line":23,"column":61}},"13":{"start":{"line":28,"column":2},"end":{"line":34,"column":3}},"14":{"start":{"line":29,"column":4},"end":{"line":31,"column":57}},"15":{"start":{"line":30,"column":25},"end":{"line":30,"column":54}},"16":{"start":{"line":31,"column":25},"end":{"line":31,"column":53}},"17":{"start":{"line":33,"column":4},"end":{"line":33,"column":59}},"18":{"start":{"line":38,"column":2},"end":{"line":44,"column":3}},"19":{"start":{"line":39,"column":4},"end":{"line":41,"column":57}},"20":{"start":{"line":40,"column":25},"end":{"line":40,"column":54}},"21":{"start":{"line":41,"column":25},"end":{"line":41,"column":53}},"22":{"start":{"line":43,"column":4},"end":{"line":43,"column":61}},"23":{"start":{"line":48,"column":2},"end":{"line":54,"column":3}},"24":{"start":{"line":49,"column":4},"end":{"line":51,"column":57}},"25":{"start":{"line":50,"column":25},"end":{"line":50,"column":56}},"26":{"start":{"line":51,"column":25},"end":{"line":51,"column":53}},"27":{"start":{"line":53,"column":4},"end":{"line":53,"column":60}},"28":{"start":{"line":57,"column":0},"end":{"line":57,"column":24}}},"fnMap":{"0":{"name":"addProductOrder","decl":{"start":{"line":12,"column":15},"end":{"line":12,"column":30}},"loc":{"start":{"line":12,"column":47},"end":{"line":25,"column":1}},"line":12},"1":{"name":"(anonymous_1)","decl":{"start":{"line":20,"column":12},"end":{"line":20,"column":13}},"loc":{"start":{"line":20,"column":23},"end":{"line":20,"column":56}},"line":20},"2":{"name":"(anonymous_2)","decl":{"start":{"line":21,"column":13},"end":{"line":21,"column":14}},"loc":{"start":{"line":21,"column":23},"end":{"line":21,"column":55}},"line":21},"3":{"name":"getProductOrder","decl":{"start":{"line":27,"column":15},"end":{"line":27,"column":30}},"loc":{"start":{"line":27,"column":47},"end":{"line":35,"column":1}},"line":27},"4":{"name":"(anonymous_4)","decl":{"start":{"line":30,"column":12},"end":{"line":30,"column":13}},"loc":{"start":{"line":30,"column":23},"end":{"line":30,"column":56}},"line":30},"5":{"name":"(anonymous_5)","decl":{"start":{"line":31,"column":13},"end":{"line":31,"column":14}},"loc":{"start":{"line":31,"column":23},"end":{"line":31,"column":55}},"line":31},"6":{"name":"updateProductOrder","decl":{"start":{"line":37,"column":15},"end":{"line":37,"column":33}},"loc":{"start":{"line":37,"column":50},"end":{"line":45,"column":1}},"line":37},"7":{"name":"(anonymous_7)","decl":{"start":{"line":40,"column":12},"end":{"line":40,"column":13}},"loc":{"start":{"line":40,"column":23},"end":{"line":40,"column":56}},"line":40},"8":{"name":"(anonymous_8)","decl":{"start":{"line":41,"column":13},"end":{"line":41,"column":14}},"loc":{"start":{"line":41,"column":23},"end":{"line":41,"column":55}},"line":41},"9":{"name":"deleteProductOrder","decl":{"start":{"line":47,"column":15},"end":{"line":47,"column":33}},"loc":{"start":{"line":47,"column":50},"end":{"line":55,"column":1}},"line":47},"10":{"name":"(anonymous_10)","decl":{"start":{"line":50,"column":12},"end":{"line":50,"column":13}},"loc":{"start":{"line":50,"column":23},"end":{"line":50,"column":58}},"line":50},"11":{"name":"(anonymous_11)","decl":{"start":{"line":51,"column":13},"end":{"line":51,"column":14}},"loc":{"start":{"line":51,"column":23},"end":{"line":51,"column":55}},"line":51}},"branchMap":{},"s":{"0":1,"1":1,"2":1,"3":1,"4":1,"5":1,"6":1,"7":0,"8":0,"9":0,"10":0,"11":0,"12":0,"13":0,"14":0,"15":0,"16":0,"17":0,"18":0,"19":0,"20":0,"21":0,"22":0,"23":0,"24":0,"25":0,"26":0,"27":0,"28":1},"f":{"0":0,"1":0,"2":0,"3":0,"4":0,"5":0,"6":0,"7":0,"8":0,"9":0,"10":0,"11":0},"b":{},"_coverageSchema":"1a1c01bbd47fc00a2c39e90264f33305004495a9","hash":"6d2d7fd3bdca757905d746bbcc2d943e153c6a3b"}
,"/home/wlla/School-trip-app-backEnd/routes/tripRequest.route.js": {"path":"/home/wlla/School-trip-app-backEnd/routes/tripRequest.route.js","statementMap":{"0":{"start":{"line":3,"column":16},"end":{"line":3,"column":34}},"1":{"start":{"line":4,"column":15},"end":{"line":4,"column":31}},"2":{"start":{"line":5,"column":40},"end":{"line":5,"column":60}},"3":{"start":{"line":7,"column":0},"end":{"line":7,"column":44}},"4":{"start":{"line":8,"column":0},"end":{"line":8,"column":43}},"5":{"start":{"line":9,"column":0},"end":{"line":9,"column":50}},"6":{"start":{"line":10,"column":0},"end":{"line":10,"column":53}},"7":{"start":{"line":13,"column":2},"end":{"line":19,"column":3}},"8":{"start":{"line":14,"column":4},"end":{"line":16,"column":57}},"9":{"start":{"line":15,"column":25},"end":{"line":15,"column":54}},"10":{"start":{"line":16,"column":25},"end":{"line":16,"column":53}},"11":{"start":{"line":18,"column":4},"end":{"line":18,"column":58}},"12":{"start":{"line":23,"column":2},"end":{"line":31,"column":3}},"13":{"start":{"line":24,"column":4},"end":{"line":28,"column":50}},"14":{"start":{"line":26,"column":8},"end":{"line":26,"column":38}},"15":{"start":{"line":28,"column":27},"end":{"line":28,"column":46}},"16":{"start":{"line":30,"column":4},"end":{"line":30,"column":58}},"17":{"start":{"line":35,"column":2},"end":{"line":41,"column":3}},"18":{"start":{"line":36,"column":4},"end":{"line":38,"column":48}},"19":{"start":{"line":37,"column":25},"end":{"line":37,"column":54}},"20":{"start":{"line":38,"column":25},"end":{"line":38,"column":44}},"21":{"start":{"line":40,"column":4},"end":{"line":40,"column":61}},"22":{"start":{"line":45,"column":2},"end":{"line":51,"column":3}},"23":{"start":{"line":46,"column":4},"end":{"line":48,"column":50}},"24":{"start":{"line":47,"column":27},"end":{"line":47,"column":58}},"25":{"start":{"line":48,"column":27},"end":{"line":48,"column":46}},"26":{"start":{"line":50,"column":4},"end":{"line":50,"column":61}},"27":{"start":{"line":54,"column":2},"end":{"line":59,"column":3}},"28":{"start":{"line":55,"column":28},"end":{"line":55,"column":84}},"29":{"start":{"line":56,"column":4},"end":{"line":56,"column":42}},"30":{"start":{"line":58,"column":4},"end":{"line":58,"column":23}},"31":{"start":{"line":62,"column":0},"end":{"line":62,"column":52}},"32":{"start":{"line":63,"column":0},"end":{"line":63,"column":24}}},"fnMap":{"0":{"name":"addTripRequest","decl":{"start":{"line":12,"column":9},"end":{"line":12,"column":23}},"loc":{"start":{"line":12,"column":40},"end":{"line":20,"column":1}},"line":12},"1":{"name":"(anonymous_1)","decl":{"start":{"line":15,"column":12},"end":{"line":15,"column":13}},"loc":{"start":{"line":15,"column":23},"end":{"line":15,"column":56}},"line":15},"2":{"name":"(anonymous_2)","decl":{"start":{"line":16,"column":13},"end":{"line":16,"column":14}},"loc":{"start":{"line":16,"column":23},"end":{"line":16,"column":55}},"line":16},"3":{"name":"getTripRequest","decl":{"start":{"line":22,"column":9},"end":{"line":22,"column":23}},"loc":{"start":{"line":22,"column":40},"end":{"line":32,"column":1}},"line":22},"4":{"name":"(anonymous_4)","decl":{"start":{"line":25,"column":12},"end":{"line":25,"column":13}},"loc":{"start":{"line":25,"column":25},"end":{"line":27,"column":7}},"line":25},"5":{"name":"(anonymous_5)","decl":{"start":{"line":28,"column":13},"end":{"line":28,"column":14}},"loc":{"start":{"line":28,"column":25},"end":{"line":28,"column":48}},"line":28},"6":{"name":"updateTripRequest","decl":{"start":{"line":34,"column":9},"end":{"line":34,"column":26}},"loc":{"start":{"line":34,"column":43},"end":{"line":42,"column":1}},"line":34},"7":{"name":"(anonymous_7)","decl":{"start":{"line":37,"column":12},"end":{"line":37,"column":13}},"loc":{"start":{"line":37,"column":23},"end":{"line":37,"column":56}},"line":37},"8":{"name":"(anonymous_8)","decl":{"start":{"line":38,"column":13},"end":{"line":38,"column":14}},"loc":{"start":{"line":38,"column":23},"end":{"line":38,"column":46}},"line":38},"9":{"name":"deleteTripRequest","decl":{"start":{"line":44,"column":9},"end":{"line":44,"column":26}},"loc":{"start":{"line":44,"column":43},"end":{"line":52,"column":1}},"line":44},"10":{"name":"(anonymous_10)","decl":{"start":{"line":47,"column":12},"end":{"line":47,"column":13}},"loc":{"start":{"line":47,"column":25},"end":{"line":47,"column":60}},"line":47},"11":{"name":"(anonymous_11)","decl":{"start":{"line":48,"column":13},"end":{"line":48,"column":14}},"loc":{"start":{"line":48,"column":25},"end":{"line":48,"column":48}},"line":48},"12":{"name":"getUserWithRequest","decl":{"start":{"line":53,"column":15},"end":{"line":53,"column":33}},"loc":{"start":{"line":53,"column":44},"end":{"line":60,"column":1}},"line":53}},"branchMap":{},"s":{"0":1,"1":1,"2":1,"3":1,"4":1,"5":1,"6":1,"7":0,"8":0,"9":0,"10":0,"11":0,"12":0,"13":0,"14":0,"15":0,"16":0,"17":0,"18":0,"19":0,"20":0,"21":0,"22":0,"23":0,"24":0,"25":0,"26":0,"27":0,"28":0,"29":0,"30":0,"31":1,"32":1},"f":{"0":0,"1":0,"2":0,"3":0,"4":0,"5":0,"6":0,"7":0,"8":0,"9":0,"10":0,"11":0,"12":0},"b":{},"_coverageSchema":"1a1c01bbd47fc00a2c39e90264f33305004495a9","hash":"08cb6056c88a80b346885f6ce487d994fa70aa62"}
,"/home/wlla/School-trip-app-backEnd/routes/user.js": {"path":"/home/wlla/School-trip-app-backEnd/routes/user.js","statementMap":{"0":{"start":{"line":1,"column":15},"end":{"line":1,"column":42}},"1":{"start":{"line":4,"column":15},"end":{"line":4,"column":32}},"2":{"start":{"line":5,"column":15},"end":{"line":5,"column":33}},"3":{"start":{"line":6,"column":15},"end":{"line":6,"column":32}},"4":{"start":{"line":7,"column":13},"end":{"line":7,"column":28}},"5":{"start":{"line":9,"column":22},"end":{"line":9,"column":42}},"6":{"start":{"line":10,"column":22},"end":{"line":10,"column":57}},"7":{"start":{"line":11,"column":19},"end":{"line":11,"column":55}},"8":{"start":{"line":13,"column":16},"end":{"line":20,"column":2}},"9":{"start":{"line":15,"column":8},"end":{"line":15,"column":26}},"10":{"start":{"line":18,"column":8},"end":{"line":18,"column":62}},"11":{"start":{"line":22,"column":15},"end":{"line":35,"column":18}},"12":{"start":{"line":26,"column":26},"end":{"line":26,"column":44}},"13":{"start":{"line":27,"column":25},"end":{"line":27,"column":54}},"14":{"start":{"line":28,"column":24},"end":{"line":28,"column":71}},"15":{"start":{"line":30,"column":8},"end":{"line":32,"column":9}},"16":{"start":{"line":31,"column":12},"end":{"line":31,"column":33}},"17":{"start":{"line":33,"column":8},"end":{"line":33,"column":49}},"18":{"start":{"line":38,"column":22},"end":{"line":72,"column":1}},"19":{"start":{"line":39,"column":4},"end":{"line":71,"column":5}},"20":{"start":{"line":40,"column":25},"end":{"line":40,"column":33}},"21":{"start":{"line":41,"column":22},"end":{"line":41,"column":24}},"22":{"start":{"line":42,"column":8},"end":{"line":62,"column":9}},"23":{"start":{"line":43,"column":12},"end":{"line":51,"column":14}},"24":{"start":{"line":54,"column":12},"end":{"line":61,"column":14}},"25":{"start":{"line":64,"column":21},"end":{"line":64,"column":52}},"26":{"start":{"line":65,"column":8},"end":{"line":65,"column":45}},"27":{"start":{"line":65,"column":18},"end":{"line":65,"column":45}},"28":{"start":{"line":69,"column":8},"end":{"line":69,"column":27}},"29":{"start":{"line":73,"column":0},"end":{"line":73,"column":55}},"30":{"start":{"line":75,"column":15},"end":{"line":101,"column":1}},"31":{"start":{"line":76,"column":4},"end":{"line":100,"column":5}},"32":{"start":{"line":78,"column":25},"end":{"line":78,"column":64}},"33":{"start":{"line":79,"column":24},"end":{"line":79,"column":47}},"34":{"start":{"line":80,"column":37},"end":{"line":80,"column":55}},"35":{"start":{"line":81,"column":21},"end":{"line":81,"column":79}},"36":{"start":{"line":82,"column":8},"end":{"line":95,"column":9}},"37":{"start":{"line":83,"column":34},"end":{"line":83,"column":79}},"38":{"start":{"line":84,"column":12},"end":{"line":91,"column":13}},"39":{"start":{"line":85,"column":16},"end":{"line":85,"column":50}},"40":{"start":{"line":88,"column":16},"end":{"line":90,"column":19}},"41":{"start":{"line":94,"column":12},"end":{"line":94,"column":84}},"42":{"start":{"line":99,"column":8},"end":{"line":99,"column":27}},"43":{"start":{"line":102,"column":0},"end":{"line":102,"column":31}},"44":{"start":{"line":104,"column":20},"end":{"line":111,"column":1}},"45":{"start":{"line":105,"column":4},"end":{"line":110,"column":5}},"46":{"start":{"line":106,"column":21},"end":{"line":106,"column":72}},"47":{"start":{"line":107,"column":8},"end":{"line":107,"column":35}},"48":{"start":{"line":109,"column":8},"end":{"line":109,"column":54}},"49":{"start":{"line":113,"column":0},"end":{"line":113,"column":34}},"50":{"start":{"line":115,"column":24},"end":{"line":127,"column":1}},"51":{"start":{"line":116,"column":4},"end":{"line":126,"column":5}},"52":{"start":{"line":117,"column":19},"end":{"line":117,"column":32}},"53":{"start":{"line":118,"column":21},"end":{"line":118,"column":63}},"54":{"start":{"line":119,"column":8},"end":{"line":121,"column":11}},"55":{"start":{"line":122,"column":8},"end":{"line":122,"column":35}},"56":{"start":{"line":125,"column":8},"end":{"line":125,"column":27}},"57":{"start":{"line":129,"column":0},"end":{"line":129,"column":40}},"58":{"start":{"line":131,"column":17},"end":{"line":139,"column":1}},"59":{"start":{"line":132,"column":4},"end":{"line":138,"column":5}},"60":{"start":{"line":133,"column":19},"end":{"line":133,"column":32}},"61":{"start":{"line":134,"column":20},"end":{"line":134,"column":57}},"62":{"start":{"line":135,"column":9},"end":{"line":135,"column":36}},"63":{"start":{"line":137,"column":8},"end":{"line":137,"column":27}},"64":{"start":{"line":140,"column":0},"end":{"line":140,"column":38}},"65":{"start":{"line":147,"column":0},"end":{"line":147,"column":24}}},"fnMap":{"0":{"name":"(anonymous_0)","decl":{"start":{"line":14,"column":17},"end":{"line":14,"column":18}},"loc":{"start":{"line":14,"column":36},"end":{"line":16,"column":5}},"line":14},"1":{"name":"(anonymous_1)","decl":{"start":{"line":17,"column":14},"end":{"line":17,"column":15}},"loc":{"start":{"line":17,"column":33},"end":{"line":19,"column":5}},"line":17},"2":{"name":"(anonymous_2)","decl":{"start":{"line":25,"column":16},"end":{"line":25,"column":17}},"loc":{"start":{"line":25,"column":35},"end":{"line":34,"column":5}},"line":25},"3":{"name":"(anonymous_3)","decl":{"start":{"line":38,"column":22},"end":{"line":38,"column":23}},"loc":{"start":{"line":38,"column":42},"end":{"line":72,"column":1}},"line":38},"4":{"name":"(anonymous_4)","decl":{"start":{"line":75,"column":15},"end":{"line":75,"column":16}},"loc":{"start":{"line":75,"column":35},"end":{"line":101,"column":1}},"line":75},"5":{"name":"(anonymous_5)","decl":{"start":{"line":104,"column":20},"end":{"line":104,"column":21}},"loc":{"start":{"line":104,"column":40},"end":{"line":111,"column":1}},"line":104},"6":{"name":"(anonymous_6)","decl":{"start":{"line":115,"column":24},"end":{"line":115,"column":25}},"loc":{"start":{"line":115,"column":44},"end":{"line":127,"column":1}},"line":115},"7":{"name":"(anonymous_7)","decl":{"start":{"line":131,"column":17},"end":{"line":131,"column":18}},"loc":{"start":{"line":131,"column":33},"end":{"line":139,"column":1}},"line":131}},"branchMap":{"0":{"loc":{"start":{"line":30,"column":8},"end":{"line":32,"column":9}},"type":"if","locations":[{"start":{"line":30,"column":8},"end":{"line":32,"column":9}},{"start":{},"end":{}}],"line":30},"1":{"loc":{"start":{"line":30,"column":12},"end":{"line":30,"column":31}},"type":"binary-expr","locations":[{"start":{"line":30,"column":12},"end":{"line":30,"column":20}},{"start":{"line":30,"column":24},"end":{"line":30,"column":31}}],"line":30},"2":{"loc":{"start":{"line":42,"column":8},"end":{"line":62,"column":9}},"type":"if","locations":[{"start":{"line":42,"column":8},"end":{"line":62,"column":9}},{"start":{"line":53,"column":13},"end":{"line":62,"column":9}}],"line":42},"3":{"loc":{"start":{"line":65,"column":8},"end":{"line":65,"column":45}},"type":"if","locations":[{"start":{"line":65,"column":8},"end":{"line":65,"column":45}},{"start":{},"end":{}}],"line":65},"4":{"loc":{"start":{"line":82,"column":8},"end":{"line":95,"column":9}},"type":"if","locations":[{"start":{"line":82,"column":8},"end":{"line":95,"column":9}},{"start":{"line":93,"column":13},"end":{"line":95,"column":9}}],"line":82},"5":{"loc":{"start":{"line":84,"column":12},"end":{"line":91,"column":13}},"type":"if","locations":[{"start":{"line":84,"column":12},"end":{"line":91,"column":13}},{"start":{"line":87,"column":17},"end":{"line":91,"column":13}}],"line":84}},"s":{"0":1,"1":1,"2":1,"3":1,"4":1,"5":1,"6":1,"7":1,"8":1,"9":0,"10":0,"11":1,"12":0,"13":0,"14":0,"15":0,"16":0,"17":0,"18":1,"19":0,"20":0,"21":0,"22":0,"23":0,"24":0,"25":0,"26":0,"27":0,"28":0,"29":1,"30":1,"31":0,"32":0,"33":0,"34":0,"35":0,"36":0,"37":0,"38":0,"39":0,"40":0,"41":0,"42":0,"43":1,"44":1,"45":0,"46":0,"47":0,"48":0,"49":1,"50":1,"51":0,"52":0,"53":0,"54":0,"55":0,"56":0,"57":1,"58":1,"59":0,"60":0,"61":0,"62":0,"63":0,"64":1,"65":1},"f":{"0":0,"1":0,"2":0,"3":0,"4":0,"5":0,"6":0,"7":0},"b":{"0":[0,0],"1":[0,0],"2":[0,0],"3":[0,0],"4":[0,0],"5":[0,0]},"_coverageSchema":"1a1c01bbd47fc00a2c39e90264f33305004495a9","hash":"f1661ca21bd48c8aba804eb6ecf3d50c37691aed"}
}
