TN:
SF:server.js
FN:45,(anonymous_0)
FN:46,(anonymous_1)
FNF:2
FNH:0
FNDA:0,(anonymous_0)
FNDA:0,(anonymous_1)
DA:3,3
DA:4,3
DA:5,3
DA:6,3
DA:7,3
DA:8,3
DA:9,3
DA:10,3
DA:11,3
DA:12,3
DA:13,3
DA:14,3
DA:17,3
DA:19,3
DA:22,3
DA:24,3
DA:25,3
DA:26,3
DA:27,3
DA:28,3
DA:29,3
DA:30,3
DA:31,3
DA:32,3
DA:33,3
DA:35,3
DA:37,3
DA:39,3
DA:40,3
DA:45,3
DA:46,0
DA:49,3
LF:32
LH:31
BRF:0
BRH:0
end_of_record
TN:
SF:controllers/comment.js
FN:6,addComment
FN:22,getMemoryComments
FN:25,(anonymous_2)
FN:28,(anonymous_3)
FN:34,updateComment
FN:37,(anonymous_5)
FN:38,(anonymous_6)
FN:44,deleteComment
FN:47,(anonymous_8)
FN:48,(anonymous_9)
FNF:10
FNH:0
FNDA:0,addComment
FNDA:0,getMemoryComments
FNDA:0,(anonymous_2)
FNDA:0,(anonymous_3)
FNDA:0,updateComment
FNDA:0,(anonymous_5)
FNDA:0,(anonymous_6)
FNDA:0,deleteComment
FNDA:0,(anonymous_8)
FNDA:0,(anonymous_9)
DA:3,3
DA:8,0
DA:9,0
DA:14,0
DA:15,0
DA:18,0
DA:23,0
DA:24,0
DA:26,0
DA:28,0
DA:30,0
DA:35,0
DA:36,0
DA:37,0
DA:38,0
DA:40,0
DA:45,0
DA:46,0
DA:47,0
DA:48,0
DA:50,0
DA:55,3
LF:22
LH:2
BRF:0
BRH:0
end_of_record
TN:
SF:controllers/memory.js
FN:6,addMemory
FN:10,(anonymous_1)
FN:11,(anonymous_2)
FN:17,getMemorys
FN:20,(anonymous_4)
FN:23,(anonymous_5)
FN:29,updateMemory
FN:32,(anonymous_7)
FN:33,(anonymous_8)
FN:39,deleteMemory
FN:42,(anonymous_10)
FN:43,(anonymous_11)
FN:49,updateLike
FN:54,(anonymous_13)
FN:55,(anonymous_14)
FN:60,updateDislike
FN:65,(anonymous_16)
FN:66,(anonymous_17)
FNF:18
FNH:0
FNDA:0,addMemory
FNDA:0,(anonymous_1)
FNDA:0,(anonymous_2)
FNDA:0,getMemorys
FNDA:0,(anonymous_4)
FNDA:0,(anonymous_5)
FNDA:0,updateMemory
FNDA:0,(anonymous_7)
FNDA:0,(anonymous_8)
FNDA:0,deleteMemory
FNDA:0,(anonymous_10)
FNDA:0,(anonymous_11)
FNDA:0,updateLike
FNDA:0,(anonymous_13)
FNDA:0,(anonymous_14)
FNDA:0,updateDislike
FNDA:0,(anonymous_16)
FNDA:0,(anonymous_17)
DA:4,3
DA:8,0
DA:9,0
DA:10,0
DA:11,0
DA:13,0
DA:18,0
DA:19,0
DA:21,0
DA:23,0
DA:25,0
DA:30,0
DA:31,0
DA:32,0
DA:33,0
DA:35,0
DA:40,0
DA:41,0
DA:42,0
DA:43,0
DA:45,0
DA:50,0
DA:51,0
DA:52,0
DA:53,0
DA:54,0
DA:55,0
DA:57,0
DA:61,0
DA:62,0
DA:63,0
DA:64,0
DA:65,0
DA:66,0
DA:68,0
DA:72,3
LF:36
LH:2
BRF:0
BRH:0
end_of_record
TN:
SF:controllers/package.js
FN:9,addPackage
FN:16,(anonymous_1)
FN:18,(anonymous_2)
FN:28,(anonymous_3)
FN:29,(anonymous_4)
FN:31,(anonymous_5)
FN:33,(anonymous_6)
FN:39,(anonymous_7)
FN:40,(anonymous_8)
FN:43,(anonymous_9)
FN:67,(anonymous_10)
FN:73,getPackages
FN:76,(anonymous_12)
FN:79,(anonymous_13)
FN:85,updatePackage
FN:89,(anonymous_15)
FN:93,(anonymous_16)
FN:95,(anonymous_17)
FN:104,(anonymous_18)
FN:105,(anonymous_19)
FN:107,(anonymous_20)
FN:112,(anonymous_21)
FN:118,deletePackage
FN:121,(anonymous_23)
FN:122,(anonymous_24)
FN:128,updateRate
FN:144,orderPackage
FN:158,(anonymous_27)
FN:159,(anonymous_28)
FN:165,getOrders
FN:168,(anonymous_30)
FN:169,(anonymous_31)
FN:175,deleteOrder
FN:178,(anonymous_33)
FN:179,(anonymous_34)
FN:185,selectOrder
FN:194,(anonymous_36)
FNF:37
FNH:0
FNDA:0,addPackage
FNDA:0,(anonymous_1)
FNDA:0,(anonymous_2)
FNDA:0,(anonymous_3)
FNDA:0,(anonymous_4)
FNDA:0,(anonymous_5)
FNDA:0,(anonymous_6)
FNDA:0,(anonymous_7)
FNDA:0,(anonymous_8)
FNDA:0,(anonymous_9)
FNDA:0,(anonymous_10)
FNDA:0,getPackages
FNDA:0,(anonymous_12)
FNDA:0,(anonymous_13)
FNDA:0,updatePackage
FNDA:0,(anonymous_15)
FNDA:0,(anonymous_16)
FNDA:0,(anonymous_17)
FNDA:0,(anonymous_18)
FNDA:0,(anonymous_19)
FNDA:0,(anonymous_20)
FNDA:0,(anonymous_21)
FNDA:0,deletePackage
FNDA:0,(anonymous_23)
FNDA:0,(anonymous_24)
FNDA:0,updateRate
FNDA:0,orderPackage
FNDA:0,(anonymous_27)
FNDA:0,(anonymous_28)
FNDA:0,getOrders
FNDA:0,(anonymous_30)
FNDA:0,(anonymous_31)
FNDA:0,deleteOrder
FNDA:0,(anonymous_33)
FNDA:0,(anonymous_34)
FNDA:0,selectOrder
FNDA:0,(anonymous_36)
DA:3,3
DA:5,3
DA:10,0
DA:11,0
DA:12,0
DA:13,0
DA:14,0
DA:15,0
DA:16,0
DA:17,0
DA:19,0
DA:27,0
DA:29,0
DA:30,0
DA:32,0
DA:33,0
DA:34,0
DA:38,0
DA:40,0
DA:43,0
DA:65,0
DA:67,0
DA:69,0
DA:74,0
DA:75,0
DA:77,0
DA:79,0
DA:81,0
DA:86,0
DA:87,0
DA:88,0
DA:90,0
DA:91,0
DA:92,0
DA:94,0
DA:95,0
DA:96,0
DA:103,0
DA:104,0
DA:105,0
DA:107,0
DA:109,0
DA:112,0
DA:114,0
DA:119,0
DA:120,0
DA:121,0
DA:122,0
DA:124,0
DA:129,0
DA:130,0
DA:131,0
DA:132,0
DA:133,0
DA:138,0
DA:140,0
DA:145,0
DA:146,0
DA:157,0
DA:158,0
DA:159,0
DA:161,0
DA:166,0
DA:167,0
DA:168,0
DA:169,0
DA:171,0
DA:176,0
DA:177,0
DA:178,0
DA:179,0
DA:181,0
DA:186,0
DA:187,0
DA:188,0
DA:189,0
DA:190,0
DA:192,0
DA:193,0
DA:194,0
DA:196,0
DA:201,0
DA:206,0
DA:214,3
LF:84
LH:3
BRDA:91,0,0,0
BRDA:91,0,1,0
BRF:2
BRH:0
end_of_record
TN:
SF:controllers/packageDetails.js
FN:6,addPackageDetails
FN:23,(anonymous_1)
FN:24,(anonymous_2)
FN:30,getPackageDetails
FN:33,(anonymous_4)
FN:36,(anonymous_5)
FN:42,updatePackageDetails
FN:45,(anonymous_7)
FN:46,(anonymous_8)
FN:52,deletePackageDetails
FN:55,(anonymous_10)
FN:56,(anonymous_11)
FNF:12
FNH:0
FNDA:0,addPackageDetails
FNDA:0,(anonymous_1)
FNDA:0,(anonymous_2)
FNDA:0,getPackageDetails
FNDA:0,(anonymous_4)
FNDA:0,(anonymous_5)
FNDA:0,updatePackageDetails
FNDA:0,(anonymous_7)
FNDA:0,(anonymous_8)
FNDA:0,deletePackageDetails
FNDA:0,(anonymous_10)
FNDA:0,(anonymous_11)
DA:3,3
DA:11,0
DA:12,0
DA:22,0
DA:23,0
DA:24,0
DA:26,0
DA:31,0
DA:32,0
DA:34,0
DA:36,0
DA:38,0
DA:43,0
DA:44,0
DA:45,0
DA:46,0
DA:48,0
DA:53,0
DA:54,0
DA:55,0
DA:56,0
DA:58,0
DA:61,3
LF:23
LH:2
BRF:0
BRH:0
end_of_record
TN:
SF:controllers/packageImages.js
FN:6,addPackageImages
FN:14,(anonymous_1)
FN:15,(anonymous_2)
FN:21,getPackageImages
FN:24,(anonymous_4)
FN:27,(anonymous_5)
FN:33,updatePackageImages
FN:36,(anonymous_7)
FN:37,(anonymous_8)
FN:43,deletePackageImages
FN:46,(anonymous_10)
FN:47,(anonymous_11)
FNF:12
FNH:0
FNDA:0,addPackageImages
FNDA:0,(anonymous_1)
FNDA:0,(anonymous_2)
FNDA:0,getPackageImages
FNDA:0,(anonymous_4)
FNDA:0,(anonymous_5)
FNDA:0,updatePackageImages
FNDA:0,(anonymous_7)
FNDA:0,(anonymous_8)
FNDA:0,deletePackageImages
FNDA:0,(anonymous_10)
FNDA:0,(anonymous_11)
DA:3,3
DA:8,0
DA:9,0
DA:13,0
DA:14,0
DA:15,0
DA:17,0
DA:22,0
DA:23,0
DA:25,0
DA:27,0
DA:29,0
DA:34,0
DA:35,0
DA:36,0
DA:37,0
DA:39,0
DA:44,0
DA:45,0
DA:46,0
DA:47,0
DA:49,0
DA:52,3
LF:23
LH:2
BRF:0
BRH:0
end_of_record
TN:
SF:controllers/photograhper.js
FN:5,(anonymous_0)
FN:26,(anonymous_1)
FN:36,(anonymous_2)
FNF:3
FNH:0
FNDA:0,(anonymous_0)
FNDA:0,(anonymous_1)
FNDA:0,(anonymous_2)
DA:3,3
DA:5,3
DA:6,0
DA:7,0
DA:8,0
DA:17,0
DA:18,0
DA:21,0
DA:26,3
DA:27,0
DA:28,0
DA:30,0
DA:32,0
DA:36,3
DA:37,0
DA:38,0
DA:39,0
DA:40,0
DA:41,0
DA:44,0
DA:47,0
DA:50,0
DA:53,0
DA:63,3
LF:24
LH:5
BRF:0
BRH:0
end_of_record
TN:
SF:controllers/product.js
FN:6,addProduct
FN:10,(anonymous_1)
FN:11,(anonymous_2)
FN:17,getProduct
FN:20,(anonymous_4)
FN:21,(anonymous_5)
FN:27,updateProduct
FN:30,(anonymous_7)
FN:31,(anonymous_8)
FN:37,deleteProduct
FN:40,(anonymous_10)
FN:41,(anonymous_11)
FNF:12
FNH:0
FNDA:0,addProduct
FNDA:0,(anonymous_1)
FNDA:0,(anonymous_2)
FNDA:0,getProduct
FNDA:0,(anonymous_4)
FNDA:0,(anonymous_5)
FNDA:0,updateProduct
FNDA:0,(anonymous_7)
FNDA:0,(anonymous_8)
FNDA:0,deleteProduct
FNDA:0,(anonymous_10)
FNDA:0,(anonymous_11)
DA:4,3
DA:8,0
DA:9,0
DA:10,0
DA:11,0
DA:13,0
DA:18,0
DA:19,0
DA:20,0
DA:21,0
DA:23,0
DA:28,0
DA:29,0
DA:30,0
DA:31,0
DA:33,0
DA:38,0
DA:39,0
DA:40,0
DA:41,0
DA:43,0
DA:49,3
LF:22
LH:2
BRF:0
BRH:0
end_of_record
TN:
SF:controllers/tripRequest.js
FN:5,addTripRequest
FN:10,(anonymous_1)
FN:11,(anonymous_2)
FN:17,getTripRequest
FN:20,(anonymous_4)
FN:23,(anonymous_5)
FN:29,updateTripRequest
FN:32,(anonymous_7)
FN:33,(anonymous_8)
FN:39,deleteTripRequest
FN:42,(anonymous_10)
FN:43,(anonymous_11)
FN:48,getUserWithRequest
FNF:13
FNH:0
FNDA:0,addTripRequest
FNDA:0,(anonymous_1)
FNDA:0,(anonymous_2)
FNDA:0,getTripRequest
FNDA:0,(anonymous_4)
FNDA:0,(anonymous_5)
FNDA:0,updateTripRequest
FNDA:0,(anonymous_7)
FNDA:0,(anonymous_8)
FNDA:0,deleteTripRequest
FNDA:0,(anonymous_10)
FNDA:0,(anonymous_11)
FNDA:0,getUserWithRequest
DA:3,3
DA:8,0
DA:9,0
DA:10,0
DA:11,0
DA:13,0
DA:18,0
DA:19,0
DA:21,0
DA:23,0
DA:25,0
DA:30,0
DA:31,0
DA:32,0
DA:33,0
DA:35,0
DA:40,0
DA:41,0
DA:42,0
DA:43,0
DA:45,0
DA:49,0
DA:50,0
DA:51,0
DA:53,0
DA:57,3
LF:26
LH:2
BRF:0
BRH:0
end_of_record
TN:
SF:controllers/user.js
FN:11,(anonymous_0)
FN:47,(anonymous_1)
FN:75,(anonymous_2)
FN:85,(anonymous_3)
FN:100,(anonymous_4)
FNF:5
FNH:0
FNDA:0,(anonymous_0)
FNDA:0,(anonymous_1)
FNDA:0,(anonymous_2)
FNDA:0,(anonymous_3)
FNDA:0,(anonymous_4)
DA:3,3
DA:4,3
DA:7,3
DA:11,3
DA:12,0
DA:13,0
DA:14,0
DA:15,0
DA:16,0
DA:27,0
DA:37,0
DA:38,0
DA:42,0
DA:47,3
DA:48,0
DA:50,0
DA:51,0
DA:52,0
DA:53,0
DA:54,0
DA:55,0
DA:56,0
DA:57,0
DA:60,0
DA:66,0
DA:71,0
DA:75,3
DA:76,0
DA:77,0
DA:78,0
DA:80,0
DA:85,3
DA:86,0
DA:87,0
DA:88,0
DA:89,0
DA:92,0
DA:95,0
DA:100,3
DA:101,0
DA:102,0
DA:103,0
DA:104,0
DA:106,0
DA:115,3
LF:45
LH:9
BRDA:15,0,0,0
BRDA:15,0,1,0
BRDA:38,1,0,0
BRDA:38,1,1,0
BRDA:54,2,0,0
BRDA:54,2,1,0
BRDA:56,3,0,0
BRDA:56,3,1,0
BRF:8
BRH:0
end_of_record
TN:
SF:errorHandlers/404.js
FN:4,notFound
FNF:1
FNH:1
FNDA:3,notFound
DA:5,3
DA:6,3
DA:13,0
DA:19,3
LF:4
LH:3
BRF:0
BRH:0
end_of_record
TN:
SF:errorHandlers/500.js
FN:4,internalError
FNF:1
FNH:0
FNDA:0,internalError
DA:5,0
DA:6,0
DA:13,0
DA:19,3
LF:4
LH:1
BRF:0
BRH:0
end_of_record
TN:
SF:middlewares/bearerAuth.js
FN:5,(anonymous_0)
FNF:1
FNH:0
FNDA:0,(anonymous_0)
DA:3,3
DA:5,3
DA:6,0
DA:9,0
DA:10,0
DA:11,0
DA:12,0
DA:14,0
DA:15,0
DA:16,0
DA:17,0
DA:18,0
DA:19,0
DA:21,0
DA:25,0
LF:15
LH:2
BRDA:6,0,0,0
BRDA:6,0,1,0
BRDA:11,1,0,0
BRDA:11,1,1,0
BRDA:16,2,0,0
BRDA:16,2,1,0
BRDA:25,3,0,0
BRDA:25,3,1,0
BRF:8
BRH:0
end_of_record
TN:
SF:middlewares/userCheck.js
FN:7,(anonymous_0)
FNF:1
FNH:0
FNDA:0,(anonymous_0)
DA:4,3
DA:7,3
DA:8,0
DA:9,0
DA:10,0
DA:11,0
DA:15,0
DA:16,0
DA:17,0
DA:21,0
DA:23,0
DA:27,3
LF:12
LH:3
BRDA:10,0,0,0
BRDA:10,0,1,0
BRDA:16,1,0,0
BRDA:16,1,1,0
BRF:4
BRH:0
end_of_record
TN:
SF:models/comment.model.js
FN:3,(anonymous_0)
FNF:1
FNH:1
FNDA:3,(anonymous_0)
DA:3,3
DA:4,3
DA:9,3
LF:3
LH:3
BRF:0
BRH:0
end_of_record
TN:
SF:models/hospital.model.js
FN:3,(anonymous_0)
FNF:1
FNH:1
FNDA:3,(anonymous_0)
DA:3,3
DA:5,3
DA:12,3
LF:3
LH:3
BRF:0
BRH:0
end_of_record
TN:
SF:models/index.js
FN:63,(anonymous_0)
FN:65,(anonymous_1)
FNF:2
FNH:0
FNDA:0,(anonymous_0)
FNDA:0,(anonymous_1)
DA:2,3
DA:4,3
DA:6,3
DA:14,3
DA:16,3
DA:18,3
DA:19,3
DA:20,3
DA:21,3
DA:22,3
DA:23,3
DA:24,3
DA:25,3
DA:26,3
DA:27,3
DA:28,3
DA:31,3
DA:32,3
DA:34,3
DA:35,3
DA:37,3
DA:38,3
DA:40,3
DA:41,3
DA:43,3
DA:44,3
DA:46,3
DA:47,3
DA:49,3
DA:50,3
DA:52,3
DA:53,3
DA:55,3
DA:56,3
DA:58,3
DA:59,3
DA:62,3
DA:64,0
DA:66,0
DA:70,3
LF:40
LH:38
BRF:0
BRH:0
end_of_record
TN:
SF:models/memories.model.js
FN:3,(anonymous_0)
FNF:1
FNH:1
FNDA:3,(anonymous_0)
DA:3,3
DA:5,3
DA:12,3
LF:3
LH:3
BRF:0
BRH:0
end_of_record
TN:
SF:models/package.model.js
FN:3,(anonymous_0)
FNF:1
FNH:1
FNDA:3,(anonymous_0)
DA:3,3
DA:5,3
DA:24,3
LF:3
LH:3
BRF:0
BRH:0
end_of_record
TN:
SF:models/packageImages.model.js
FN:3,(anonymous_0)
FNF:1
FNH:1
FNDA:3,(anonymous_0)
DA:3,3
DA:5,3
DA:9,3
LF:3
LH:3
BRF:0
BRH:0
end_of_record
TN:
SF:models/packageWeather.model.js
FN:3,(anonymous_0)
FNF:1
FNH:1
FNDA:3,(anonymous_0)
DA:3,3
DA:4,3
DA:12,3
LF:3
LH:3
BRF:0
BRH:0
end_of_record
TN:
SF:models/photographer.model.js
FN:3,(anonymous_0)
FNF:1
FNH:1
FNDA:3,(anonymous_0)
DA:3,3
DA:5,3
DA:39,3
LF:3
LH:3
BRF:0
BRH:0
end_of_record
TN:
SF:models/product.model.js
FN:3,(anonymous_0)
FNF:1
FNH:1
FNDA:3,(anonymous_0)
DA:3,3
DA:5,3
DA:13,3
LF:3
LH:3
BRF:0
BRH:0
end_of_record
TN:
SF:models/tripRequest.model.js
FN:3,(anonymous_0)
FNF:1
FNH:1
FNDA:3,(anonymous_0)
DA:3,3
DA:4,3
DA:15,3
LF:3
LH:3
BRF:0
BRH:0
end_of_record
TN:
SF:models/tripsOrders.model.js
FN:4,(anonymous_0)
FNF:1
FNH:1
FNDA:3,(anonymous_0)
DA:4,3
DA:6,3
DA:19,3
LF:3
LH:3
BRF:0
BRH:0
end_of_record
TN:
SF:models/user.js
FN:5,(anonymous_0)
FN:23,(anonymous_1)
FN:28,(anonymous_2)
FN:39,(anonymous_3)
FN:62,(anonymous_4)
FN:71,(anonymous_5)
FN:72,(anonymous_6)
FNF:7
FNH:1
FNDA:3,(anonymous_0)
FNDA:0,(anonymous_1)
FNDA:0,(anonymous_2)
FNDA:0,(anonymous_3)
FNDA:0,(anonymous_4)
FNDA:0,(anonymous_5)
FNDA:0,(anonymous_6)
DA:3,3
DA:5,3
DA:6,3
DA:24,0
DA:29,0
DA:40,0
DA:46,0
DA:63,0
DA:67,0
DA:71,3
DA:72,0
DA:73,0
DA:74,0
DA:76,0
DA:80,3
LF:15
LH:5
BRDA:73,0,0,0
BRDA:73,0,1,0
BRF:2
BRH:0
end_of_record
TN:
SF:routes/comment.route.js
FNF:0
FNH:0
DA:3,3
DA:5,3
DA:7,3
DA:8,3
DA:9,3
DA:10,3
DA:12,3
LF:7
LH:7
BRF:0
BRH:0
end_of_record
TN:
SF:routes/memory.route.js
FNF:0
FNH:0
DA:3,3
DA:10,3
DA:12,3
DA:13,3
DA:14,3
DA:15,3
DA:16,3
DA:17,3
DA:20,3
LF:9
LH:9
BRF:0
BRH:0
end_of_record
TN:
SF:routes/package.route.js
FNF:0
FNH:0
DA:3,3
DA:12,3
DA:15,3
DA:16,3
DA:17,3
DA:18,3
DA:19,3
DA:21,3
DA:22,3
DA:23,3
DA:25,3
DA:28,3
LF:12
LH:12
BRF:0
BRH:0
end_of_record
TN:
SF:routes/packageDetails.route.js
FNF:0
FNH:0
DA:3,3
DA:8,3
DA:11,3
DA:12,3
DA:13,3
DA:14,3
DA:17,3
LF:7
LH:7
BRF:0
BRH:0
end_of_record
TN:
SF:routes/packageImages.route.js
FNF:0
FNH:0
DA:3,3
DA:8,3
DA:11,3
DA:12,3
DA:13,3
DA:14,3
DA:17,3
LF:7
LH:7
BRF:0
BRH:0
end_of_record
TN:
SF:routes/photographer.route.js
FNF:0
FNH:0
DA:3,3
DA:7,3
DA:9,3
DA:10,3
DA:11,3
DA:14,3
LF:6
LH:6
BRF:0
BRH:0
end_of_record
TN:
SF:routes/product.route.js
FNF:0
FNH:0
DA:3,3
DA:8,3
DA:12,3
DA:13,3
DA:14,3
DA:15,3
DA:19,3
LF:7
LH:7
BRF:0
BRH:0
end_of_record
TN:
SF:routes/tripRequest.route.js
FNF:0
FNH:0
DA:3,3
DA:8,3
DA:11,3
DA:12,3
DA:13,3
DA:14,3
DA:15,3
DA:17,3
LF:8
LH:8
BRF:0
BRH:0
end_of_record
TN:
SF:routes/user.js
FN:15,(anonymous_0)
FN:18,(anonymous_1)
FN:26,(anonymous_2)
FNF:3
FNH:0
FNDA:0,(anonymous_0)
FNDA:0,(anonymous_1)
FNDA:0,(anonymous_2)
DA:1,3
DA:3,3
DA:4,3
DA:6,3
DA:7,3
DA:12,3
DA:14,3
DA:16,0
DA:19,0
DA:23,3
DA:27,0
DA:28,0
DA:29,0
DA:31,0
DA:32,0
DA:34,0
DA:39,3
DA:42,3
DA:46,3
DA:49,3
DA:52,3
DA:59,3
LF:22
LH:14
BRDA:31,0,0,0
BRDA:31,0,1,0
BRDA:31,1,0,0
BRDA:31,1,1,0
BRF:4
BRH:0
end_of_record
