TN:
SF:server.js
FN:47,(anonymous_0)
FN:48,(anonymous_1)
FNF:2
FNH:0
FNDA:0,(anonymous_0)
FNDA:0,(anonymous_1)
DA:3,2
DA:4,2
DA:5,2
DA:6,2
DA:7,2
DA:8,2
DA:9,2
DA:10,2
DA:11,2
DA:12,2
DA:14,2
DA:15,2
DA:18,2
DA:20,2
DA:23,2
DA:25,2
DA:26,2
DA:27,2
DA:28,2
DA:29,2
DA:30,2
DA:31,2
DA:32,2
DA:33,2
DA:36,2
DA:37,2
DA:39,2
DA:41,2
DA:42,2
DA:47,2
DA:48,0
DA:51,2
LF:32
LH:31
BRF:0
BRH:0
end_of_record
TN:
SF:errorHandlers/404.js
FN:4,notFound
FNF:1
FNH:0
FNDA:0,notFound
DA:5,0
DA:6,0
DA:13,0
DA:19,2
LF:4
LH:1
BRF:0
BRH:0
end_of_record
TN:
SF:errorHandlers/500.js
FN:4,internalError
FNF:1
FNH:0
FNDA:0,internalError
DA:5,0
DA:6,0
DA:13,0
DA:19,2
LF:4
LH:1
BRF:0
BRH:0
end_of_record
TN:
SF:middlewares/bearerAuth.js
FN:5,(anonymous_0)
FNF:1
FNH:0
FNDA:0,(anonymous_0)
DA:3,2
DA:5,2
DA:6,0
DA:9,0
DA:10,0
DA:11,0
DA:12,0
DA:14,0
DA:15,0
DA:16,0
DA:17,0
DA:18,0
DA:19,0
DA:21,0
DA:25,0
LF:15
LH:2
BRDA:6,0,0,0
BRDA:6,0,1,0
BRDA:11,1,0,0
BRDA:11,1,1,0
BRDA:16,2,0,0
BRDA:16,2,1,0
BRDA:25,3,0,0
BRDA:25,3,1,0
BRF:8
BRH:0
end_of_record
TN:
SF:middlewares/userCheck.js
FN:7,(anonymous_0)
FNF:1
FNH:1
FNDA:1,(anonymous_0)
DA:4,2
DA:7,2
DA:8,1
DA:9,1
DA:10,1
DA:11,0
DA:15,1
DA:16,1
DA:17,0
DA:21,1
DA:23,0
DA:27,2
LF:12
LH:9
BRDA:10,0,0,0
BRDA:10,0,1,1
BRDA:16,1,0,0
BRDA:16,1,1,1
BRF:4
BRH:2
end_of_record
TN:
SF:models/comment.model.js
FN:3,createCommentTable
FNF:1
FNH:1
FNDA:2,createCommentTable
DA:4,2
DA:12,2
LF:2
LH:2
BRF:0
BRH:0
end_of_record
TN:
SF:models/hospital.model.js
FN:3,createHospitalTable
FNF:1
FNH:1
FNDA:2,createHospitalTable
DA:4,2
DA:14,2
LF:2
LH:2
BRF:0
BRH:0
end_of_record
TN:
SF:models/index.js
FN:89,(anonymous_0)
FN:91,(anonymous_1)
FNF:2
FNH:1
FNDA:2,(anonymous_0)
FNDA:0,(anonymous_1)
DA:2,2
DA:4,2
DA:6,2
DA:7,2
DA:8,2
DA:9,2
DA:10,2
DA:11,2
DA:12,2
DA:13,2
DA:14,2
DA:15,2
DA:16,2
DA:17,2
DA:19,2
DA:21,2
DA:30,2
DA:33,2
DA:34,2
DA:35,2
DA:36,2
DA:37,2
DA:38,2
DA:39,2
DA:40,2
DA:41,2
DA:42,2
DA:43,2
DA:44,2
DA:47,2
DA:48,2
DA:50,2
DA:51,2
DA:53,2
DA:54,2
DA:56,2
DA:57,2
DA:59,2
DA:60,2
DA:62,2
DA:63,2
DA:65,2
DA:66,2
DA:71,2
DA:72,2
DA:78,2
DA:79,2
DA:84,2
DA:85,2
DA:88,2
DA:90,2
DA:92,0
DA:96,2
LF:53
LH:52
BRF:0
BRH:0
end_of_record
TN:
SF:models/memories.model.js
FN:3,createMemoriesTable
FNF:1
FNH:1
FNDA:2,createMemoriesTable
DA:4,2
DA:14,2
LF:2
LH:2
BRF:0
BRH:0
end_of_record
TN:
SF:models/package.model.js
FN:3,createPackageTable
FNF:1
FNH:1
FNDA:2,createPackageTable
DA:4,2
DA:26,2
LF:2
LH:2
BRF:0
BRH:0
end_of_record
TN:
SF:models/packageImages.model.js
FN:3,createPackageImagesTable
FNF:1
FNH:1
FNDA:2,createPackageImagesTable
DA:4,2
DA:11,2
LF:2
LH:2
BRF:0
BRH:0
end_of_record
TN:
SF:models/packageWeather.model.js
FN:3,createPackageWeatherTable
FNF:1
FNH:1
FNDA:2,createPackageWeatherTable
DA:4,2
DA:16,2
LF:2
LH:2
BRF:0
BRH:0
end_of_record
TN:
SF:models/photographer.model.js
FN:3,createPhotographer
FNF:1
FNH:1
FNDA:2,createPhotographer
DA:4,2
DA:42,2
LF:2
LH:2
BRF:0
BRH:0
end_of_record
TN:
SF:models/product.model.js
FN:3,createProductTable
FNF:1
FNH:1
FNDA:2,createProductTable
DA:4,2
DA:15,2
LF:2
LH:2
BRF:0
BRH:0
end_of_record
TN:
SF:models/productOrder.model.js
FN:3,createProductOrderTable
FNF:1
FNH:1
FNDA:2,createProductOrderTable
DA:4,2
DA:11,2
LF:2
LH:2
BRF:0
BRH:0
end_of_record
TN:
SF:models/tripRequest.model.js
FN:3,createTripRequestTable
FNF:1
FNH:1
FNDA:2,createTripRequestTable
DA:4,2
DA:18,2
LF:2
LH:2
BRF:0
BRH:0
end_of_record
TN:
SF:models/tripsOrders.model.js
FN:3,createTripsOrderTable
FNF:1
FNH:1
FNDA:2,createTripsOrderTable
DA:4,2
DA:21,2
LF:2
LH:2
BRF:0
BRH:0
end_of_record
TN:
SF:models/user.js
FN:5,(anonymous_0)
FN:23,(anonymous_1)
FN:28,(anonymous_2)
FN:39,(anonymous_3)
FN:62,(anonymous_4)
FN:71,(anonymous_5)
FN:72,(anonymous_6)
FNF:7
FNH:4
FNDA:2,(anonymous_0)
FNDA:2,(anonymous_1)
FNDA:0,(anonymous_2)
FNDA:2,(anonymous_3)
FNDA:2,(anonymous_4)
FNDA:0,(anonymous_5)
FNDA:0,(anonymous_6)
DA:3,2
DA:5,2
DA:6,2
DA:24,2
DA:29,0
DA:40,2
DA:46,2
DA:63,2
DA:67,2
DA:71,2
DA:72,0
DA:73,0
DA:74,0
DA:76,0
DA:80,2
LF:15
LH:10
BRDA:73,0,0,0
BRDA:73,0,1,0
BRF:2
BRH:0
end_of_record
TN:
SF:routes/memory.route.js
FN:14,addMemory
FN:18,(anonymous_1)
FN:19,(anonymous_2)
FN:25,getMemorys
FN:28,(anonymous_4)
FN:31,(anonymous_5)
FN:37,updateMemory
FN:40,(anonymous_7)
FN:41,(anonymous_8)
FN:47,deleteMemory
FN:50,(anonymous_10)
FN:51,(anonymous_11)
FN:57,updateLike
FN:62,(anonymous_13)
FN:63,(anonymous_14)
FN:68,updateDislike
FN:73,(anonymous_16)
FN:74,(anonymous_17)
FNF:18
FNH:0
FNDA:0,addMemory
FNDA:0,(anonymous_1)
FNDA:0,(anonymous_2)
FNDA:0,getMemorys
FNDA:0,(anonymous_4)
FNDA:0,(anonymous_5)
FNDA:0,updateMemory
FNDA:0,(anonymous_7)
FNDA:0,(anonymous_8)
FNDA:0,deleteMemory
FNDA:0,(anonymous_10)
FNDA:0,(anonymous_11)
FNDA:0,updateLike
FNDA:0,(anonymous_13)
FNDA:0,(anonymous_14)
FNDA:0,updateDislike
FNDA:0,(anonymous_16)
FNDA:0,(anonymous_17)
DA:3,2
DA:4,2
DA:5,2
DA:7,2
DA:8,2
DA:9,2
DA:10,2
DA:11,2
DA:12,2
DA:16,0
DA:17,0
DA:18,0
DA:19,0
DA:21,0
DA:26,0
DA:27,0
DA:29,0
DA:31,0
DA:33,0
DA:38,0
DA:39,0
DA:40,0
DA:41,0
DA:43,0
DA:48,0
DA:49,0
DA:50,0
DA:51,0
DA:53,0
DA:58,0
DA:59,0
DA:60,0
DA:61,0
DA:62,0
DA:63,0
DA:65,0
DA:69,0
DA:70,0
DA:71,0
DA:72,0
DA:73,0
DA:74,0
DA:76,0
DA:80,2
LF:44
LH:10
BRF:0
BRH:0
end_of_record
TN:
SF:routes/package.route.js
FN:25,addPackage
FN:32,(anonymous_1)
FN:34,(anonymous_2)
FN:44,(anonymous_3)
FN:45,(anonymous_4)
FN:47,(anonymous_5)
FN:49,(anonymous_6)
FN:55,(anonymous_7)
FN:56,(anonymous_8)
FN:59,(anonymous_9)
FN:66,(anonymous_10)
FN:67,(anonymous_11)
FN:76,(anonymous_12)
FN:77,(anonymous_13)
FN:80,(anonymous_14)
FN:83,(anonymous_15)
FN:89,getPackages
FN:92,(anonymous_17)
FN:95,(anonymous_18)
FN:101,updatePackage
FN:105,(anonymous_20)
FN:109,(anonymous_21)
FN:111,(anonymous_22)
FN:120,(anonymous_23)
FN:121,(anonymous_24)
FN:123,(anonymous_25)
FN:128,(anonymous_26)
FN:134,deletePackage
FN:137,(anonymous_28)
FN:138,(anonymous_29)
FN:144,updateRate
FN:160,orderPackage
FN:173,(anonymous_32)
FN:174,(anonymous_33)
FN:180,getOrders
FN:183,(anonymous_35)
FN:184,(anonymous_36)
FN:190,deleteOrder
FN:193,(anonymous_38)
FN:194,(anonymous_39)
FN:200,selectOrder
FN:209,(anonymous_41)
FNF:42
FNH:0
FNDA:0,addPackage
FNDA:0,(anonymous_1)
FNDA:0,(anonymous_2)
FNDA:0,(anonymous_3)
FNDA:0,(anonymous_4)
FNDA:0,(anonymous_5)
FNDA:0,(anonymous_6)
FNDA:0,(anonymous_7)
FNDA:0,(anonymous_8)
FNDA:0,(anonymous_9)
FNDA:0,(anonymous_10)
FNDA:0,(anonymous_11)
FNDA:0,(anonymous_12)
FNDA:0,(anonymous_13)
FNDA:0,(anonymous_14)
FNDA:0,(anonymous_15)
FNDA:0,getPackages
FNDA:0,(anonymous_17)
FNDA:0,(anonymous_18)
FNDA:0,updatePackage
FNDA:0,(anonymous_20)
FNDA:0,(anonymous_21)
FNDA:0,(anonymous_22)
FNDA:0,(anonymous_23)
FNDA:0,(anonymous_24)
FNDA:0,(anonymous_25)
FNDA:0,(anonymous_26)
FNDA:0,deletePackage
FNDA:0,(anonymous_28)
FNDA:0,(anonymous_29)
FNDA:0,updateRate
FNDA:0,orderPackage
FNDA:0,(anonymous_32)
FNDA:0,(anonymous_33)
FNDA:0,getOrders
FNDA:0,(anonymous_35)
FNDA:0,(anonymous_36)
FNDA:0,deleteOrder
FNDA:0,(anonymous_38)
FNDA:0,(anonymous_39)
FNDA:0,selectOrder
FNDA:0,(anonymous_41)
DA:3,2
DA:4,2
DA:5,2
DA:6,2
DA:7,2
DA:11,2
DA:12,2
DA:13,2
DA:14,2
DA:15,2
DA:17,2
DA:18,2
DA:19,2
DA:21,2
DA:26,0
DA:27,0
DA:28,0
DA:29,0
DA:30,0
DA:31,0
DA:32,0
DA:33,0
DA:35,0
DA:43,0
DA:45,0
DA:46,0
DA:48,0
DA:49,0
DA:50,0
DA:54,0
DA:56,0
DA:59,0
DA:60,0
DA:67,0
DA:68,0
DA:75,0
DA:77,0
DA:80,0
DA:81,0
DA:83,0
DA:85,0
DA:90,0
DA:91,0
DA:93,0
DA:95,0
DA:97,0
DA:102,0
DA:103,0
DA:104,0
DA:106,0
DA:107,0
DA:108,0
DA:110,0
DA:111,0
DA:112,0
DA:119,0
DA:120,0
DA:121,0
DA:123,0
DA:125,0
DA:128,0
DA:130,0
DA:135,0
DA:136,0
DA:137,0
DA:138,0
DA:140,0
DA:145,0
DA:146,0
DA:147,0
DA:148,0
DA:149,0
DA:154,0
DA:156,0
DA:161,0
DA:162,0
DA:172,0
DA:173,0
DA:174,0
DA:176,0
DA:181,0
DA:182,0
DA:183,0
DA:184,0
DA:186,0
DA:191,0
DA:192,0
DA:193,0
DA:194,0
DA:196,0
DA:201,0
DA:202,0
DA:203,0
DA:204,0
DA:205,0
DA:207,0
DA:208,0
DA:209,0
DA:211,0
DA:216,0
DA:221,0
DA:229,2
LF:102
LH:15
BRDA:107,0,0,0
BRDA:107,0,1,0
BRF:2
BRH:0
end_of_record
TN:
SF:routes/packageDetails.route.js
FN:12,addPackageDetails
FN:29,(anonymous_1)
FN:30,(anonymous_2)
FN:36,getPackageDetails
FN:39,(anonymous_4)
FN:42,(anonymous_5)
FN:48,updatePackageDetails
FN:51,(anonymous_7)
FN:52,(anonymous_8)
FN:58,deletePackageDetails
FN:61,(anonymous_10)
FN:62,(anonymous_11)
FNF:12
FNH:0
FNDA:0,addPackageDetails
FNDA:0,(anonymous_1)
FNDA:0,(anonymous_2)
FNDA:0,getPackageDetails
FNDA:0,(anonymous_4)
FNDA:0,(anonymous_5)
FNDA:0,updatePackageDetails
FNDA:0,(anonymous_7)
FNDA:0,(anonymous_8)
FNDA:0,deletePackageDetails
FNDA:0,(anonymous_10)
FNDA:0,(anonymous_11)
DA:3,2
DA:4,2
DA:5,2
DA:7,2
DA:8,2
DA:9,2
DA:10,2
DA:17,0
DA:18,0
DA:28,0
DA:29,0
DA:30,0
DA:32,0
DA:37,0
DA:38,0
DA:40,0
DA:42,0
DA:44,0
DA:49,0
DA:50,0
DA:51,0
DA:52,0
DA:54,0
DA:59,0
DA:60,0
DA:61,0
DA:62,0
DA:64,0
DA:67,2
LF:29
LH:8
BRF:0
BRH:0
end_of_record
TN:
SF:routes/packageImages.route.js
FN:12,addPackageImages
FN:20,(anonymous_1)
FN:21,(anonymous_2)
FN:27,getPackageImages
FN:30,(anonymous_4)
FN:33,(anonymous_5)
FN:39,updatePackageImages
FN:42,(anonymous_7)
FN:43,(anonymous_8)
FN:49,deletePackageImages
FN:52,(anonymous_10)
FN:53,(anonymous_11)
FNF:12
FNH:0
FNDA:0,addPackageImages
FNDA:0,(anonymous_1)
FNDA:0,(anonymous_2)
FNDA:0,getPackageImages
FNDA:0,(anonymous_4)
FNDA:0,(anonymous_5)
FNDA:0,updatePackageImages
FNDA:0,(anonymous_7)
FNDA:0,(anonymous_8)
FNDA:0,deletePackageImages
FNDA:0,(anonymous_10)
FNDA:0,(anonymous_11)
DA:3,2
DA:4,2
DA:5,2
DA:7,2
DA:8,2
DA:9,2
DA:10,2
DA:14,0
DA:15,0
DA:19,0
DA:20,0
DA:21,0
DA:23,0
DA:28,0
DA:29,0
DA:31,0
DA:33,0
DA:35,0
DA:40,0
DA:41,0
DA:42,0
DA:43,0
DA:45,0
DA:50,0
DA:51,0
DA:52,0
DA:53,0
DA:55,0
DA:58,2
LF:29
LH:8
BRF:0
BRH:0
end_of_record
TN:
SF:routes/photographer.route.js
FN:7,(anonymous_0)
FN:29,(anonymous_1)
FN:40,(anonymous_2)
FN:63,(anonymous_3)
FNF:4
FNH:3
FNDA:3,(anonymous_0)
FNDA:1,(anonymous_1)
FNDA:1,(anonymous_2)
FNDA:0,(anonymous_3)
DA:3,2
DA:4,2
DA:7,2
DA:8,3
DA:9,3
DA:10,3
DA:19,3
DA:20,3
DA:23,0
DA:27,2
DA:29,2
DA:30,1
DA:31,1
DA:33,1
DA:35,0
DA:39,2
DA:40,2
DA:41,1
DA:42,1
DA:43,1
DA:44,1
DA:45,1
DA:48,1
DA:51,1
DA:54,1
DA:57,0
DA:61,2
DA:63,2
DA:64,0
DA:65,0
DA:66,0
DA:68,0
DA:72,2
DA:78,2
LF:34
LH:27
BRF:0
BRH:0
end_of_record
TN:
SF:routes/product.route.js
FN:12,addProduct
FN:16,(anonymous_1)
FN:17,(anonymous_2)
FN:23,getProduct
FN:26,(anonymous_4)
FN:27,(anonymous_5)
FN:33,updateProduct
FN:36,(anonymous_7)
FN:37,(anonymous_8)
FN:43,deleteProduct
FN:46,(anonymous_10)
FN:47,(anonymous_11)
FNF:12
FNH:0
FNDA:0,addProduct
FNDA:0,(anonymous_1)
FNDA:0,(anonymous_2)
FNDA:0,getProduct
FNDA:0,(anonymous_4)
FNDA:0,(anonymous_5)
FNDA:0,updateProduct
FNDA:0,(anonymous_7)
FNDA:0,(anonymous_8)
FNDA:0,deleteProduct
FNDA:0,(anonymous_10)
FNDA:0,(anonymous_11)
DA:3,2
DA:4,2
DA:5,2
DA:7,2
DA:8,2
DA:9,2
DA:10,2
DA:14,0
DA:15,0
DA:16,0
DA:17,0
DA:19,0
DA:24,0
DA:25,0
DA:26,0
DA:27,0
DA:29,0
DA:34,0
DA:35,0
DA:36,0
DA:37,0
DA:39,0
DA:44,0
DA:45,0
DA:46,0
DA:47,0
DA:49,0
DA:55,2
LF:28
LH:8
BRF:0
BRH:0
end_of_record
TN:
SF:routes/productOrder.rote.js
FN:12,addProductOrder
FN:20,(anonymous_1)
FN:21,(anonymous_2)
FN:27,getProductOrder
FN:30,(anonymous_4)
FN:31,(anonymous_5)
FN:37,updateProductOrder
FN:40,(anonymous_7)
FN:41,(anonymous_8)
FN:47,deleteProductOrder
FN:50,(anonymous_10)
FN:51,(anonymous_11)
FNF:12
FNH:0
FNDA:0,addProductOrder
FNDA:0,(anonymous_1)
FNDA:0,(anonymous_2)
FNDA:0,getProductOrder
FNDA:0,(anonymous_4)
FNDA:0,(anonymous_5)
FNDA:0,updateProductOrder
FNDA:0,(anonymous_7)
FNDA:0,(anonymous_8)
FNDA:0,deleteProductOrder
FNDA:0,(anonymous_10)
FNDA:0,(anonymous_11)
DA:3,2
DA:4,2
DA:5,2
DA:7,2
DA:8,2
DA:9,2
DA:10,2
DA:14,0
DA:15,0
DA:19,0
DA:20,0
DA:21,0
DA:23,0
DA:28,0
DA:29,0
DA:30,0
DA:31,0
DA:33,0
DA:38,0
DA:39,0
DA:40,0
DA:41,0
DA:43,0
DA:48,0
DA:49,0
DA:50,0
DA:51,0
DA:53,0
DA:57,2
LF:29
LH:8
BRF:0
BRH:0
end_of_record
TN:
SF:routes/tripRequest.route.js
FN:12,addTripRequest
FN:15,(anonymous_1)
FN:16,(anonymous_2)
FN:22,getTripRequest
FN:25,(anonymous_4)
FN:28,(anonymous_5)
FN:34,updateTripRequest
FN:37,(anonymous_7)
FN:38,(anonymous_8)
FN:44,deleteTripRequest
FN:47,(anonymous_10)
FN:48,(anonymous_11)
FN:53,getUserWithRequest
FNF:13
FNH:9
FNDA:1,addTripRequest
FNDA:1,(anonymous_1)
FNDA:0,(anonymous_2)
FNDA:1,getTripRequest
FNDA:1,(anonymous_4)
FNDA:0,(anonymous_5)
FNDA:1,updateTripRequest
FNDA:1,(anonymous_7)
FNDA:0,(anonymous_8)
FNDA:1,deleteTripRequest
FNDA:1,(anonymous_10)
FNDA:0,(anonymous_11)
FNDA:1,getUserWithRequest
DA:3,2
DA:4,2
DA:5,2
DA:7,2
DA:8,2
DA:9,2
DA:10,2
DA:13,1
DA:14,1
DA:15,1
DA:16,0
DA:18,0
DA:23,1
DA:24,1
DA:26,1
DA:28,0
DA:30,0
DA:35,1
DA:36,1
DA:37,1
DA:38,0
DA:40,0
DA:45,1
DA:46,1
DA:47,1
DA:48,0
DA:50,0
DA:54,1
DA:55,1
DA:56,1
DA:58,0
DA:62,2
DA:63,2
LF:33
LH:24
BRF:0
BRH:0
end_of_record
TN:
SF:routes/user.js
FN:14,(anonymous_0)
FN:17,(anonymous_1)
FN:25,(anonymous_2)
FN:38,(anonymous_3)
FN:75,(anonymous_4)
FN:104,(anonymous_5)
FN:115,(anonymous_6)
FN:131,(anonymous_7)
FNF:8
FNH:2
FNDA:0,(anonymous_0)
FNDA:0,(anonymous_1)
FNDA:0,(anonymous_2)
FNDA:1,(anonymous_3)
FNDA:0,(anonymous_4)
FNDA:0,(anonymous_5)
FNDA:0,(anonymous_6)
FNDA:1,(anonymous_7)
DA:1,2
DA:4,2
DA:5,2
DA:6,2
DA:7,2
DA:9,2
DA:10,2
DA:11,2
DA:13,2
DA:15,0
DA:18,0
DA:22,2
DA:26,0
DA:27,0
DA:28,0
DA:30,0
DA:31,0
DA:33,0
DA:38,2
DA:39,1
DA:40,1
DA:41,1
DA:42,1
DA:43,0
DA:54,1
DA:64,1
DA:65,1
DA:69,0
DA:73,2
DA:75,2
DA:76,0
DA:78,0
DA:79,0
DA:80,0
DA:81,0
DA:82,0
DA:83,0
DA:84,0
DA:85,0
DA:88,0
DA:94,0
DA:99,0
DA:102,2
DA:104,2
DA:105,0
DA:106,0
DA:107,0
DA:109,0
DA:113,2
DA:115,2
DA:116,0
DA:117,0
DA:118,0
DA:119,0
DA:122,0
DA:125,0
DA:129,2
DA:131,2
DA:132,1
DA:133,1
DA:134,1
DA:135,1
DA:137,0
DA:140,2
DA:147,2
LF:65
LH:32
BRDA:30,0,0,0
BRDA:30,0,1,0
BRDA:30,1,0,0
BRDA:30,1,1,0
BRDA:42,2,0,0
BRDA:42,2,1,1
BRDA:65,3,0,1
BRDA:65,3,1,0
BRDA:82,4,0,0
BRDA:82,4,1,0
BRDA:84,5,0,0
BRDA:84,5,1,0
BRF:12
BRH:2
end_of_record
